<?xml version="1.0" encoding="UTF-8"?>
<!-- Generated by org.testng.reporters.JUnitXMLReporter -->
<testsuite ignored="0" hostname="med000008316" failures="1" tests="9" name="Test_01" time="62.381" errors="0" timestamp="20 feb. 2019 20:16:17 GMT+00:00">
  <testcase classname="died_procesos_generales.pgLoginTest.LoginTest" name="logInToTheSessionCaseTest01" time="9.04"/>
  <testcase classname="died_procesos_generales.pgLoginTest.LoginTest" name="logInToTheSessionCaseTest02" time="5.03"/>
  <testcase classname="died_procesos_generales.pgLoginTest.LoginTest" name="logInToTheSessionCaseTest03" time="4.944">
    <skipped/>
  </testcase> <!-- logInToTheSessionCaseTest03 -->
  <testcase classname="died_procesos_generales.pgLoginTest.LoginTest" name="logInToTheSessionCaseTest03" time="5.642">
    <failure type="org.openqa.selenium.NoSuchElementException" message="no such element: Unable to locate element: {&amp;quot;method&amp;quot;:&amp;quot;xpath&amp;quot;,&amp;quot;selector&amp;quot;:&amp;quot;//*[@id=&amp;quot;usuario_sec_documento-error&amp;quot;]&amp;quot;}
  (Session info: chrome=72.0.3626.109)
  (Driver info: chromedriver=2.36.540470 (e522d04694c7ebea4ba8821272dbef4f9b818c91),platform=Windows NT 6.3.9600 x86_64) (WARNING: The server did not provide any stacktrace information)
Command duration or timeout: 0 milliseconds
For documentation on this error, please visit: http://seleniumhq.org/exceptions/no_such_element.html
Build info: version: &amp;apos;3.6.0&amp;apos;, revision: &amp;apos;6fbf3ec767&amp;apos;, time: &amp;apos;2017-09-27T15:28:36.4Z&amp;apos;
System info: host: &amp;apos;MED000008316&amp;apos;, ip: &amp;apos;11.35.123.24&amp;apos;, os.name: &amp;apos;Windows 8.1&amp;apos;, os.arch: &amp;apos;amd64&amp;apos;, os.version: &amp;apos;6.3&amp;apos;, java.version: &amp;apos;10.0.1&amp;apos;
Driver info: org.openqa.selenium.chrome.ChromeDriver
Capabilities [{mobileEmulationEnabled=false, hasTouchScreen=false, platform=XP, acceptSslCerts=false, acceptInsecureCerts=false, webStorageEnabled=true, browserName=chrome, takesScreenshot=true, javascriptEnabled=true, platformName=XP, setWindowRect=true, unexpectedAlertBehaviour=, applicationCacheEnabled=false, rotatable=false, networkConnectionEnabled=false, chrome={chromedriverVersion=2.36.540470 (e522d04694c7ebea4ba8821272dbef4f9b818c91), userDataDir=C:\Users\ASIHUI~1\AppData\Local\Temp\scoped_dir13084_10732}, takesHeapSnapshot=true, pageLoadStrategy=normal, unhandledPromptBehavior=, databaseEnabled=false, handlesAlerts=true, version=72.0.3626.109, browserConnectionEnabled=false, nativeEvents=true, locationContextEnabled=true, cssSelectorsEnabled=true}]
Session ID: f584452b3f4b27c315ad8f0bbfb30747
*** Element info: {Using=xpath, value=//*[@id=&amp;quot;usuario_sec_documento-error&amp;quot;]}">
      <![CDATA[org.openqa.selenium.NoSuchElementException: no such element: Unable to locate element: {"method":"xpath","selector":"//*[@id="usuario_sec_documento-error"]"}
  (Session info: chrome=72.0.3626.109)
  (Driver info: chromedriver=2.36.540470 (e522d04694c7ebea4ba8821272dbef4f9b818c91),platform=Windows NT 6.3.9600 x86_64) (WARNING: The server did not provide any stacktrace information)
Command duration or timeout: 0 milliseconds
For documentation on this error, please visit: http://seleniumhq.org/exceptions/no_such_element.html
Build info: version: '3.6.0', revision: '6fbf3ec767', time: '2017-09-27T15:28:36.4Z'
System info: host: 'MED000008316', ip: '11.35.123.24', os.name: 'Windows 8.1', os.arch: 'amd64', os.version: '6.3', java.version: '10.0.1'
Driver info: org.openqa.selenium.chrome.ChromeDriver
Capabilities [{mobileEmulationEnabled=false, hasTouchScreen=false, platform=XP, acceptSslCerts=false, acceptInsecureCerts=false, webStorageEnabled=true, browserName=chrome, takesScreenshot=true, javascriptEnabled=true, platformName=XP, setWindowRect=true, unexpectedAlertBehaviour=, applicationCacheEnabled=false, rotatable=false, networkConnectionEnabled=false, chrome={chromedriverVersion=2.36.540470 (e522d04694c7ebea4ba8821272dbef4f9b818c91), userDataDir=C:\Users\ASIHUI~1\AppData\Local\Temp\scoped_dir13084_10732}, takesHeapSnapshot=true, pageLoadStrategy=normal, unhandledPromptBehavior=, databaseEnabled=false, handlesAlerts=true, version=72.0.3626.109, browserConnectionEnabled=false, nativeEvents=true, locationContextEnabled=true, cssSelectorsEnabled=true}]
Session ID: f584452b3f4b27c315ad8f0bbfb30747
*** Element info: {Using=xpath, value=//*[@id="usuario_sec_documento-error"]}
	at org.openqa.selenium.remote.ErrorHandler.createThrowable(ErrorHandler.java:214)
	at org.openqa.selenium.remote.ErrorHandler.throwIfResponseFailed(ErrorHandler.java:166)
	at org.openqa.selenium.remote.http.JsonHttpResponseCodec.reconstructValue(JsonHttpResponseCodec.java:40)
	at org.openqa.selenium.remote.http.AbstractHttpResponseCodec.decode(AbstractHttpResponseCodec.java:82)
	at org.openqa.selenium.remote.http.AbstractHttpResponseCodec.decode(AbstractHttpResponseCodec.java:45)
	at org.openqa.selenium.remote.HttpCommandExecutor.execute(HttpCommandExecutor.java:164)
	at org.openqa.selenium.remote.service.DriverCommandExecutor.execute(DriverCommandExecutor.java:83)
	at org.openqa.selenium.remote.RemoteWebDriver.execute(RemoteWebDriver.java:586)
	at org.openqa.selenium.remote.RemoteWebDriver.findElement(RemoteWebDriver.java:356)
	at org.openqa.selenium.remote.RemoteWebDriver.findElementByXPath(RemoteWebDriver.java:458)
	at org.openqa.selenium.By$ByXPath.findElement(By.java:361)
	at org.openqa.selenium.remote.RemoteWebDriver.findElement(RemoteWebDriver.java:348)
	at objectDriver.BasePages.readText(BasePages.java:39)
	at died_procesos_generales.pgLoginPage.LoginPage.verifyLoginUserName_aroundBody2(LoginPage.java:117)
	at died_procesos_generales.pgLoginPage.LoginPage$AjcClosure3.run(LoginPage.java:1)
	at io.qameta.allure.aspects.StepsAspects.step(StepsAspects.java:46)
	at died_procesos_generales.pgLoginPage.LoginPage.verifyLoginUserName(LoginPage.java:117)
	at died_procesos_generales.pgLoginTest.LoginTest.logInToTheSessionCaseTest03(LoginTest.java:114)
... Removed 30 stack frames]]>
    </failure>
  </testcase> <!-- logInToTheSessionCaseTest03 -->
  <testcase classname="died_procesos_generales.pgLoginTest.LoginTest" name="logInToTheSessionCaseTest04" time="2.993"/>
  <testcase classname="died_procesos_generales.pgLoginTest.LoginTest" name="logInToTheSessionCaseTest05" time="3.313"/>
  <testcase classname="died_procesos_generales.pgLoginTest.LoginTest" name="logInToTheSessionCaseTest06" time="5.372"/>
  <testcase classname="died_procesos_generales.pgLoginTest.LoginTest" name="logInToTheSessionCaseTest07" time="6.069"/>
  <testcase classname="died_procesos_generales.pgLoginTest.LoginTest" name="logInToTheSessionCaseTest08" time="6.699"/>
</testsuite> <!-- Test_01 -->
