<?xml version="1.0" encoding="UTF-8"?>
<!-- Generated by org.testng.reporters.JUnitXMLReporter -->
<testsuite ignored="0" hostname="med000008316" failures="1" tests="13" name="Test_02" time="150.965" errors="0" timestamp="20 feb. 2019 19:34:00 GMT+00:00">
  <testcase classname="died_procesos_generales.pgForgotPassTest.ForgotPassTest" name="ForgotPassCaseTest01" time="45.525"/>
  <testcase classname="died_procesos_generales.pgForgotPassTest.ForgotPassTest" name="ForgotPassCaseTest02" time="9.275">
    <skipped/>
  </testcase> <!-- ForgotPassCaseTest02 -->
  <testcase classname="died_procesos_generales.pgForgotPassTest.ForgotPassTest" name="ForgotPassCaseTest02" time="9.016">
    <failure type="java.lang.AssertionError" message="expected [Por favor revisar el código de validación enviado a su celular, puede que tarde unos minutos en llegarle.] but found [Usted tiene una petición generada, espere 2 minutos e intente de nuevo.]">
      <![CDATA[java.lang.AssertionError: expected [Por favor revisar el código de validación enviado a su celular, puede que tarde unos minutos en llegarle.] but found [Usted tiene una petición generada, espere 2 minutos e intente de nuevo.]
	at died_procesos_generales.pgForgotPassPage.ForgotPassPage.verifyMessage01_aroundBody18(ForgotPassPage.java:247)
	at died_procesos_generales.pgForgotPassPage.ForgotPassPage$AjcClosure19.run(ForgotPassPage.java:1)
	at io.qameta.allure.aspects.StepsAspects.step(StepsAspects.java:46)
	at died_procesos_generales.pgForgotPassPage.ForgotPassPage.verifyMessage01(ForgotPassPage.java:247)
	at died_procesos_generales.pgForgotPassTest.ForgotPassTest.ForgotPassCaseTest02(ForgotPassTest.java:88)
... Removed 32 stack frames]]>
    </failure>
  </testcase> <!-- ForgotPassCaseTest02 -->
  <testcase classname="died_procesos_generales.pgForgotPassTest.ForgotPassTest" name="ForgotPassCaseTest03" time="5.046"/>
  <testcase classname="died_procesos_generales.pgForgotPassTest.ForgotPassTest" name="ForgotPassCaseTest04" time="6.581"/>
  <testcase classname="died_procesos_generales.pgForgotPassTest.ForgotPassTest" name="ForgotPassCaseTest05" time="7.51"/>
  <testcase classname="died_procesos_generales.pgForgotPassTest.ForgotPassTest" name="ForgotPassCaseTest06" time="6.013"/>
  <testcase classname="died_procesos_generales.pgForgotPassTest.ForgotPassTest" name="ForgotPassCaseTest07" time="5.697"/>
  <testcase classname="died_procesos_generales.pgForgotPassTest.ForgotPassTest" name="ForgotPassCaseTest08" time="8.717"/>
  <testcase classname="died_procesos_generales.pgForgotPassTest.ForgotPassTest" name="ForgotPassCaseTest09" time="7.0"/>
  <testcase classname="died_procesos_generales.pgForgotPassTest.ForgotPassTest" name="ForgotPassCaseTest10" time="7.031"/>
  <testcase classname="died_procesos_generales.pgForgotPassTest.ForgotPassTest" name="ForgotPassCaseTest11" time="10.736"/>
  <testcase classname="died_procesos_generales.pgForgotPassTest.ForgotPassTest" name="ForgotPassCaseTest12" time="7.706"/>
</testsuite> <!-- Test_02 -->
