<html>
<head>
<title>TestNG:  Test_02</title>
<link href="../testng.css" rel="stylesheet" type="text/css" />
<link href="../my-testng.css" rel="stylesheet" type="text/css" />

<style type="text/css">
.log { display: none;} 
.stack-trace { display: none;} 
</style>
<script type="text/javascript">
<!--
function flip(e) {
  current = e.style.display;
  if (current == 'block') {
    e.style.display = 'none';
    return 0;
  }
  else {
    e.style.display = 'block';
    return 1;
  }
}

function toggleBox(szDivId, elem, msg1, msg2)
{
  var res = -1;  if (document.getElementById) {
    res = flip(document.getElementById(szDivId));
  }
  else if (document.all) {
    // this is the way old msie versions work
    res = flip(document.all[szDivId]);
  }
  if(elem) {
    if(res == 0) elem.innerHTML = msg1; else elem.innerHTML = msg2;
  }

}

function toggleAllBoxes() {
  if (document.getElementsByTagName) {
    d = document.getElementsByTagName('div');
    for (i = 0; i < d.length; i++) {
      if (d[i].className == 'log') {
        flip(d[i]);
      }
    }
  }
}

// -->
</script>

</head>
<body>
<h2 align='center'>Test_02</h2><table border='1' align="center">
<tr>
<td>Tests passed/Failed/Skipped:</td><td>11/1/1</td>
</tr><tr>
<td>Started on:</td><td>Wed Feb 20 14:31:29 COT 2019</td>
</tr>
<tr><td>Total time:</td><td>150 seconds (150965 ms)</td>
</tr><tr>
<td>Included groups:</td><td></td>
</tr><tr>
<td>Excluded groups:</td><td></td>
</tr>
</table><p/>
<small><i>(Hover the method name to see the test class name)</i></small><p/>
<table width='100%' border='1' class='invocation-failed'>
<tr><td colspan='4' align='center'><b>FAILED TESTS</b></td></tr>
<tr><td><b>Test method</b></td>
<td width="30%"><b>Exception</b></td>
<td width="10%"><b>Time (seconds)</b></td>
<td><b>Instance</b></td>
</tr>
<tr>
<td title='died_procesos_generales.pgForgotPassTest.ForgotPassTest.ForgotPassCaseTest02()'><b>ForgotPassCaseTest02</b><br>Test class: died_procesos_generales.pgForgotPassTest.ForgotPassTest</td>
<td><div><pre>java.lang.AssertionError: expected [Por favor revisar el código de validación enviado a su celular, puede que tarde unos minutos en llegarle.] but found [Usted tiene una petición generada, espere 2 minutos e intente de nuevo.]
	at died_procesos_generales.pgForgotPassPage.ForgotPassPage.verifyMessage01_aroundBody18(ForgotPassPage.java:247)
	at died_procesos_generales.pgForgotPassPage.ForgotPassPage$AjcClosure19.run(ForgotPassPage.java:1)
	at io.qameta.allure.aspects.StepsAspects.step(StepsAspects.java:46)
	at died_procesos_generales.pgForgotPassPage.ForgotPassPage.verifyMessage01(ForgotPassPage.java:247)
	at died_procesos_generales.pgForgotPassTest.ForgotPassTest.ForgotPassCaseTest02(ForgotPassTest.java:88)
... Removed 32 stack frames</pre></div><a href='#' onClick='toggleBox("stack-trace1816626863", this, "Click to show all stack frames", "Click to hide stack frames")'>Click to show all stack frames</a>
<div class='stack-trace' id='stack-trace1816626863'><pre>java.lang.AssertionError: expected [Por favor revisar el código de validación enviado a su celular, puede que tarde unos minutos en llegarle.] but found [Usted tiene una petición generada, espere 2 minutos e intente de nuevo.]
	at org.testng.Assert.fail(Assert.java:93)
	at org.testng.Assert.failNotEquals(Assert.java:512)
	at org.testng.Assert.assertEqualsImpl(Assert.java:134)
	at org.testng.Assert.assertEquals(Assert.java:115)
	at org.testng.Assert.assertEquals(Assert.java:189)
	at org.testng.Assert.assertEquals(Assert.java:199)
	at died_procesos_generales.pgForgotPassPage.ForgotPassPage.verifyMessage01_aroundBody18(ForgotPassPage.java:247)
	at died_procesos_generales.pgForgotPassPage.ForgotPassPage$AjcClosure19.run(ForgotPassPage.java:1)
	at org.aspectj.runtime.reflect.JoinPointImpl.proceed(JoinPointImpl.java:149)
	at io.qameta.allure.aspects.StepsAspects.step(StepsAspects.java:46)
	at died_procesos_generales.pgForgotPassPage.ForgotPassPage.verifyMessage01(ForgotPassPage.java:247)
	at died_procesos_generales.pgForgotPassTest.ForgotPassTest.ForgotPassCaseTest02(ForgotPassTest.java:88)
	at java.base/jdk.internal.reflect.NativeMethodAccessorImpl.invoke0(Native Method)
	at java.base/jdk.internal.reflect.NativeMethodAccessorImpl.invoke(Unknown Source)
	at java.base/jdk.internal.reflect.DelegatingMethodAccessorImpl.invoke(Unknown Source)
	at java.base/java.lang.reflect.Method.invoke(Unknown Source)
	at org.testng.internal.MethodInvocationHelper.invokeMethod(MethodInvocationHelper.java:108)
	at org.testng.internal.Invoker.invokeMethod(Invoker.java:661)
	at org.testng.internal.Invoker.retryFailed(Invoker.java:1014)
	at org.testng.internal.Invoker.invokeTestMethods(Invoker.java:1215)
	at org.testng.internal.TestMethodWorker.invokeTestMethods(TestMethodWorker.java:126)
	at org.testng.internal.TestMethodWorker.run(TestMethodWorker.java:109)
	at org.testng.TestRunner.privateRun(TestRunner.java:744)
	at org.testng.TestRunner.run(TestRunner.java:602)
	at org.testng.SuiteRunner.runTest(SuiteRunner.java:380)
	at org.testng.SuiteRunner.runSequentially(SuiteRunner.java:375)
	at org.testng.SuiteRunner.privateRun(SuiteRunner.java:340)
	at org.testng.SuiteRunner.run(SuiteRunner.java:289)
	at org.testng.SuiteRunnerWorker.runSuite(SuiteRunnerWorker.java:52)
	at org.testng.SuiteRunnerWorker.run(SuiteRunnerWorker.java:86)
	at org.testng.TestNG.runSuitesSequentially(TestNG.java:1301)
	at org.testng.TestNG.runSuitesLocally(TestNG.java:1226)
	at org.testng.TestNG.runSuites(TestNG.java:1144)
	at org.testng.TestNG.run(TestNG.java:1115)
	at org.testng.remote.AbstractRemoteTestNG.run(AbstractRemoteTestNG.java:114)
	at org.testng.remote.RemoteTestNG.initAndRun(RemoteTestNG.java:251)
	at org.testng.remote.RemoteTestNG.main(RemoteTestNG.java:77)
</pre></div></td>
<td>9</td>
<td>died_procesos_generales.pgForgotPassTest.ForgotPassTest@7435a578</td></tr>
</table><p>
<table width='100%' border='1' class='invocation-passed'>
<tr><td colspan='4' align='center'><b>PASSED TESTS</b></td></tr>
<tr><td><b>Test method</b></td>
<td width="30%"><b>Exception</b></td>
<td width="10%"><b>Time (seconds)</b></td>
<td><b>Instance</b></td>
</tr>
<tr>
<td title='died_procesos_generales.pgForgotPassTest.ForgotPassTest.ForgotPassCaseTest01()'><b>ForgotPassCaseTest01</b><br>Test class: died_procesos_generales.pgForgotPassTest.ForgotPassTest</td>
<td></td>
<td>45</td>
<td>died_procesos_generales.pgForgotPassTest.ForgotPassTest@7435a578</td></tr>
<tr>
<td title='died_procesos_generales.pgForgotPassTest.ForgotPassTest.ForgotPassCaseTest03()'><b>ForgotPassCaseTest03</b><br>Test class: died_procesos_generales.pgForgotPassTest.ForgotPassTest</td>
<td></td>
<td>5</td>
<td>died_procesos_generales.pgForgotPassTest.ForgotPassTest@7435a578</td></tr>
<tr>
<td title='died_procesos_generales.pgForgotPassTest.ForgotPassTest.ForgotPassCaseTest04()'><b>ForgotPassCaseTest04</b><br>Test class: died_procesos_generales.pgForgotPassTest.ForgotPassTest</td>
<td></td>
<td>6</td>
<td>died_procesos_generales.pgForgotPassTest.ForgotPassTest@7435a578</td></tr>
<tr>
<td title='died_procesos_generales.pgForgotPassTest.ForgotPassTest.ForgotPassCaseTest05()'><b>ForgotPassCaseTest05</b><br>Test class: died_procesos_generales.pgForgotPassTest.ForgotPassTest</td>
<td></td>
<td>7</td>
<td>died_procesos_generales.pgForgotPassTest.ForgotPassTest@7435a578</td></tr>
<tr>
<td title='died_procesos_generales.pgForgotPassTest.ForgotPassTest.ForgotPassCaseTest06()'><b>ForgotPassCaseTest06</b><br>Test class: died_procesos_generales.pgForgotPassTest.ForgotPassTest</td>
<td></td>
<td>6</td>
<td>died_procesos_generales.pgForgotPassTest.ForgotPassTest@7435a578</td></tr>
<tr>
<td title='died_procesos_generales.pgForgotPassTest.ForgotPassTest.ForgotPassCaseTest07()'><b>ForgotPassCaseTest07</b><br>Test class: died_procesos_generales.pgForgotPassTest.ForgotPassTest</td>
<td></td>
<td>5</td>
<td>died_procesos_generales.pgForgotPassTest.ForgotPassTest@7435a578</td></tr>
<tr>
<td title='died_procesos_generales.pgForgotPassTest.ForgotPassTest.ForgotPassCaseTest08()'><b>ForgotPassCaseTest08</b><br>Test class: died_procesos_generales.pgForgotPassTest.ForgotPassTest</td>
<td></td>
<td>8</td>
<td>died_procesos_generales.pgForgotPassTest.ForgotPassTest@7435a578</td></tr>
<tr>
<td title='died_procesos_generales.pgForgotPassTest.ForgotPassTest.ForgotPassCaseTest09()'><b>ForgotPassCaseTest09</b><br>Test class: died_procesos_generales.pgForgotPassTest.ForgotPassTest</td>
<td></td>
<td>7</td>
<td>died_procesos_generales.pgForgotPassTest.ForgotPassTest@7435a578</td></tr>
<tr>
<td title='died_procesos_generales.pgForgotPassTest.ForgotPassTest.ForgotPassCaseTest10()'><b>ForgotPassCaseTest10</b><br>Test class: died_procesos_generales.pgForgotPassTest.ForgotPassTest</td>
<td></td>
<td>7</td>
<td>died_procesos_generales.pgForgotPassTest.ForgotPassTest@7435a578</td></tr>
<tr>
<td title='died_procesos_generales.pgForgotPassTest.ForgotPassTest.ForgotPassCaseTest11()'><b>ForgotPassCaseTest11</b><br>Test class: died_procesos_generales.pgForgotPassTest.ForgotPassTest</td>
<td></td>
<td>10</td>
<td>died_procesos_generales.pgForgotPassTest.ForgotPassTest@7435a578</td></tr>
<tr>
<td title='died_procesos_generales.pgForgotPassTest.ForgotPassTest.ForgotPassCaseTest12()'><b>ForgotPassCaseTest12</b><br>Test class: died_procesos_generales.pgForgotPassTest.ForgotPassTest</td>
<td></td>
<td>7</td>
<td>died_procesos_generales.pgForgotPassTest.ForgotPassTest@7435a578</td></tr>
</table><p>
<table width='100%' border='1' class='invocation-skipped'>
<tr><td colspan='4' align='center'><b>SKIPPED TESTS</b></td></tr>
<tr><td><b>Test method</b></td>
<td width="30%"><b>Exception</b></td>
<td width="10%"><b>Time (seconds)</b></td>
<td><b>Instance</b></td>
</tr>
<tr>
<td title='died_procesos_generales.pgForgotPassTest.ForgotPassTest.ForgotPassCaseTest02()'><b>ForgotPassCaseTest02</b><br>Test class: died_procesos_generales.pgForgotPassTest.ForgotPassTest</td>
<td><div><pre>java.lang.AssertionError: expected [Por favor revisar el código de validación enviado a su celular, puede que tarde unos minutos en llegarle.] but found [Usted tiene una petición generada, espere 2 minutos e intente de nuevo.]
	at died_procesos_generales.pgForgotPassPage.ForgotPassPage.verifyMessage01_aroundBody18(ForgotPassPage.java:247)
	at died_procesos_generales.pgForgotPassPage.ForgotPassPage$AjcClosure19.run(ForgotPassPage.java:1)
	at io.qameta.allure.aspects.StepsAspects.step(StepsAspects.java:46)
	at died_procesos_generales.pgForgotPassPage.ForgotPassPage.verifyMessage01(ForgotPassPage.java:247)
	at died_procesos_generales.pgForgotPassTest.ForgotPassTest.ForgotPassCaseTest02(ForgotPassTest.java:88)
... Removed 32 stack frames</pre></div><a href='#' onClick='toggleBox("stack-trace309135464", this, "Click to show all stack frames", "Click to hide stack frames")'>Click to show all stack frames</a>
<div class='stack-trace' id='stack-trace309135464'><pre>java.lang.AssertionError: expected [Por favor revisar el código de validación enviado a su celular, puede que tarde unos minutos en llegarle.] but found [Usted tiene una petición generada, espere 2 minutos e intente de nuevo.]
	at org.testng.Assert.fail(Assert.java:93)
	at org.testng.Assert.failNotEquals(Assert.java:512)
	at org.testng.Assert.assertEqualsImpl(Assert.java:134)
	at org.testng.Assert.assertEquals(Assert.java:115)
	at org.testng.Assert.assertEquals(Assert.java:189)
	at org.testng.Assert.assertEquals(Assert.java:199)
	at died_procesos_generales.pgForgotPassPage.ForgotPassPage.verifyMessage01_aroundBody18(ForgotPassPage.java:247)
	at died_procesos_generales.pgForgotPassPage.ForgotPassPage$AjcClosure19.run(ForgotPassPage.java:1)
	at org.aspectj.runtime.reflect.JoinPointImpl.proceed(JoinPointImpl.java:149)
	at io.qameta.allure.aspects.StepsAspects.step(StepsAspects.java:46)
	at died_procesos_generales.pgForgotPassPage.ForgotPassPage.verifyMessage01(ForgotPassPage.java:247)
	at died_procesos_generales.pgForgotPassTest.ForgotPassTest.ForgotPassCaseTest02(ForgotPassTest.java:88)
	at java.base/jdk.internal.reflect.NativeMethodAccessorImpl.invoke0(Native Method)
	at java.base/jdk.internal.reflect.NativeMethodAccessorImpl.invoke(Unknown Source)
	at java.base/jdk.internal.reflect.DelegatingMethodAccessorImpl.invoke(Unknown Source)
	at java.base/java.lang.reflect.Method.invoke(Unknown Source)
	at org.testng.internal.MethodInvocationHelper.invokeMethod(MethodInvocationHelper.java:108)
	at org.testng.internal.Invoker.invokeMethod(Invoker.java:661)
	at org.testng.internal.Invoker.invokeTestMethod(Invoker.java:869)
	at org.testng.internal.Invoker.invokeTestMethods(Invoker.java:1193)
	at org.testng.internal.TestMethodWorker.invokeTestMethods(TestMethodWorker.java:126)
	at org.testng.internal.TestMethodWorker.run(TestMethodWorker.java:109)
	at org.testng.TestRunner.privateRun(TestRunner.java:744)
	at org.testng.TestRunner.run(TestRunner.java:602)
	at org.testng.SuiteRunner.runTest(SuiteRunner.java:380)
	at org.testng.SuiteRunner.runSequentially(SuiteRunner.java:375)
	at org.testng.SuiteRunner.privateRun(SuiteRunner.java:340)
	at org.testng.SuiteRunner.run(SuiteRunner.java:289)
	at org.testng.SuiteRunnerWorker.runSuite(SuiteRunnerWorker.java:52)
	at org.testng.SuiteRunnerWorker.run(SuiteRunnerWorker.java:86)
	at org.testng.TestNG.runSuitesSequentially(TestNG.java:1301)
	at org.testng.TestNG.runSuitesLocally(TestNG.java:1226)
	at org.testng.TestNG.runSuites(TestNG.java:1144)
	at org.testng.TestNG.run(TestNG.java:1115)
	at org.testng.remote.AbstractRemoteTestNG.run(AbstractRemoteTestNG.java:114)
	at org.testng.remote.RemoteTestNG.initAndRun(RemoteTestNG.java:251)
	at org.testng.remote.RemoteTestNG.main(RemoteTestNG.java:77)
</pre></div></td>
<td>9</td>
<td>died_procesos_generales.pgForgotPassTest.ForgotPassTest@7435a578</td></tr>
</table><p>
</body>
</html>