<html>
<head>
<title>TestNG:  Test_03</title>
<link href="../testng.css" rel="stylesheet" type="text/css" />
<link href="../my-testng.css" rel="stylesheet" type="text/css" />

<style type="text/css">
.log { display: none;} 
.stack-trace { display: none;} 
</style>
<script type="text/javascript">
<!--
function flip(e) {
  current = e.style.display;
  if (current == 'block') {
    e.style.display = 'none';
    return 0;
  }
  else {
    e.style.display = 'block';
    return 1;
  }
}

function toggleBox(szDivId, elem, msg1, msg2)
{
  var res = -1;  if (document.getElementById) {
    res = flip(document.getElementById(szDivId));
  }
  else if (document.all) {
    // this is the way old msie versions work
    res = flip(document.all[szDivId]);
  }
  if(elem) {
    if(res == 0) elem.innerHTML = msg1; else elem.innerHTML = msg2;
  }

}

function toggleAllBoxes() {
  if (document.getElementsByTagName) {
    d = document.getElementsByTagName('div');
    for (i = 0; i < d.length; i++) {
      if (d[i].className == 'log') {
        flip(d[i]);
      }
    }
  }
}

// -->
</script>

</head>
<body>
<h2 align='center'>Test_03</h2><table border='1' align="center">
<tr>
<td>Tests passed/Failed/Skipped:</td><td>10/0/1</td>
</tr><tr>
<td>Started on:</td><td>Thu Feb 21 12:04:34 COT 2019</td>
</tr>
<tr><td>Total time:</td><td>69 seconds (69335 ms)</td>
</tr><tr>
<td>Included groups:</td><td></td>
</tr><tr>
<td>Excluded groups:</td><td></td>
</tr>
</table><p/>
<small><i>(Hover the method name to see the test class name)</i></small><p/>
<table width='100%' border='1' class='invocation-passed'>
<tr><td colspan='4' align='center'><b>PASSED TESTS</b></td></tr>
<tr><td><b>Test method</b></td>
<td width="30%"><b>Exception</b></td>
<td width="10%"><b>Time (seconds)</b></td>
<td><b>Instance</b></td>
</tr>
<tr>
<td title='died_procesos_generales.pgForgotPassTest.PassSmsTest.SmsPassCaseTest01()'><b>SmsPassCaseTest01</b><br>Test class: died_procesos_generales.pgForgotPassTest.PassSmsTest</td>
<td></td>
<td>44</td>
<td>died_procesos_generales.pgForgotPassTest.PassSmsTest@6093d508</td></tr>
<tr>
<td title='died_procesos_generales.pgForgotPassTest.PassSmsTest.SmsPassCaseTest02()'><b>SmsPassCaseTest02</b><br>Test class: died_procesos_generales.pgForgotPassTest.PassSmsTest</td>
<td></td>
<td>0</td>
<td>died_procesos_generales.pgForgotPassTest.PassSmsTest@6093d508</td></tr>
<tr>
<td title='died_procesos_generales.pgForgotPassTest.PassSmsTest.SmsPassCaseTest03()'><b>SmsPassCaseTest03</b><br>Test class: died_procesos_generales.pgForgotPassTest.PassSmsTest</td>
<td></td>
<td>0</td>
<td>died_procesos_generales.pgForgotPassTest.PassSmsTest@6093d508</td></tr>
<tr>
<td title='died_procesos_generales.pgForgotPassTest.PassSmsTest.SmsPassCaseTest04()'><b>SmsPassCaseTest04</b><br>Test class: died_procesos_generales.pgForgotPassTest.PassSmsTest</td>
<td></td>
<td>0</td>
<td>died_procesos_generales.pgForgotPassTest.PassSmsTest@6093d508</td></tr>
<tr>
<td title='died_procesos_generales.pgForgotPassTest.PassSmsTest.SmsPassCaseTest05()'><b>SmsPassCaseTest05</b><br>Test class: died_procesos_generales.pgForgotPassTest.PassSmsTest</td>
<td></td>
<td>0</td>
<td>died_procesos_generales.pgForgotPassTest.PassSmsTest@6093d508</td></tr>
<tr>
<td title='died_procesos_generales.pgForgotPassTest.PassSmsTest.SmsPassCaseTest06()'><b>SmsPassCaseTest06</b><br>Test class: died_procesos_generales.pgForgotPassTest.PassSmsTest</td>
<td></td>
<td>0</td>
<td>died_procesos_generales.pgForgotPassTest.PassSmsTest@6093d508</td></tr>
<tr>
<td title='died_procesos_generales.pgForgotPassTest.PassSmsTest.SmsPassCaseTest07()'><b>SmsPassCaseTest07</b><br>Test class: died_procesos_generales.pgForgotPassTest.PassSmsTest</td>
<td></td>
<td>0</td>
<td>died_procesos_generales.pgForgotPassTest.PassSmsTest@6093d508</td></tr>
<tr>
<td title='died_procesos_generales.pgForgotPassTest.PassSmsTest.SmsPassCaseTest08()'><b>SmsPassCaseTest08</b><br>Test class: died_procesos_generales.pgForgotPassTest.PassSmsTest</td>
<td></td>
<td>0</td>
<td>died_procesos_generales.pgForgotPassTest.PassSmsTest@6093d508</td></tr>
<tr>
<td title='died_procesos_generales.pgForgotPassTest.PassSmsTest.SmsPassCaseTest09()'><b>SmsPassCaseTest09</b><br>Test class: died_procesos_generales.pgForgotPassTest.PassSmsTest</td>
<td></td>
<td>0</td>
<td>died_procesos_generales.pgForgotPassTest.PassSmsTest@6093d508</td></tr>
<tr>
<td title='died_procesos_generales.pgForgotPassTest.PassSmsTest.SmsPassCaseTest10()'><b>SmsPassCaseTest10</b><br>Test class: died_procesos_generales.pgForgotPassTest.PassSmsTest</td>
<td></td>
<td>0</td>
<td>died_procesos_generales.pgForgotPassTest.PassSmsTest@6093d508</td></tr>
</table><p>
<table width='100%' border='1' class='invocation-skipped'>
<tr><td colspan='4' align='center'><b>SKIPPED TESTS</b></td></tr>
<tr><td><b>Test method</b></td>
<td width="30%"><b>Exception</b></td>
<td width="10%"><b>Time (seconds)</b></td>
<td><b>Instance</b></td>
</tr>
<tr>
<td title='died_procesos_generales.pgForgotPassTest.PassSmsTest.SmsPassCaseTest10()'><b>SmsPassCaseTest10</b><br>Test class: died_procesos_generales.pgForgotPassTest.PassSmsTest</td>
<td><div><pre>org.openqa.selenium.WebDriverException: unknown error: Element &lt;input type=&quot;checkbox&quot; id=&quot;cb_mostrar_contrasenias_op_celular&quot; name=&quot;cb_mostrar_contrasenias_op_celular&quot; value=&quot;0&quot; style=&quot;width: 18px; height: 18px;&quot;&gt; is not clickable at point (1088, 471). Other element would receive the click: &lt;div class=&quot;modal-backdrop fade&quot;&gt;&lt;/div&gt;
  (Session info: chrome=72.0.3626.109)
  (Driver info: chromedriver=2.36.540470 (e522d04694c7ebea4ba8821272dbef4f9b818c91),platform=Windows NT 6.3.9600 x86_64) (WARNING: The server did not provide any stacktrace information)
Command duration or timeout: 0 milliseconds
Build info: version: &apos;3.6.0&apos;, revision: &apos;6fbf3ec767&apos;, time: &apos;2017-09-27T15:28:36.4Z&apos;
System info: host: &apos;MED000008316&apos;, ip: &apos;11.35.123.24&apos;, os.name: &apos;Windows 8.1&apos;, os.arch: &apos;amd64&apos;, os.version: &apos;6.3&apos;, java.version: &apos;10.0.1&apos;
Driver info: org.openqa.selenium.chrome.ChromeDriver
Capabilities [{mobileEmulationEnabled=false, hasTouchScreen=false, platform=XP, acceptSslCerts=false, acceptInsecureCerts=false, webStorageEnabled=true, browserName=chrome, takesScreenshot=true, javascriptEnabled=true, platformName=XP, setWindowRect=true, unexpectedAlertBehaviour=, applicationCacheEnabled=false, rotatable=false, networkConnectionEnabled=false, chrome={chromedriverVersion=2.36.540470 (e522d04694c7ebea4ba8821272dbef4f9b818c91), userDataDir=C:\Users\ASIHUI~1\AppData\Local\Temp\scoped_dir12144_30238}, takesHeapSnapshot=true, pageLoadStrategy=normal, unhandledPromptBehavior=, databaseEnabled=false, handlesAlerts=true, version=72.0.3626.109, browserConnectionEnabled=false, nativeEvents=true, locationContextEnabled=true, cssSelectorsEnabled=true}]
Session ID: 216a7647dc21fa4e3e8265bd720fbe66
	at org.openqa.selenium.remote.ErrorHandler.createThrowable(ErrorHandler.java:214)
	at org.openqa.selenium.remote.ErrorHandler.throwIfResponseFailed(ErrorHandler.java:166)
	at org.openqa.selenium.remote.http.JsonHttpResponseCodec.reconstructValue(JsonHttpResponseCodec.java:40)
	at org.openqa.selenium.remote.http.AbstractHttpResponseCodec.decode(AbstractHttpResponseCodec.java:82)
	at org.openqa.selenium.remote.http.AbstractHttpResponseCodec.decode(AbstractHttpResponseCodec.java:45)
	at org.openqa.selenium.remote.HttpCommandExecutor.execute(HttpCommandExecutor.java:164)
	at org.openqa.selenium.remote.service.DriverCommandExecutor.execute(DriverCommandExecutor.java:83)
	at org.openqa.selenium.remote.RemoteWebDriver.execute(RemoteWebDriver.java:586)
	at org.openqa.selenium.remote.RemoteWebElement.execute(RemoteWebElement.java:279)
	at org.openqa.selenium.remote.RemoteWebElement.click(RemoteWebElement.java:83)
	at objectDriver.BasePages.click(BasePages.java:24)
	at died_procesos_generales.pgForgotPassPage.PassCellPage.ConfSmsPass_aroundBody0(PassCellPage.java:54)
	at died_procesos_generales.pgForgotPassPage.PassCellPage$AjcClosure1.run(PassCellPage.java:1)
	at io.qameta.allure.aspects.StepsAspects.step(StepsAspects.java:46)
	at died_procesos_generales.pgForgotPassPage.PassCellPage.ConfSmsPass(PassCellPage.java:49)
	at died_procesos_generales.pgForgotPassTest.PassSmsTest.SmsPassCaseTest10(PassSmsTest.java:201)
... Removed 30 stack frames</pre></div><a href='#' onClick='toggleBox("stack-trace1551783332", this, "Click to show all stack frames", "Click to hide stack frames")'>Click to show all stack frames</a>
<div class='stack-trace' id='stack-trace1551783332'><pre>org.openqa.selenium.WebDriverException: unknown error: Element &lt;input type=&quot;checkbox&quot; id=&quot;cb_mostrar_contrasenias_op_celular&quot; name=&quot;cb_mostrar_contrasenias_op_celular&quot; value=&quot;0&quot; style=&quot;width: 18px; height: 18px;&quot;&gt; is not clickable at point (1088, 471). Other element would receive the click: &lt;div class=&quot;modal-backdrop fade&quot;&gt;&lt;/div&gt;
  (Session info: chrome=72.0.3626.109)
  (Driver info: chromedriver=2.36.540470 (e522d04694c7ebea4ba8821272dbef4f9b818c91),platform=Windows NT 6.3.9600 x86_64) (WARNING: The server did not provide any stacktrace information)
Command duration or timeout: 0 milliseconds
Build info: version: &apos;3.6.0&apos;, revision: &apos;6fbf3ec767&apos;, time: &apos;2017-09-27T15:28:36.4Z&apos;
System info: host: &apos;MED000008316&apos;, ip: &apos;11.35.123.24&apos;, os.name: &apos;Windows 8.1&apos;, os.arch: &apos;amd64&apos;, os.version: &apos;6.3&apos;, java.version: &apos;10.0.1&apos;
Driver info: org.openqa.selenium.chrome.ChromeDriver
Capabilities [{mobileEmulationEnabled=false, hasTouchScreen=false, platform=XP, acceptSslCerts=false, acceptInsecureCerts=false, webStorageEnabled=true, browserName=chrome, takesScreenshot=true, javascriptEnabled=true, platformName=XP, setWindowRect=true, unexpectedAlertBehaviour=, applicationCacheEnabled=false, rotatable=false, networkConnectionEnabled=false, chrome={chromedriverVersion=2.36.540470 (e522d04694c7ebea4ba8821272dbef4f9b818c91), userDataDir=C:\Users\ASIHUI~1\AppData\Local\Temp\scoped_dir12144_30238}, takesHeapSnapshot=true, pageLoadStrategy=normal, unhandledPromptBehavior=, databaseEnabled=false, handlesAlerts=true, version=72.0.3626.109, browserConnectionEnabled=false, nativeEvents=true, locationContextEnabled=true, cssSelectorsEnabled=true}]
Session ID: 216a7647dc21fa4e3e8265bd720fbe66
	at java.base/jdk.internal.reflect.NativeConstructorAccessorImpl.newInstance0(Native Method)
	at java.base/jdk.internal.reflect.NativeConstructorAccessorImpl.newInstance(Unknown Source)
	at java.base/jdk.internal.reflect.DelegatingConstructorAccessorImpl.newInstance(Unknown Source)
	at java.base/java.lang.reflect.Constructor.newInstance(Unknown Source)
	at org.openqa.selenium.remote.ErrorHandler.createThrowable(ErrorHandler.java:214)
	at org.openqa.selenium.remote.ErrorHandler.throwIfResponseFailed(ErrorHandler.java:166)
	at org.openqa.selenium.remote.http.JsonHttpResponseCodec.reconstructValue(JsonHttpResponseCodec.java:40)
	at org.openqa.selenium.remote.http.AbstractHttpResponseCodec.decode(AbstractHttpResponseCodec.java:82)
	at org.openqa.selenium.remote.http.AbstractHttpResponseCodec.decode(AbstractHttpResponseCodec.java:45)
	at org.openqa.selenium.remote.HttpCommandExecutor.execute(HttpCommandExecutor.java:164)
	at org.openqa.selenium.remote.service.DriverCommandExecutor.execute(DriverCommandExecutor.java:83)
	at org.openqa.selenium.remote.RemoteWebDriver.execute(RemoteWebDriver.java:586)
	at org.openqa.selenium.remote.RemoteWebElement.execute(RemoteWebElement.java:279)
	at org.openqa.selenium.remote.RemoteWebElement.click(RemoteWebElement.java:83)
	at objectDriver.BasePages.click(BasePages.java:24)
	at died_procesos_generales.pgForgotPassPage.PassCellPage.ConfSmsPass_aroundBody0(PassCellPage.java:54)
	at died_procesos_generales.pgForgotPassPage.PassCellPage$AjcClosure1.run(PassCellPage.java:1)
	at org.aspectj.runtime.reflect.JoinPointImpl.proceed(JoinPointImpl.java:149)
	at io.qameta.allure.aspects.StepsAspects.step(StepsAspects.java:46)
	at died_procesos_generales.pgForgotPassPage.PassCellPage.ConfSmsPass(PassCellPage.java:49)
	at died_procesos_generales.pgForgotPassTest.PassSmsTest.SmsPassCaseTest10(PassSmsTest.java:201)
	at java.base/jdk.internal.reflect.NativeMethodAccessorImpl.invoke0(Native Method)
	at java.base/jdk.internal.reflect.NativeMethodAccessorImpl.invoke(Unknown Source)
	at java.base/jdk.internal.reflect.DelegatingMethodAccessorImpl.invoke(Unknown Source)
	at java.base/java.lang.reflect.Method.invoke(Unknown Source)
	at org.testng.internal.MethodInvocationHelper.invokeMethod(MethodInvocationHelper.java:108)
	at org.testng.internal.Invoker.invokeMethod(Invoker.java:661)
	at org.testng.internal.Invoker.invokeTestMethod(Invoker.java:869)
	at org.testng.internal.Invoker.invokeTestMethods(Invoker.java:1193)
	at org.testng.internal.TestMethodWorker.invokeTestMethods(TestMethodWorker.java:126)
	at org.testng.internal.TestMethodWorker.run(TestMethodWorker.java:109)
	at org.testng.TestRunner.privateRun(TestRunner.java:744)
	at org.testng.TestRunner.run(TestRunner.java:602)
	at org.testng.SuiteRunner.runTest(SuiteRunner.java:380)
	at org.testng.SuiteRunner.runSequentially(SuiteRunner.java:375)
	at org.testng.SuiteRunner.privateRun(SuiteRunner.java:340)
	at org.testng.SuiteRunner.run(SuiteRunner.java:289)
	at org.testng.SuiteRunnerWorker.runSuite(SuiteRunnerWorker.java:52)
	at org.testng.SuiteRunnerWorker.run(SuiteRunnerWorker.java:86)
	at org.testng.TestNG.runSuitesSequentially(TestNG.java:1301)
	at org.testng.TestNG.runSuitesLocally(TestNG.java:1226)
	at org.testng.TestNG.runSuites(TestNG.java:1144)
	at org.testng.TestNG.run(TestNG.java:1115)
	at org.testng.remote.AbstractRemoteTestNG.run(AbstractRemoteTestNG.java:114)
	at org.testng.remote.RemoteTestNG.initAndRun(RemoteTestNG.java:251)
	at org.testng.remote.RemoteTestNG.main(RemoteTestNG.java:77)
</pre></div></td>
<td>0</td>
<td>died_procesos_generales.pgForgotPassTest.PassSmsTest@6093d508</td></tr>
</table><p>
</body>
</html>