{"uuid":"2da82e80-2851-4386-895f-3b6d155daea6","historyId":"3d64a173021309cb3d80994205017235","fullName":"died_procesos_generales.pgForgotPassTest.PassEmailTest.EmailPassCaseTest05","labels":[{"name":"package","value":"died_procesos_generales.pgForgotPassTest.PassEmailTest"},{"name":"testClass","value":"died_procesos_generales.pgForgotPassTest.PassEmailTest"},{"name":"testMethod","value":"EmailPassCaseTest05"},{"name":"parentSuite","value":"Login"},{"name":"suite","value":"Test_03"},{"name":"subSuite","value":"died_procesos_generales.pgForgotPassTest.PassEmailTest"},{"name":"host","value":"med000008316"},{"name":"thread","value":"8292@med000008316.main(1)"},{"name":"epic","value":"Regression Tests"},{"name":"feature","value":"Forgot Tests"}],"links":[],"name":"EmailPassCaseTest05","status":"skipped","statusDetails":{"known":false,"muted":false,"flaky":false,"message":"No frame element found by name or id ifmail\nBuild info: version: '3.6.0', revision: '6fbf3ec767', time: '2017-09-27T15:28:36.4Z'\nSystem info: host: 'MED000008316', ip: '11.35.123.24', os.name: 'Windows 8.1', os.arch: 'amd64', os.version: '6.3', java.version: '10.0.1'\nDriver info: driver.version: unknown","trace":"org.openqa.selenium.NoSuchFrameException: No frame element found by name or id ifmail\nBuild info: version: '3.6.0', revision: '6fbf3ec767', time: '2017-09-27T15:28:36.4Z'\nSystem info: host: 'MED000008316', ip: '11.35.123.24', os.name: 'Windows 8.1', os.arch: 'amd64', os.version: '6.3', java.version: '10.0.1'\nDriver info: driver.version: unknown\r\n\tat org.openqa.selenium.remote.RemoteWebDriver$RemoteTargetLocator.frame(RemoteWebDriver.java:925)\r\n\tat died_procesos_generales.pgForgotPassPage.ForgotPassPage.ResPassEmailLink_aroundBody20(ForgotPassPage.java:267)\r\n\tat died_procesos_generales.pgForgotPassPage.ForgotPassPage$AjcClosure21.run(ForgotPassPage.java:1)\r\n\tat org.aspectj.runtime.reflect.JoinPointImpl.proceed(JoinPointImpl.java:149)\r\n\tat io.qameta.allure.aspects.StepsAspects.step(StepsAspects.java:46)\r\n\tat died_procesos_generales.pgForgotPassPage.ForgotPassPage.ResPassEmailLink(ForgotPassPage.java:261)\r\n\tat died_procesos_generales.pgForgotPassTest.PassEmailTest.EmailPassCaseTest05(PassEmailTest.java:146)\r\n\tat java.base/jdk.internal.reflect.NativeMethodAccessorImpl.invoke0(Native Method)\r\n\tat java.base/jdk.internal.reflect.NativeMethodAccessorImpl.invoke(Unknown Source)\r\n\tat java.base/jdk.internal.reflect.DelegatingMethodAccessorImpl.invoke(Unknown Source)\r\n\tat java.base/java.lang.reflect.Method.invoke(Unknown Source)\r\n\tat org.testng.internal.MethodInvocationHelper.invokeMethod(MethodInvocationHelper.java:108)\r\n\tat org.testng.internal.Invoker.invokeMethod(Invoker.java:661)\r\n\tat org.testng.internal.Invoker.invokeTestMethod(Invoker.java:869)\r\n\tat org.testng.internal.Invoker.invokeTestMethods(Invoker.java:1193)\r\n\tat org.testng.internal.TestMethodWorker.invokeTestMethods(TestMethodWorker.java:126)\r\n\tat org.testng.internal.TestMethodWorker.run(TestMethodWorker.java:109)\r\n\tat org.testng.TestRunner.privateRun(TestRunner.java:744)\r\n\tat org.testng.TestRunner.run(TestRunner.java:602)\r\n\tat org.testng.SuiteRunner.runTest(SuiteRunner.java:380)\r\n\tat org.testng.SuiteRunner.runSequentially(SuiteRunner.java:375)\r\n\tat org.testng.SuiteRunner.privateRun(SuiteRunner.java:340)\r\n\tat org.testng.SuiteRunner.run(SuiteRunner.java:289)\r\n\tat org.testng.SuiteRunnerWorker.runSuite(SuiteRunnerWorker.java:52)\r\n\tat org.testng.SuiteRunnerWorker.run(SuiteRunnerWorker.java:86)\r\n\tat org.testng.TestNG.runSuitesSequentially(TestNG.java:1301)\r\n\tat org.testng.TestNG.runSuitesLocally(TestNG.java:1226)\r\n\tat org.testng.TestNG.runSuites(TestNG.java:1144)\r\n\tat org.testng.TestNG.run(TestNG.java:1115)\r\n\tat org.testng.remote.AbstractRemoteTestNG.run(AbstractRemoteTestNG.java:114)\r\n\tat org.testng.remote.RemoteTestNG.initAndRun(RemoteTestNG.java:251)\r\n\tat org.testng.remote.RemoteTestNG.main(RemoteTestNG.java:77)\r\n"},"stage":"finished","start":1550510750208,"stop":1550510759584,"steps":[{"name":"metodo de Pagina Restablecer contrase√±a por Email Link expirado","status":"broken","statusDetails":{"known":false,"muted":false,"flaky":false,"message":"No frame element found by name or id ifmail\nBuild info: version: '3.6.0', revision: '6fbf3ec767', time: '2017-09-27T15:28:36.4Z'\nSystem info: host: 'MED000008316', ip: '11.35.123.24', os.name: 'Windows 8.1', os.arch: 'amd64', os.version: '6.3', java.version: '10.0.1'\nDriver info: driver.version: unknown","trace":"org.openqa.selenium.NoSuchFrameException: No frame element found by name or id ifmail\nBuild info: version: '3.6.0', revision: '6fbf3ec767', time: '2017-09-27T15:28:36.4Z'\nSystem info: host: 'MED000008316', ip: '11.35.123.24', os.name: 'Windows 8.1', os.arch: 'amd64', os.version: '6.3', java.version: '10.0.1'\nDriver info: driver.version: unknown\r\n\tat org.openqa.selenium.remote.RemoteWebDriver$RemoteTargetLocator.frame(RemoteWebDriver.java:925)\r\n\tat died_procesos_generales.pgForgotPassPage.ForgotPassPage.ResPassEmailLink_aroundBody20(ForgotPassPage.java:267)\r\n\tat died_procesos_generales.pgForgotPassPage.ForgotPassPage$AjcClosure21.run(ForgotPassPage.java:1)\r\n\tat org.aspectj.runtime.reflect.JoinPointImpl.proceed(JoinPointImpl.java:149)\r\n\tat io.qameta.allure.aspects.StepsAspects.step(StepsAspects.java:46)\r\n\tat died_procesos_generales.pgForgotPassPage.ForgotPassPage.ResPassEmailLink(ForgotPassPage.java:261)\r\n\tat died_procesos_generales.pgForgotPassTest.PassEmailTest.EmailPassCaseTest05(PassEmailTest.java:146)\r\n\tat java.base/jdk.internal.reflect.NativeMethodAccessorImpl.invoke0(Native Method)\r\n\tat java.base/jdk.internal.reflect.NativeMethodAccessorImpl.invoke(Unknown Source)\r\n\tat java.base/jdk.internal.reflect.DelegatingMethodAccessorImpl.invoke(Unknown Source)\r\n\tat java.base/java.lang.reflect.Method.invoke(Unknown Source)\r\n\tat org.testng.internal.MethodInvocationHelper.invokeMethod(MethodInvocationHelper.java:108)\r\n\tat org.testng.internal.Invoker.invokeMethod(Invoker.java:661)\r\n\tat org.testng.internal.Invoker.invokeTestMethod(Invoker.java:869)\r\n\tat org.testng.internal.Invoker.invokeTestMethods(Invoker.java:1193)\r\n\tat org.testng.internal.TestMethodWorker.invokeTestMethods(TestMethodWorker.java:126)\r\n\tat org.testng.internal.TestMethodWorker.run(TestMethodWorker.java:109)\r\n\tat org.testng.TestRunner.privateRun(TestRunner.java:744)\r\n\tat org.testng.TestRunner.run(TestRunner.java:602)\r\n\tat org.testng.SuiteRunner.runTest(SuiteRunner.java:380)\r\n\tat org.testng.SuiteRunner.runSequentially(SuiteRunner.java:375)\r\n\tat org.testng.SuiteRunner.privateRun(SuiteRunner.java:340)\r\n\tat org.testng.SuiteRunner.run(SuiteRunner.java:289)\r\n\tat org.testng.SuiteRunnerWorker.runSuite(SuiteRunnerWorker.java:52)\r\n\tat org.testng.SuiteRunnerWorker.run(SuiteRunnerWorker.java:86)\r\n\tat org.testng.TestNG.runSuitesSequentially(TestNG.java:1301)\r\n\tat org.testng.TestNG.runSuitesLocally(TestNG.java:1226)\r\n\tat org.testng.TestNG.runSuites(TestNG.java:1144)\r\n\tat org.testng.TestNG.run(TestNG.java:1115)\r\n\tat org.testng.remote.AbstractRemoteTestNG.run(AbstractRemoteTestNG.java:114)\r\n\tat org.testng.remote.RemoteTestNG.initAndRun(RemoteTestNG.java:251)\r\n\tat org.testng.remote.RemoteTestNG.main(RemoteTestNG.java:77)\r\n"},"stage":"finished","start":1550510754131,"stop":1550510757911,"parameters":[{"name":"row","value":"<xml-fragment ht=\"23.25\" r=\"27\" spans=\"1:16384\" x14ac:dyDescent=\"0.25\" xmlns:mc=\"http://schemas.openxmlformats.org/markup-compatibility/2006\" xmlns:r=\"http://schemas.openxmlformats.org/officeDocument/2006/relationships\" xmlns:x14ac=\"http://schemas.microsoft.com/office/spreadsheetml/2009/9/ac\" xmlns:main=\"http://schemas.openxmlformats.org/spreadsheetml/2006/main\">\r\n  <main:c r=\"A27\" s=\"29\">\r\n    <main:v>26</main:v>\r\n  </main:c>\r\n  <main:c r=\"B27\" s=\"17\" t=\"s\">\r\n    <main:v>114</main:v>\r\n  </main:c>\r\n  <main:c r=\"C27\" s=\"17\" t=\"s\">\r\n    <main:v>97</main:v>\r\n  </main:c>\r\n  <main:c r=\"D27\" s=\"17\" t=\"s\">\r\n    <main:v>126</main:v>\r\n  </main:c>\r\n  <main:c r=\"E27\" s=\"1\"/>\r\n  <main:c r=\"F27\" s=\"25\"/>\r\n  <main:c r=\"G27\" s=\"25\"/>\r\n  <main:c r=\"H27\" s=\"25\"/>\r\n  <main:c r=\"I27\" s=\"10\"/>\r\n  <main:c r=\"J27\" s=\"25\" t=\"s\">\r\n    <main:v>18</main:v>\r\n  </main:c>\r\n  <main:c r=\"K27\" s=\"10\"/>\r\n  <main:c r=\"L27\" s=\"10\" t=\"s\">\r\n    <main:v>131</main:v>\r\n  </main:c>\r\n</xml-fragment>"}]}],"parameters":[]}