{"uuid":"4b89d138-ae3b-40a4-bf42-f2725169ac67","historyId":"710671ff462398748d37b925ed1408ae","fullName":"died_proceso_nombramiento.nomInscripcion.object_test.NomLoginTest.logInToTheSessionCaseTest03","labels":[{"name":"package","value":"died_proceso_nombramiento.nomInscripcion.object_test.NomLoginTest"},{"name":"testClass","value":"died_proceso_nombramiento.nomInscripcion.object_test.NomLoginTest"},{"name":"testMethod","value":"logInToTheSessionCaseTest03"},{"name":"parentSuite","value":"Login"},{"name":"suite","value":"Test_02"},{"name":"subSuite","value":"died_proceso_nombramiento.nomInscripcion.object_test.NomLoginTest"},{"name":"host","value":"ALQ000002139"},{"name":"thread","value":"6972@ALQ000002139.main(1)"},{"name":"epic","value":"Regression Tests"},{"name":"feature","value":"Login Tests"}],"links":[],"name":"logInToTheSessionCaseTest03","status":"skipped","statusDetails":{"known":false,"muted":false,"flaky":false,"message":"expected [] but found [Debe llenar este campo.]","trace":"java.lang.AssertionError: expected [] but found [Debe llenar este campo.]\r\n\tat org.testng.Assert.fail(Assert.java:93)\r\n\tat org.testng.Assert.failNotEquals(Assert.java:512)\r\n\tat org.testng.Assert.assertEqualsImpl(Assert.java:134)\r\n\tat org.testng.Assert.assertEquals(Assert.java:115)\r\n\tat org.testng.Assert.assertEquals(Assert.java:189)\r\n\tat org.testng.Assert.assertEquals(Assert.java:199)\r\n\tat died_proceso_nombramiento.nomInscripcion.objectpages.NomLoginPage.verifyLoginCaptcha_aroundBody6(NomLoginPage.java:113)\r\n\tat died_proceso_nombramiento.nomInscripcion.objectpages.NomLoginPage$AjcClosure7.run(NomLoginPage.java:1)\r\n\tat org.aspectj.runtime.reflect.JoinPointImpl.proceed(JoinPointImpl.java:149)\r\n\tat io.qameta.allure.aspects.StepsAspects.step(StepsAspects.java:46)\r\n\tat died_proceso_nombramiento.nomInscripcion.objectpages.NomLoginPage.verifyLoginCaptcha(NomLoginPage.java:113)\r\n\tat died_proceso_nombramiento.nomInscripcion.object_test.NomLoginTest.logInToTheSessionCaseTest03(NomLoginTest.java:117)\r\n\tat java.base/jdk.internal.reflect.NativeMethodAccessorImpl.invoke0(Native Method)\r\n\tat java.base/jdk.internal.reflect.NativeMethodAccessorImpl.invoke(Unknown Source)\r\n\tat java.base/jdk.internal.reflect.DelegatingMethodAccessorImpl.invoke(Unknown Source)\r\n\tat java.base/java.lang.reflect.Method.invoke(Unknown Source)\r\n\tat org.testng.internal.MethodInvocationHelper.invokeMethod(MethodInvocationHelper.java:108)\r\n\tat org.testng.internal.Invoker.invokeMethod(Invoker.java:661)\r\n\tat org.testng.internal.Invoker.invokeTestMethod(Invoker.java:869)\r\n\tat org.testng.internal.Invoker.invokeTestMethods(Invoker.java:1193)\r\n\tat org.testng.internal.TestMethodWorker.invokeTestMethods(TestMethodWorker.java:126)\r\n\tat org.testng.internal.TestMethodWorker.run(TestMethodWorker.java:109)\r\n\tat org.testng.TestRunner.privateRun(TestRunner.java:744)\r\n\tat org.testng.TestRunner.run(TestRunner.java:602)\r\n\tat org.testng.SuiteRunner.runTest(SuiteRunner.java:380)\r\n\tat org.testng.SuiteRunner.runSequentially(SuiteRunner.java:375)\r\n\tat org.testng.SuiteRunner.privateRun(SuiteRunner.java:340)\r\n\tat org.testng.SuiteRunner.run(SuiteRunner.java:289)\r\n\tat org.testng.SuiteRunnerWorker.runSuite(SuiteRunnerWorker.java:52)\r\n\tat org.testng.SuiteRunnerWorker.run(SuiteRunnerWorker.java:86)\r\n\tat org.testng.TestNG.runSuitesSequentially(TestNG.java:1301)\r\n\tat org.testng.TestNG.runSuitesLocally(TestNG.java:1226)\r\n\tat org.testng.TestNG.runSuites(TestNG.java:1144)\r\n\tat org.testng.TestNG.run(TestNG.java:1115)\r\n\tat org.testng.remote.AbstractRemoteTestNG.run(AbstractRemoteTestNG.java:114)\r\n\tat org.testng.remote.RemoteTestNG.initAndRun(RemoteTestNG.java:251)\r\n\tat org.testng.remote.RemoteTestNG.main(RemoteTestNG.java:77)\r\n"},"stage":"finished","start":1549553149721,"stop":1549553153918,"steps":[{"name":"Open N11 Step...","status":"passed","stage":"finished","start":1549553149721,"stop":1549553151709},{"name":"Verify username: {0} step...","status":"failed","statusDetails":{"known":false,"muted":false,"flaky":false,"message":"expected [] but found [Debe llenar este campo.]","trace":"java.lang.AssertionError: expected [] but found [Debe llenar este campo.]\r\n\tat org.testng.Assert.fail(Assert.java:93)\r\n\tat org.testng.Assert.failNotEquals(Assert.java:512)\r\n\tat org.testng.Assert.assertEqualsImpl(Assert.java:134)\r\n\tat org.testng.Assert.assertEquals(Assert.java:115)\r\n\tat org.testng.Assert.assertEquals(Assert.java:189)\r\n\tat org.testng.Assert.assertEquals(Assert.java:199)\r\n\tat died_proceso_nombramiento.nomInscripcion.objectpages.NomLoginPage.verifyLoginCaptcha_aroundBody6(NomLoginPage.java:113)\r\n\tat died_proceso_nombramiento.nomInscripcion.objectpages.NomLoginPage$AjcClosure7.run(NomLoginPage.java:1)\r\n\tat org.aspectj.runtime.reflect.JoinPointImpl.proceed(JoinPointImpl.java:149)\r\n\tat io.qameta.allure.aspects.StepsAspects.step(StepsAspects.java:46)\r\n\tat died_proceso_nombramiento.nomInscripcion.objectpages.NomLoginPage.verifyLoginCaptcha(NomLoginPage.java:113)\r\n\tat died_proceso_nombramiento.nomInscripcion.object_test.NomLoginTest.logInToTheSessionCaseTest03(NomLoginTest.java:117)\r\n\tat java.base/jdk.internal.reflect.NativeMethodAccessorImpl.invoke0(Native Method)\r\n\tat java.base/jdk.internal.reflect.NativeMethodAccessorImpl.invoke(Unknown Source)\r\n\tat java.base/jdk.internal.reflect.DelegatingMethodAccessorImpl.invoke(Unknown Source)\r\n\tat java.base/java.lang.reflect.Method.invoke(Unknown Source)\r\n\tat org.testng.internal.MethodInvocationHelper.invokeMethod(MethodInvocationHelper.java:108)\r\n\tat org.testng.internal.Invoker.invokeMethod(Invoker.java:661)\r\n\tat org.testng.internal.Invoker.invokeTestMethod(Invoker.java:869)\r\n\tat org.testng.internal.Invoker.invokeTestMethods(Invoker.java:1193)\r\n\tat org.testng.internal.TestMethodWorker.invokeTestMethods(TestMethodWorker.java:126)\r\n\tat org.testng.internal.TestMethodWorker.run(TestMethodWorker.java:109)\r\n\tat org.testng.TestRunner.privateRun(TestRunner.java:744)\r\n\tat org.testng.TestRunner.run(TestRunner.java:602)\r\n\tat org.testng.SuiteRunner.runTest(SuiteRunner.java:380)\r\n\tat org.testng.SuiteRunner.runSequentially(SuiteRunner.java:375)\r\n\tat org.testng.SuiteRunner.privateRun(SuiteRunner.java:340)\r\n\tat org.testng.SuiteRunner.run(SuiteRunner.java:289)\r\n\tat org.testng.SuiteRunnerWorker.runSuite(SuiteRunnerWorker.java:52)\r\n\tat org.testng.SuiteRunnerWorker.run(SuiteRunnerWorker.java:86)\r\n\tat org.testng.TestNG.runSuitesSequentially(TestNG.java:1301)\r\n\tat org.testng.TestNG.runSuitesLocally(TestNG.java:1226)\r\n\tat org.testng.TestNG.runSuites(TestNG.java:1144)\r\n\tat org.testng.TestNG.run(TestNG.java:1115)\r\n\tat org.testng.remote.AbstractRemoteTestNG.run(AbstractRemoteTestNG.java:114)\r\n\tat org.testng.remote.RemoteTestNG.initAndRun(RemoteTestNG.java:251)\r\n\tat org.testng.remote.RemoteTestNG.main(RemoteTestNG.java:77)\r\n"},"stage":"finished","start":1549553153420,"stop":1549553153493,"parameters":[{"name":"expectedUserNameMessage","value":""}]}],"parameters":[]}