{"uuid":"5b436457-aadb-485e-8114-1942ae81b449","historyId":"3cbf189da23d84b774c0a93c03f76090","fullName":"died_procesos_generales.pgLoginTest.LoginTest.logInToTheSessionCaseTest04","labels":[{"name":"package","value":"died_procesos_generales.pgLoginTest.LoginTest"},{"name":"testClass","value":"died_procesos_generales.pgLoginTest.LoginTest"},{"name":"testMethod","value":"logInToTheSessionCaseTest04"},{"name":"parentSuite","value":"Login"},{"name":"suite","value":"Test_01"},{"name":"subSuite","value":"died_procesos_generales.pgLoginTest.LoginTest"},{"name":"host","value":"ALQ000002139"},{"name":"thread","value":"4188@ALQ000002139.main(1)"},{"name":"epic","value":"Regression Tests"},{"name":"feature","value":"Login Tests"}],"links":[],"name":"logInToTheSessionCaseTest04","status":"failed","statusDetails":{"known":false,"muted":false,"flaky":false,"message":"expected [xAlerta! Usuario no se encuentra registrado. Por favor, ingrese a \"Registrese aquí\" para generar su usuario y contraseña.] but found [x\nAlerta! Usuario no se encuentra registrado. Por favor, ingrese a \"Registrese aquí\" para generar su usuario y contraseña.]","trace":"java.lang.AssertionError: expected [xAlerta! Usuario no se encuentra registrado. Por favor, ingrese a \"Registrese aquí\" para generar su usuario y contraseña.] but found [x\nAlerta! Usuario no se encuentra registrado. Por favor, ingrese a \"Registrese aquí\" para generar su usuario y contraseña.]\r\n\tat org.testng.Assert.fail(Assert.java:93)\r\n\tat org.testng.Assert.failNotEquals(Assert.java:512)\r\n\tat org.testng.Assert.assertEqualsImpl(Assert.java:134)\r\n\tat org.testng.Assert.assertEquals(Assert.java:115)\r\n\tat org.testng.Assert.assertEquals(Assert.java:189)\r\n\tat org.testng.Assert.assertEquals(Assert.java:199)\r\n\tat died_procesos_generales.pgLoginPage.LoginPage.verifyLoginButton_aroundBody8(LoginPage.java:118)\r\n\tat died_procesos_generales.pgLoginPage.LoginPage$AjcClosure9.run(LoginPage.java:1)\r\n\tat org.aspectj.runtime.reflect.JoinPointImpl.proceed(JoinPointImpl.java:149)\r\n\tat io.qameta.allure.aspects.StepsAspects.step(StepsAspects.java:46)\r\n\tat died_procesos_generales.pgLoginPage.LoginPage.verifyLoginButton(LoginPage.java:118)\r\n\tat died_procesos_generales.pgLoginTest.LoginTest.logInToTheSessionCaseTest04(LoginTest.java:147)\r\n\tat java.base/jdk.internal.reflect.NativeMethodAccessorImpl.invoke0(Native Method)\r\n\tat java.base/jdk.internal.reflect.NativeMethodAccessorImpl.invoke(Unknown Source)\r\n\tat java.base/jdk.internal.reflect.DelegatingMethodAccessorImpl.invoke(Unknown Source)\r\n\tat java.base/java.lang.reflect.Method.invoke(Unknown Source)\r\n\tat org.testng.internal.MethodInvocationHelper.invokeMethod(MethodInvocationHelper.java:108)\r\n\tat org.testng.internal.Invoker.invokeMethod(Invoker.java:661)\r\n\tat org.testng.internal.Invoker.retryFailed(Invoker.java:1014)\r\n\tat org.testng.internal.Invoker.invokeTestMethods(Invoker.java:1215)\r\n\tat org.testng.internal.TestMethodWorker.invokeTestMethods(TestMethodWorker.java:126)\r\n\tat org.testng.internal.TestMethodWorker.run(TestMethodWorker.java:109)\r\n\tat org.testng.TestRunner.privateRun(TestRunner.java:744)\r\n\tat org.testng.TestRunner.run(TestRunner.java:602)\r\n\tat org.testng.SuiteRunner.runTest(SuiteRunner.java:380)\r\n\tat org.testng.SuiteRunner.runSequentially(SuiteRunner.java:375)\r\n\tat org.testng.SuiteRunner.privateRun(SuiteRunner.java:340)\r\n\tat org.testng.SuiteRunner.run(SuiteRunner.java:289)\r\n\tat org.testng.SuiteRunnerWorker.runSuite(SuiteRunnerWorker.java:52)\r\n\tat org.testng.SuiteRunnerWorker.run(SuiteRunnerWorker.java:86)\r\n\tat org.testng.TestNG.runSuitesSequentially(TestNG.java:1301)\r\n\tat org.testng.TestNG.runSuitesLocally(TestNG.java:1226)\r\n\tat org.testng.TestNG.runSuites(TestNG.java:1144)\r\n\tat org.testng.TestNG.run(TestNG.java:1115)\r\n\tat org.testng.remote.AbstractRemoteTestNG.run(AbstractRemoteTestNG.java:114)\r\n\tat org.testng.remote.RemoteTestNG.initAndRun(RemoteTestNG.java:251)\r\n\tat org.testng.remote.RemoteTestNG.main(RemoteTestNG.java:77)\r\n"},"stage":"finished","start":1549488139552,"stop":1549488153940,"steps":[{"name":"Open N11 Step...","status":"passed","stage":"finished","start":1549488139552,"stop":1549488143769},{"name":"Login Step with username: {0}, password: {1}, for method: {method} step...","status":"passed","stage":"finished","start":1549488144771,"stop":1549488150539,"parameters":[{"name":"row","value":"<xml-fragment r=\"5\" spans=\"1:12\" x14ac:dyDescent=\"0.25\" xmlns:mc=\"http://schemas.openxmlformats.org/markup-compatibility/2006\" xmlns:r=\"http://schemas.openxmlformats.org/officeDocument/2006/relationships\" xmlns:x14ac=\"http://schemas.microsoft.com/office/spreadsheetml/2009/9/ac\" xmlns:main=\"http://schemas.openxmlformats.org/spreadsheetml/2006/main\">\r\n  <main:c r=\"A5\" s=\"7\">\r\n    <main:v>4</main:v>\r\n  </main:c>\r\n  <main:c r=\"B5\" s=\"5\" t=\"s\">\r\n    <main:v>16</main:v>\r\n  </main:c>\r\n  <main:c r=\"C5\" s=\"3\" t=\"s\">\r\n    <main:v>23</main:v>\r\n  </main:c>\r\n  <main:c r=\"D5\" s=\"3\">\r\n    <main:v>23543455</main:v>\r\n  </main:c>\r\n  <main:c r=\"E5\" s=\"1\"/>\r\n  <main:c r=\"F5\" s=\"1\"/>\r\n  <main:c r=\"G5\" s=\"1\"/>\r\n  <main:c r=\"H5\" s=\"3\" t=\"s\">\r\n    <main:v>22</main:v>\r\n  </main:c>\r\n  <main:c r=\"I5\" s=\"1\" t=\"s\">\r\n    <main:v>25</main:v>\r\n  </main:c>\r\n</xml-fragment>"}]},{"name":"Verify username: {0} step...","status":"failed","statusDetails":{"known":false,"muted":false,"flaky":false,"message":"expected [xAlerta! Usuario no se encuentra registrado. Por favor, ingrese a \"Registrese aquí\" para generar su usuario y contraseña.] but found [x\nAlerta! Usuario no se encuentra registrado. Por favor, ingrese a \"Registrese aquí\" para generar su usuario y contraseña.]","trace":"java.lang.AssertionError: expected [xAlerta! Usuario no se encuentra registrado. Por favor, ingrese a \"Registrese aquí\" para generar su usuario y contraseña.] but found [x\nAlerta! Usuario no se encuentra registrado. Por favor, ingrese a \"Registrese aquí\" para generar su usuario y contraseña.]\r\n\tat org.testng.Assert.fail(Assert.java:93)\r\n\tat org.testng.Assert.failNotEquals(Assert.java:512)\r\n\tat org.testng.Assert.assertEqualsImpl(Assert.java:134)\r\n\tat org.testng.Assert.assertEquals(Assert.java:115)\r\n\tat org.testng.Assert.assertEquals(Assert.java:189)\r\n\tat org.testng.Assert.assertEquals(Assert.java:199)\r\n\tat died_procesos_generales.pgLoginPage.LoginPage.verifyLoginButton_aroundBody8(LoginPage.java:118)\r\n\tat died_procesos_generales.pgLoginPage.LoginPage$AjcClosure9.run(LoginPage.java:1)\r\n\tat org.aspectj.runtime.reflect.JoinPointImpl.proceed(JoinPointImpl.java:149)\r\n\tat io.qameta.allure.aspects.StepsAspects.step(StepsAspects.java:46)\r\n\tat died_procesos_generales.pgLoginPage.LoginPage.verifyLoginButton(LoginPage.java:118)\r\n\tat died_procesos_generales.pgLoginTest.LoginTest.logInToTheSessionCaseTest04(LoginTest.java:147)\r\n\tat java.base/jdk.internal.reflect.NativeMethodAccessorImpl.invoke0(Native Method)\r\n\tat java.base/jdk.internal.reflect.NativeMethodAccessorImpl.invoke(Unknown Source)\r\n\tat java.base/jdk.internal.reflect.DelegatingMethodAccessorImpl.invoke(Unknown Source)\r\n\tat java.base/java.lang.reflect.Method.invoke(Unknown Source)\r\n\tat org.testng.internal.MethodInvocationHelper.invokeMethod(MethodInvocationHelper.java:108)\r\n\tat org.testng.internal.Invoker.invokeMethod(Invoker.java:661)\r\n\tat org.testng.internal.Invoker.retryFailed(Invoker.java:1014)\r\n\tat org.testng.internal.Invoker.invokeTestMethods(Invoker.java:1215)\r\n\tat org.testng.internal.TestMethodWorker.invokeTestMethods(TestMethodWorker.java:126)\r\n\tat org.testng.internal.TestMethodWorker.run(TestMethodWorker.java:109)\r\n\tat org.testng.TestRunner.privateRun(TestRunner.java:744)\r\n\tat org.testng.TestRunner.run(TestRunner.java:602)\r\n\tat org.testng.SuiteRunner.runTest(SuiteRunner.java:380)\r\n\tat org.testng.SuiteRunner.runSequentially(SuiteRunner.java:375)\r\n\tat org.testng.SuiteRunner.privateRun(SuiteRunner.java:340)\r\n\tat org.testng.SuiteRunner.run(SuiteRunner.java:289)\r\n\tat org.testng.SuiteRunnerWorker.runSuite(SuiteRunnerWorker.java:52)\r\n\tat org.testng.SuiteRunnerWorker.run(SuiteRunnerWorker.java:86)\r\n\tat org.testng.TestNG.runSuitesSequentially(TestNG.java:1301)\r\n\tat org.testng.TestNG.runSuitesLocally(TestNG.java:1226)\r\n\tat org.testng.TestNG.runSuites(TestNG.java:1144)\r\n\tat org.testng.TestNG.run(TestNG.java:1115)\r\n\tat org.testng.remote.AbstractRemoteTestNG.run(AbstractRemoteTestNG.java:114)\r\n\tat org.testng.remote.RemoteTestNG.initAndRun(RemoteTestNG.java:251)\r\n\tat org.testng.remote.RemoteTestNG.main(RemoteTestNG.java:77)\r\n"},"stage":"finished","start":1549488153040,"stop":1549488153097,"parameters":[{"name":"expectedUserNameMessage","value":"xAlerta! Usuario no se encuentra registrado. Por favor, ingrese a \"Registrese aquí\" para generar su usuario y contraseña."}]}],"attachments":[{"name":"Page screenshot","source":"25d02833-d7d8-424d-a428-84b2c53ffa6e-attachment","type":"image/png"},{"name":"{0}","source":"8799b1bb-5ac6-46e0-a2c5-698ce7abbc59-attachment","type":"text/plain"}],"parameters":[]}