{"uuid":"701efe6e-663a-4276-b7f3-a39505de1fe6","historyId":"a7393bd26975e2f61cb0fe3c734c138e","fullName":"died_procesos_generales.pgForgotPassTest.PassSmsTest.SmsPassCaseTest02","labels":[{"name":"package","value":"died_procesos_generales.pgForgotPassTest.PassSmsTest"},{"name":"testClass","value":"died_procesos_generales.pgForgotPassTest.PassSmsTest"},{"name":"testMethod","value":"SmsPassCaseTest02"},{"name":"parentSuite","value":"Login"},{"name":"suite","value":"Test_03"},{"name":"subSuite","value":"died_procesos_generales.pgForgotPassTest.PassSmsTest"},{"name":"host","value":"med000008316"},{"name":"thread","value":"11080@med000008316.main(1)"},{"name":"epic","value":"Regression Tests"},{"name":"feature","value":"Forgot Tests"}],"links":[],"name":"SmsPassCaseTest02","status":"skipped","statusDetails":{"known":false,"muted":false,"flaky":false,"message":"expected [Por favor su contraseña debe contener números.] but found [El código de validación no existe o ha expirado.]","trace":"java.lang.AssertionError: expected [Por favor su contraseña debe contener números.] but found [El código de validación no existe o ha expirado.]\r\n\tat org.testng.Assert.fail(Assert.java:93)\r\n\tat org.testng.Assert.failNotEquals(Assert.java:512)\r\n\tat org.testng.Assert.assertEqualsImpl(Assert.java:134)\r\n\tat org.testng.Assert.assertEquals(Assert.java:115)\r\n\tat org.testng.Assert.assertEquals(Assert.java:189)\r\n\tat org.testng.Assert.assertEquals(Assert.java:199)\r\n\tat died_procesos_generales.pgForgotPassPage.ForgotPassPage.verifyMessage01_aroundBody18(ForgotPassPage.java:247)\r\n\tat died_procesos_generales.pgForgotPassPage.ForgotPassPage$AjcClosure19.run(ForgotPassPage.java:1)\r\n\tat org.aspectj.runtime.reflect.JoinPointImpl.proceed(JoinPointImpl.java:149)\r\n\tat io.qameta.allure.aspects.StepsAspects.step(StepsAspects.java:46)\r\n\tat died_procesos_generales.pgForgotPassPage.ForgotPassPage.verifyMessage01(ForgotPassPage.java:247)\r\n\tat died_procesos_generales.pgForgotPassTest.PassSmsTest.SmsPassCaseTest02(PassSmsTest.java:82)\r\n\tat java.base/jdk.internal.reflect.NativeMethodAccessorImpl.invoke0(Native Method)\r\n\tat java.base/jdk.internal.reflect.NativeMethodAccessorImpl.invoke(Unknown Source)\r\n\tat java.base/jdk.internal.reflect.DelegatingMethodAccessorImpl.invoke(Unknown Source)\r\n\tat java.base/java.lang.reflect.Method.invoke(Unknown Source)\r\n\tat org.testng.internal.MethodInvocationHelper.invokeMethod(MethodInvocationHelper.java:108)\r\n\tat org.testng.internal.Invoker.invokeMethod(Invoker.java:661)\r\n\tat org.testng.internal.Invoker.invokeTestMethod(Invoker.java:869)\r\n\tat org.testng.internal.Invoker.invokeTestMethods(Invoker.java:1193)\r\n\tat org.testng.internal.TestMethodWorker.invokeTestMethods(TestMethodWorker.java:126)\r\n\tat org.testng.internal.TestMethodWorker.run(TestMethodWorker.java:109)\r\n\tat org.testng.TestRunner.privateRun(TestRunner.java:744)\r\n\tat org.testng.TestRunner.run(TestRunner.java:602)\r\n\tat org.testng.SuiteRunner.runTest(SuiteRunner.java:380)\r\n\tat org.testng.SuiteRunner.runSequentially(SuiteRunner.java:375)\r\n\tat org.testng.SuiteRunner.privateRun(SuiteRunner.java:340)\r\n\tat org.testng.SuiteRunner.run(SuiteRunner.java:289)\r\n\tat org.testng.SuiteRunnerWorker.runSuite(SuiteRunnerWorker.java:52)\r\n\tat org.testng.SuiteRunnerWorker.run(SuiteRunnerWorker.java:86)\r\n\tat org.testng.TestNG.runSuitesSequentially(TestNG.java:1301)\r\n\tat org.testng.TestNG.runSuitesLocally(TestNG.java:1226)\r\n\tat org.testng.TestNG.runSuites(TestNG.java:1144)\r\n\tat org.testng.TestNG.run(TestNG.java:1115)\r\n\tat org.testng.remote.AbstractRemoteTestNG.run(AbstractRemoteTestNG.java:114)\r\n\tat org.testng.remote.RemoteTestNG.initAndRun(RemoteTestNG.java:251)\r\n\tat org.testng.remote.RemoteTestNG.main(RemoteTestNG.java:77)\r\n"},"stage":"finished","start":1550671849069,"stop":1550671850989,"steps":[{"name":"metodo para validar las contraseñas","status":"passed","stage":"finished","start":1550671849090,"stop":1550671849631,"parameters":[{"name":"row","value":"<xml-fragment ht=\"23.25\" r=\"37\" spans=\"1:15\" x14ac:dyDescent=\"0.25\" xmlns:mc=\"http://schemas.openxmlformats.org/markup-compatibility/2006\" xmlns:r=\"http://schemas.openxmlformats.org/officeDocument/2006/relationships\" xmlns:x14ac=\"http://schemas.microsoft.com/office/spreadsheetml/2009/9/ac\" xmlns:main=\"http://schemas.openxmlformats.org/spreadsheetml/2006/main\">\r\n  <main:c r=\"A37\" s=\"29\">\r\n    <main:v>36</main:v>\r\n  </main:c>\r\n  <main:c r=\"B37\" s=\"35\" t=\"s\">\r\n    <main:v>156</main:v>\r\n  </main:c>\r\n  <main:c r=\"C37\" s=\"17\" t=\"s\">\r\n    <main:v>93</main:v>\r\n  </main:c>\r\n  <main:c r=\"D37\" s=\"17\" t=\"s\">\r\n    <main:v>174</main:v>\r\n  </main:c>\r\n  <main:c r=\"E37\" s=\"17\" t=\"s\">\r\n    <main:v>164</main:v>\r\n  </main:c>\r\n  <main:c r=\"F37\" s=\"25\"/>\r\n  <main:c r=\"G37\" s=\"25\"/>\r\n  <main:c r=\"H37\" s=\"25\"/>\r\n  <main:c r=\"I37\" s=\"17\" t=\"s\">\r\n    <main:v>128</main:v>\r\n  </main:c>\r\n  <main:c r=\"J37\" s=\"25\" t=\"s\">\r\n    <main:v>18</main:v>\r\n  </main:c>\r\n  <main:c r=\"K37\" s=\"25\"/>\r\n  <main:c r=\"L37\" s=\"25\"/>\r\n</xml-fragment>"}]},{"name":"Verify username: {0} step...","status":"failed","statusDetails":{"known":false,"muted":false,"flaky":false,"message":"expected [Por favor su contraseña debe contener números.] but found [El código de validación no existe o ha expirado.]","trace":"java.lang.AssertionError: expected [Por favor su contraseña debe contener números.] but found [El código de validación no existe o ha expirado.]\r\n\tat org.testng.Assert.fail(Assert.java:93)\r\n\tat org.testng.Assert.failNotEquals(Assert.java:512)\r\n\tat org.testng.Assert.assertEqualsImpl(Assert.java:134)\r\n\tat org.testng.Assert.assertEquals(Assert.java:115)\r\n\tat org.testng.Assert.assertEquals(Assert.java:189)\r\n\tat org.testng.Assert.assertEquals(Assert.java:199)\r\n\tat died_procesos_generales.pgForgotPassPage.ForgotPassPage.verifyMessage01_aroundBody18(ForgotPassPage.java:247)\r\n\tat died_procesos_generales.pgForgotPassPage.ForgotPassPage$AjcClosure19.run(ForgotPassPage.java:1)\r\n\tat org.aspectj.runtime.reflect.JoinPointImpl.proceed(JoinPointImpl.java:149)\r\n\tat io.qameta.allure.aspects.StepsAspects.step(StepsAspects.java:46)\r\n\tat died_procesos_generales.pgForgotPassPage.ForgotPassPage.verifyMessage01(ForgotPassPage.java:247)\r\n\tat died_procesos_generales.pgForgotPassTest.PassSmsTest.SmsPassCaseTest02(PassSmsTest.java:82)\r\n\tat java.base/jdk.internal.reflect.NativeMethodAccessorImpl.invoke0(Native Method)\r\n\tat java.base/jdk.internal.reflect.NativeMethodAccessorImpl.invoke(Unknown Source)\r\n\tat java.base/jdk.internal.reflect.DelegatingMethodAccessorImpl.invoke(Unknown Source)\r\n\tat java.base/java.lang.reflect.Method.invoke(Unknown Source)\r\n\tat org.testng.internal.MethodInvocationHelper.invokeMethod(MethodInvocationHelper.java:108)\r\n\tat org.testng.internal.Invoker.invokeMethod(Invoker.java:661)\r\n\tat org.testng.internal.Invoker.invokeTestMethod(Invoker.java:869)\r\n\tat org.testng.internal.Invoker.invokeTestMethods(Invoker.java:1193)\r\n\tat org.testng.internal.TestMethodWorker.invokeTestMethods(TestMethodWorker.java:126)\r\n\tat org.testng.internal.TestMethodWorker.run(TestMethodWorker.java:109)\r\n\tat org.testng.TestRunner.privateRun(TestRunner.java:744)\r\n\tat org.testng.TestRunner.run(TestRunner.java:602)\r\n\tat org.testng.SuiteRunner.runTest(SuiteRunner.java:380)\r\n\tat org.testng.SuiteRunner.runSequentially(SuiteRunner.java:375)\r\n\tat org.testng.SuiteRunner.privateRun(SuiteRunner.java:340)\r\n\tat org.testng.SuiteRunner.run(SuiteRunner.java:289)\r\n\tat org.testng.SuiteRunnerWorker.runSuite(SuiteRunnerWorker.java:52)\r\n\tat org.testng.SuiteRunnerWorker.run(SuiteRunnerWorker.java:86)\r\n\tat org.testng.TestNG.runSuitesSequentially(TestNG.java:1301)\r\n\tat org.testng.TestNG.runSuitesLocally(TestNG.java:1226)\r\n\tat org.testng.TestNG.runSuites(TestNG.java:1144)\r\n\tat org.testng.TestNG.run(TestNG.java:1115)\r\n\tat org.testng.remote.AbstractRemoteTestNG.run(AbstractRemoteTestNG.java:114)\r\n\tat org.testng.remote.RemoteTestNG.initAndRun(RemoteTestNG.java:251)\r\n\tat org.testng.remote.RemoteTestNG.main(RemoteTestNG.java:77)\r\n"},"stage":"finished","start":1550671850131,"stop":1550671850152,"parameters":[{"name":"expectedUserNameMessage","value":"Por favor su contraseña debe contener números."}]}],"parameters":[]}