{"uuid":"75aaf57f-4de3-4b13-8271-0b2881288834","historyId":"e9dc43b23a6a299b94260994be329369","fullName":"died_procesos_generales.pgForgotPassTest.PassSmsTest.SmsPassCaseTest01","labels":[{"name":"package","value":"died_procesos_generales.pgForgotPassTest.PassSmsTest"},{"name":"testClass","value":"died_procesos_generales.pgForgotPassTest.PassSmsTest"},{"name":"testMethod","value":"SmsPassCaseTest01"},{"name":"parentSuite","value":"Login"},{"name":"suite","value":"Test_03"},{"name":"subSuite","value":"died_procesos_generales.pgForgotPassTest.PassSmsTest"},{"name":"host","value":"med000008316"},{"name":"thread","value":"11080@med000008316.main(1)"},{"name":"epic","value":"Regression Tests"},{"name":"feature","value":"Forgot Tests"}],"links":[],"name":"SmsPassCaseTest01","status":"broken","statusDetails":{"known":false,"muted":false,"flaky":false,"message":"no such element: Unable to locate element: {\"method\":\"xpath\",\"selector\":\"/html/body/div[4]/div/div/div[2]/div\"}\n  (Session info: chrome=72.0.3626.109)\n  (Driver info: chromedriver=2.36.540470 (e522d04694c7ebea4ba8821272dbef4f9b818c91),platform=Windows NT 6.3.9600 x86_64) (WARNING: The server did not provide any stacktrace information)\nCommand duration or timeout: 0 milliseconds\nFor documentation on this error, please visit: http://seleniumhq.org/exceptions/no_such_element.html\nBuild info: version: '3.6.0', revision: '6fbf3ec767', time: '2017-09-27T15:28:36.4Z'\nSystem info: host: 'MED000008316', ip: '11.35.123.24', os.name: 'Windows 8.1', os.arch: 'amd64', os.version: '6.3', java.version: '10.0.1'\nDriver info: org.openqa.selenium.chrome.ChromeDriver\nCapabilities [{mobileEmulationEnabled=false, hasTouchScreen=false, platform=XP, acceptSslCerts=false, acceptInsecureCerts=false, webStorageEnabled=true, browserName=chrome, takesScreenshot=true, javascriptEnabled=true, platformName=XP, setWindowRect=true, unexpectedAlertBehaviour=, applicationCacheEnabled=false, rotatable=false, networkConnectionEnabled=false, chrome={chromedriverVersion=2.36.540470 (e522d04694c7ebea4ba8821272dbef4f9b818c91), userDataDir=C:\\Users\\ASIHUI~1\\AppData\\Local\\Temp\\scoped_dir10128_28621}, takesHeapSnapshot=true, pageLoadStrategy=normal, unhandledPromptBehavior=, databaseEnabled=false, handlesAlerts=true, version=72.0.3626.109, browserConnectionEnabled=false, nativeEvents=true, locationContextEnabled=true, cssSelectorsEnabled=true}]\nSession ID: d3f978420576978ecf107f7dc047a890\n*** Element info: {Using=xpath, value=/html/body/div[4]/div/div/div[2]/div}","trace":"org.openqa.selenium.NoSuchElementException: no such element: Unable to locate element: {\"method\":\"xpath\",\"selector\":\"/html/body/div[4]/div/div/div[2]/div\"}\n  (Session info: chrome=72.0.3626.109)\n  (Driver info: chromedriver=2.36.540470 (e522d04694c7ebea4ba8821272dbef4f9b818c91),platform=Windows NT 6.3.9600 x86_64) (WARNING: The server did not provide any stacktrace information)\nCommand duration or timeout: 0 milliseconds\nFor documentation on this error, please visit: http://seleniumhq.org/exceptions/no_such_element.html\nBuild info: version: '3.6.0', revision: '6fbf3ec767', time: '2017-09-27T15:28:36.4Z'\nSystem info: host: 'MED000008316', ip: '11.35.123.24', os.name: 'Windows 8.1', os.arch: 'amd64', os.version: '6.3', java.version: '10.0.1'\nDriver info: org.openqa.selenium.chrome.ChromeDriver\nCapabilities [{mobileEmulationEnabled=false, hasTouchScreen=false, platform=XP, acceptSslCerts=false, acceptInsecureCerts=false, webStorageEnabled=true, browserName=chrome, takesScreenshot=true, javascriptEnabled=true, platformName=XP, setWindowRect=true, unexpectedAlertBehaviour=, applicationCacheEnabled=false, rotatable=false, networkConnectionEnabled=false, chrome={chromedriverVersion=2.36.540470 (e522d04694c7ebea4ba8821272dbef4f9b818c91), userDataDir=C:\\Users\\ASIHUI~1\\AppData\\Local\\Temp\\scoped_dir10128_28621}, takesHeapSnapshot=true, pageLoadStrategy=normal, unhandledPromptBehavior=, databaseEnabled=false, handlesAlerts=true, version=72.0.3626.109, browserConnectionEnabled=false, nativeEvents=true, locationContextEnabled=true, cssSelectorsEnabled=true}]\nSession ID: d3f978420576978ecf107f7dc047a890\n*** Element info: {Using=xpath, value=/html/body/div[4]/div/div/div[2]/div}\r\n\tat java.base/jdk.internal.reflect.NativeConstructorAccessorImpl.newInstance0(Native Method)\r\n\tat java.base/jdk.internal.reflect.NativeConstructorAccessorImpl.newInstance(Unknown Source)\r\n\tat java.base/jdk.internal.reflect.DelegatingConstructorAccessorImpl.newInstance(Unknown Source)\r\n\tat java.base/java.lang.reflect.Constructor.newInstance(Unknown Source)\r\n\tat org.openqa.selenium.remote.ErrorHandler.createThrowable(ErrorHandler.java:214)\r\n\tat org.openqa.selenium.remote.ErrorHandler.throwIfResponseFailed(ErrorHandler.java:166)\r\n\tat org.openqa.selenium.remote.http.JsonHttpResponseCodec.reconstructValue(JsonHttpResponseCodec.java:40)\r\n\tat org.openqa.selenium.remote.http.AbstractHttpResponseCodec.decode(AbstractHttpResponseCodec.java:82)\r\n\tat org.openqa.selenium.remote.http.AbstractHttpResponseCodec.decode(AbstractHttpResponseCodec.java:45)\r\n\tat org.openqa.selenium.remote.HttpCommandExecutor.execute(HttpCommandExecutor.java:164)\r\n\tat org.openqa.selenium.remote.service.DriverCommandExecutor.execute(DriverCommandExecutor.java:83)\r\n\tat org.openqa.selenium.remote.RemoteWebDriver.execute(RemoteWebDriver.java:586)\r\n\tat org.openqa.selenium.remote.RemoteWebDriver.findElement(RemoteWebDriver.java:356)\r\n\tat org.openqa.selenium.remote.RemoteWebDriver.findElementByXPath(RemoteWebDriver.java:458)\r\n\tat org.openqa.selenium.By$ByXPath.findElement(By.java:361)\r\n\tat org.openqa.selenium.remote.RemoteWebDriver.findElement(RemoteWebDriver.java:348)\r\n\tat objectDriver.BasePages.readText(BasePages.java:39)\r\n\tat died_procesos_generales.pgForgotPassPage.ForgotPassPage.verifyMessage01_aroundBody18(ForgotPassPage.java:247)\r\n\tat died_procesos_generales.pgForgotPassPage.ForgotPassPage$AjcClosure19.run(ForgotPassPage.java:1)\r\n\tat org.aspectj.runtime.reflect.JoinPointImpl.proceed(JoinPointImpl.java:149)\r\n\tat io.qameta.allure.aspects.StepsAspects.step(StepsAspects.java:46)\r\n\tat died_procesos_generales.pgForgotPassPage.ForgotPassPage.verifyMessage01(ForgotPassPage.java:247)\r\n\tat died_procesos_generales.pgForgotPassTest.PassSmsTest.SmsPassCaseTest01(PassSmsTest.java:61)\r\n\tat java.base/jdk.internal.reflect.NativeMethodAccessorImpl.invoke0(Native Method)\r\n\tat java.base/jdk.internal.reflect.NativeMethodAccessorImpl.invoke(Unknown Source)\r\n\tat java.base/jdk.internal.reflect.DelegatingMethodAccessorImpl.invoke(Unknown Source)\r\n\tat java.base/java.lang.reflect.Method.invoke(Unknown Source)\r\n\tat org.testng.internal.MethodInvocationHelper.invokeMethod(MethodInvocationHelper.java:108)\r\n\tat org.testng.internal.Invoker.invokeMethod(Invoker.java:661)\r\n\tat org.testng.internal.Invoker.retryFailed(Invoker.java:1014)\r\n\tat org.testng.internal.Invoker.invokeTestMethods(Invoker.java:1215)\r\n\tat org.testng.internal.TestMethodWorker.invokeTestMethods(TestMethodWorker.java:126)\r\n\tat org.testng.internal.TestMethodWorker.run(TestMethodWorker.java:109)\r\n\tat org.testng.TestRunner.privateRun(TestRunner.java:744)\r\n\tat org.testng.TestRunner.run(TestRunner.java:602)\r\n\tat org.testng.SuiteRunner.runTest(SuiteRunner.java:380)\r\n\tat org.testng.SuiteRunner.runSequentially(SuiteRunner.java:375)\r\n\tat org.testng.SuiteRunner.privateRun(SuiteRunner.java:340)\r\n\tat org.testng.SuiteRunner.run(SuiteRunner.java:289)\r\n\tat org.testng.SuiteRunnerWorker.runSuite(SuiteRunnerWorker.java:52)\r\n\tat org.testng.SuiteRunnerWorker.run(SuiteRunnerWorker.java:86)\r\n\tat org.testng.TestNG.runSuitesSequentially(TestNG.java:1301)\r\n\tat org.testng.TestNG.runSuitesLocally(TestNG.java:1226)\r\n\tat org.testng.TestNG.runSuites(TestNG.java:1144)\r\n\tat org.testng.TestNG.run(TestNG.java:1115)\r\n\tat org.testng.remote.AbstractRemoteTestNG.run(AbstractRemoteTestNG.java:114)\r\n\tat org.testng.remote.RemoteTestNG.initAndRun(RemoteTestNG.java:251)\r\n\tat org.testng.remote.RemoteTestNG.main(RemoteTestNG.java:77)\r\n"},"stage":"finished","start":1550671805729,"stop":1550671849055,"steps":[{"name":"Open N12 Step...","status":"passed","stage":"finished","start":1550671805729,"stop":1550671808105},{"name":"metodo de recuperar contraseña con celular","status":"passed","stage":"finished","start":1550671808606,"stop":1550671815407,"parameters":[{"name":"row","value":"<xml-fragment ht=\"23.25\" r=\"36\" spans=\"1:15\" x14ac:dyDescent=\"0.25\" xmlns:mc=\"http://schemas.openxmlformats.org/markup-compatibility/2006\" xmlns:r=\"http://schemas.openxmlformats.org/officeDocument/2006/relationships\" xmlns:x14ac=\"http://schemas.microsoft.com/office/spreadsheetml/2009/9/ac\" xmlns:main=\"http://schemas.openxmlformats.org/spreadsheetml/2006/main\">\r\n  <main:c r=\"A36\" s=\"29\">\r\n    <main:v>35</main:v>\r\n  </main:c>\r\n  <main:c r=\"B36\" s=\"35\" t=\"s\">\r\n    <main:v>155</main:v>\r\n  </main:c>\r\n  <main:c r=\"C36\" s=\"17\" t=\"s\">\r\n    <main:v>92</main:v>\r\n  </main:c>\r\n  <main:c r=\"D36\" s=\"17\" t=\"s\">\r\n    <main:v>174</main:v>\r\n  </main:c>\r\n  <main:c r=\"E36\" s=\"17\" t=\"s\">\r\n    <main:v>7</main:v>\r\n  </main:c>\r\n  <main:c r=\"F36\" s=\"25\"/>\r\n  <main:c r=\"G36\" s=\"25\"/>\r\n  <main:c r=\"H36\" s=\"25\" t=\"s\">\r\n    <main:v>35</main:v>\r\n  </main:c>\r\n  <main:c r=\"I36\" s=\"17\" t=\"s\">\r\n    <main:v>127</main:v>\r\n  </main:c>\r\n  <main:c r=\"J36\" s=\"25\" t=\"s\">\r\n    <main:v>18</main:v>\r\n  </main:c>\r\n  <main:c r=\"K36\" s=\"25\"/>\r\n  <main:c r=\"L36\" s=\"25\"/>\r\n</xml-fragment>"}]},{"name":"Verify username: {0} step...","status":"passed","stage":"finished","start":1550671815907,"stop":1550671815972,"parameters":[{"name":"expectedUserNameMessage","value":"Por favor revisar el código de validación enviado a su celular, puede que tarde unos minutos en llegarle."}]},{"name":"metodo para ingresar codigo de SMS","status":"passed","stage":"finished","start":1550671816473,"stop":1550671846659,"parameters":[{"name":"row","value":"<xml-fragment ht=\"23.25\" r=\"36\" spans=\"1:15\" x14ac:dyDescent=\"0.25\" xmlns:mc=\"http://schemas.openxmlformats.org/markup-compatibility/2006\" xmlns:r=\"http://schemas.openxmlformats.org/officeDocument/2006/relationships\" xmlns:x14ac=\"http://schemas.microsoft.com/office/spreadsheetml/2009/9/ac\" xmlns:main=\"http://schemas.openxmlformats.org/spreadsheetml/2006/main\">\r\n  <main:c r=\"A36\" s=\"29\">\r\n    <main:v>35</main:v>\r\n  </main:c>\r\n  <main:c r=\"B36\" s=\"35\" t=\"s\">\r\n    <main:v>155</main:v>\r\n  </main:c>\r\n  <main:c r=\"C36\" s=\"17\" t=\"s\">\r\n    <main:v>92</main:v>\r\n  </main:c>\r\n  <main:c r=\"D36\" s=\"17\" t=\"s\">\r\n    <main:v>174</main:v>\r\n  </main:c>\r\n  <main:c r=\"E36\" s=\"17\" t=\"s\">\r\n    <main:v>7</main:v>\r\n  </main:c>\r\n  <main:c r=\"F36\" s=\"25\"/>\r\n  <main:c r=\"G36\" s=\"25\"/>\r\n  <main:c r=\"H36\" s=\"25\" t=\"s\">\r\n    <main:v>35</main:v>\r\n  </main:c>\r\n  <main:c r=\"I36\" s=\"17\" t=\"s\">\r\n    <main:v>127</main:v>\r\n  </main:c>\r\n  <main:c r=\"J36\" s=\"25\" t=\"s\">\r\n    <main:v>18</main:v>\r\n  </main:c>\r\n  <main:c r=\"K36\" s=\"25\"/>\r\n  <main:c r=\"L36\" s=\"25\"/>\r\n</xml-fragment>"}]},{"name":"Verify username: {0} step...","status":"broken","statusDetails":{"known":false,"muted":false,"flaky":false,"message":"no such element: Unable to locate element: {\"method\":\"xpath\",\"selector\":\"/html/body/div[4]/div/div/div[2]/div\"}\n  (Session info: chrome=72.0.3626.109)\n  (Driver info: chromedriver=2.36.540470 (e522d04694c7ebea4ba8821272dbef4f9b818c91),platform=Windows NT 6.3.9600 x86_64) (WARNING: The server did not provide any stacktrace information)\nCommand duration or timeout: 0 milliseconds\nFor documentation on this error, please visit: http://seleniumhq.org/exceptions/no_such_element.html\nBuild info: version: '3.6.0', revision: '6fbf3ec767', time: '2017-09-27T15:28:36.4Z'\nSystem info: host: 'MED000008316', ip: '11.35.123.24', os.name: 'Windows 8.1', os.arch: 'amd64', os.version: '6.3', java.version: '10.0.1'\nDriver info: org.openqa.selenium.chrome.ChromeDriver\nCapabilities [{mobileEmulationEnabled=false, hasTouchScreen=false, platform=XP, acceptSslCerts=false, acceptInsecureCerts=false, webStorageEnabled=true, browserName=chrome, takesScreenshot=true, javascriptEnabled=true, platformName=XP, setWindowRect=true, unexpectedAlertBehaviour=, applicationCacheEnabled=false, rotatable=false, networkConnectionEnabled=false, chrome={chromedriverVersion=2.36.540470 (e522d04694c7ebea4ba8821272dbef4f9b818c91), userDataDir=C:\\Users\\ASIHUI~1\\AppData\\Local\\Temp\\scoped_dir10128_28621}, takesHeapSnapshot=true, pageLoadStrategy=normal, unhandledPromptBehavior=, databaseEnabled=false, handlesAlerts=true, version=72.0.3626.109, browserConnectionEnabled=false, nativeEvents=true, locationContextEnabled=true, cssSelectorsEnabled=true}]\nSession ID: d3f978420576978ecf107f7dc047a890\n*** Element info: {Using=xpath, value=/html/body/div[4]/div/div/div[2]/div}","trace":"org.openqa.selenium.NoSuchElementException: no such element: Unable to locate element: {\"method\":\"xpath\",\"selector\":\"/html/body/div[4]/div/div/div[2]/div\"}\n  (Session info: chrome=72.0.3626.109)\n  (Driver info: chromedriver=2.36.540470 (e522d04694c7ebea4ba8821272dbef4f9b818c91),platform=Windows NT 6.3.9600 x86_64) (WARNING: The server did not provide any stacktrace information)\nCommand duration or timeout: 0 milliseconds\nFor documentation on this error, please visit: http://seleniumhq.org/exceptions/no_such_element.html\nBuild info: version: '3.6.0', revision: '6fbf3ec767', time: '2017-09-27T15:28:36.4Z'\nSystem info: host: 'MED000008316', ip: '11.35.123.24', os.name: 'Windows 8.1', os.arch: 'amd64', os.version: '6.3', java.version: '10.0.1'\nDriver info: org.openqa.selenium.chrome.ChromeDriver\nCapabilities [{mobileEmulationEnabled=false, hasTouchScreen=false, platform=XP, acceptSslCerts=false, acceptInsecureCerts=false, webStorageEnabled=true, browserName=chrome, takesScreenshot=true, javascriptEnabled=true, platformName=XP, setWindowRect=true, unexpectedAlertBehaviour=, applicationCacheEnabled=false, rotatable=false, networkConnectionEnabled=false, chrome={chromedriverVersion=2.36.540470 (e522d04694c7ebea4ba8821272dbef4f9b818c91), userDataDir=C:\\Users\\ASIHUI~1\\AppData\\Local\\Temp\\scoped_dir10128_28621}, takesHeapSnapshot=true, pageLoadStrategy=normal, unhandledPromptBehavior=, databaseEnabled=false, handlesAlerts=true, version=72.0.3626.109, browserConnectionEnabled=false, nativeEvents=true, locationContextEnabled=true, cssSelectorsEnabled=true}]\nSession ID: d3f978420576978ecf107f7dc047a890\n*** Element info: {Using=xpath, value=/html/body/div[4]/div/div/div[2]/div}\r\n\tat java.base/jdk.internal.reflect.NativeConstructorAccessorImpl.newInstance0(Native Method)\r\n\tat java.base/jdk.internal.reflect.NativeConstructorAccessorImpl.newInstance(Unknown Source)\r\n\tat java.base/jdk.internal.reflect.DelegatingConstructorAccessorImpl.newInstance(Unknown Source)\r\n\tat java.base/java.lang.reflect.Constructor.newInstance(Unknown Source)\r\n\tat org.openqa.selenium.remote.ErrorHandler.createThrowable(ErrorHandler.java:214)\r\n\tat org.openqa.selenium.remote.ErrorHandler.throwIfResponseFailed(ErrorHandler.java:166)\r\n\tat org.openqa.selenium.remote.http.JsonHttpResponseCodec.reconstructValue(JsonHttpResponseCodec.java:40)\r\n\tat org.openqa.selenium.remote.http.AbstractHttpResponseCodec.decode(AbstractHttpResponseCodec.java:82)\r\n\tat org.openqa.selenium.remote.http.AbstractHttpResponseCodec.decode(AbstractHttpResponseCodec.java:45)\r\n\tat org.openqa.selenium.remote.HttpCommandExecutor.execute(HttpCommandExecutor.java:164)\r\n\tat org.openqa.selenium.remote.service.DriverCommandExecutor.execute(DriverCommandExecutor.java:83)\r\n\tat org.openqa.selenium.remote.RemoteWebDriver.execute(RemoteWebDriver.java:586)\r\n\tat org.openqa.selenium.remote.RemoteWebDriver.findElement(RemoteWebDriver.java:356)\r\n\tat org.openqa.selenium.remote.RemoteWebDriver.findElementByXPath(RemoteWebDriver.java:458)\r\n\tat org.openqa.selenium.By$ByXPath.findElement(By.java:361)\r\n\tat org.openqa.selenium.remote.RemoteWebDriver.findElement(RemoteWebDriver.java:348)\r\n\tat objectDriver.BasePages.readText(BasePages.java:39)\r\n\tat died_procesos_generales.pgForgotPassPage.ForgotPassPage.verifyMessage01_aroundBody18(ForgotPassPage.java:247)\r\n\tat died_procesos_generales.pgForgotPassPage.ForgotPassPage$AjcClosure19.run(ForgotPassPage.java:1)\r\n\tat org.aspectj.runtime.reflect.JoinPointImpl.proceed(JoinPointImpl.java:149)\r\n\tat io.qameta.allure.aspects.StepsAspects.step(StepsAspects.java:46)\r\n\tat died_procesos_generales.pgForgotPassPage.ForgotPassPage.verifyMessage01(ForgotPassPage.java:247)\r\n\tat died_procesos_generales.pgForgotPassTest.PassSmsTest.SmsPassCaseTest01(PassSmsTest.java:61)\r\n\tat java.base/jdk.internal.reflect.NativeMethodAccessorImpl.invoke0(Native Method)\r\n\tat java.base/jdk.internal.reflect.NativeMethodAccessorImpl.invoke(Unknown Source)\r\n\tat java.base/jdk.internal.reflect.DelegatingMethodAccessorImpl.invoke(Unknown Source)\r\n\tat java.base/java.lang.reflect.Method.invoke(Unknown Source)\r\n\tat org.testng.internal.MethodInvocationHelper.invokeMethod(MethodInvocationHelper.java:108)\r\n\tat org.testng.internal.Invoker.invokeMethod(Invoker.java:661)\r\n\tat org.testng.internal.Invoker.retryFailed(Invoker.java:1014)\r\n\tat org.testng.internal.Invoker.invokeTestMethods(Invoker.java:1215)\r\n\tat org.testng.internal.TestMethodWorker.invokeTestMethods(TestMethodWorker.java:126)\r\n\tat org.testng.internal.TestMethodWorker.run(TestMethodWorker.java:109)\r\n\tat org.testng.TestRunner.privateRun(TestRunner.java:744)\r\n\tat org.testng.TestRunner.run(TestRunner.java:602)\r\n\tat org.testng.SuiteRunner.runTest(SuiteRunner.java:380)\r\n\tat org.testng.SuiteRunner.runSequentially(SuiteRunner.java:375)\r\n\tat org.testng.SuiteRunner.privateRun(SuiteRunner.java:340)\r\n\tat org.testng.SuiteRunner.run(SuiteRunner.java:289)\r\n\tat org.testng.SuiteRunnerWorker.runSuite(SuiteRunnerWorker.java:52)\r\n\tat org.testng.SuiteRunnerWorker.run(SuiteRunnerWorker.java:86)\r\n\tat org.testng.TestNG.runSuitesSequentially(TestNG.java:1301)\r\n\tat org.testng.TestNG.runSuitesLocally(TestNG.java:1226)\r\n\tat org.testng.TestNG.runSuites(TestNG.java:1144)\r\n\tat org.testng.TestNG.run(TestNG.java:1115)\r\n\tat org.testng.remote.AbstractRemoteTestNG.run(AbstractRemoteTestNG.java:114)\r\n\tat org.testng.remote.RemoteTestNG.initAndRun(RemoteTestNG.java:251)\r\n\tat org.testng.remote.RemoteTestNG.main(RemoteTestNG.java:77)\r\n"},"stage":"finished","start":1550671847159,"stop":1550671847176,"parameters":[{"name":"expectedUserNameMessage","value":"La contraseña ingresada no puede ser igual a la última utilizada anteriormente."}]}],"attachments":[{"name":"Page screenshot","source":"759b432d-599e-49d4-8e13-3dabdcc078b1-attachment","type":"image/png"},{"name":"{0}","source":"9021cdb3-ea48-4f5b-988d-e9927bb83821-attachment","type":"text/plain"},{"name":"Page screenshot","source":"a607f076-ef13-4056-a971-08585b5125c5-attachment","type":"image/png"},{"name":"{0}","source":"5d9b5664-ff9a-46ba-8a52-7e04c18fae22-attachment","type":"text/plain"}],"parameters":[]}