{"uuid":"808e1262-7717-4a23-a359-77aeb8b9c319","historyId":"5b7c245bdb13b90c9a32e410e71f4d1e","fullName":"died_procesos_generales.pgForgotPassTest.PassSmsTest.SmsPassCaseTest10","labels":[{"name":"package","value":"died_procesos_generales.pgForgotPassTest.PassSmsTest"},{"name":"testClass","value":"died_procesos_generales.pgForgotPassTest.PassSmsTest"},{"name":"testMethod","value":"SmsPassCaseTest10"},{"name":"parentSuite","value":"Login"},{"name":"suite","value":"Test_03"},{"name":"subSuite","value":"died_procesos_generales.pgForgotPassTest.PassSmsTest"},{"name":"host","value":"med000008316"},{"name":"thread","value":"3524@med000008316.main(1)"},{"name":"epic","value":"Regression Tests"},{"name":"feature","value":"Forgot Tests"}],"links":[],"name":"SmsPassCaseTest10","status":"skipped","statusDetails":{"known":false,"muted":false,"flaky":false,"message":"expected [La nueva contraseña debe contener solo letras y números, por favor verifique.] but found [El código de validación no existe o ha expirado.]","trace":"java.lang.AssertionError: expected [La nueva contraseña debe contener solo letras y números, por favor verifique.] but found [El código de validación no existe o ha expirado.]\r\n\tat org.testng.Assert.fail(Assert.java:93)\r\n\tat org.testng.Assert.failNotEquals(Assert.java:512)\r\n\tat org.testng.Assert.assertEqualsImpl(Assert.java:134)\r\n\tat org.testng.Assert.assertEquals(Assert.java:115)\r\n\tat org.testng.Assert.assertEquals(Assert.java:189)\r\n\tat org.testng.Assert.assertEquals(Assert.java:199)\r\n\tat died_procesos_generales.pgForgotPassPage.ForgotPassPage.verifyMessage01_aroundBody18(ForgotPassPage.java:247)\r\n\tat died_procesos_generales.pgForgotPassPage.ForgotPassPage$AjcClosure19.run(ForgotPassPage.java:1)\r\n\tat org.aspectj.runtime.reflect.JoinPointImpl.proceed(JoinPointImpl.java:149)\r\n\tat io.qameta.allure.aspects.StepsAspects.step(StepsAspects.java:46)\r\n\tat died_procesos_generales.pgForgotPassPage.ForgotPassPage.verifyMessage01(ForgotPassPage.java:247)\r\n\tat died_procesos_generales.pgForgotPassTest.PassSmsTest.SmsPassCaseTest10(PassSmsTest.java:243)\r\n\tat java.base/jdk.internal.reflect.NativeMethodAccessorImpl.invoke0(Native Method)\r\n\tat java.base/jdk.internal.reflect.NativeMethodAccessorImpl.invoke(Unknown Source)\r\n\tat java.base/jdk.internal.reflect.DelegatingMethodAccessorImpl.invoke(Unknown Source)\r\n\tat java.base/java.lang.reflect.Method.invoke(Unknown Source)\r\n\tat org.testng.internal.MethodInvocationHelper.invokeMethod(MethodInvocationHelper.java:108)\r\n\tat org.testng.internal.Invoker.invokeMethod(Invoker.java:661)\r\n\tat org.testng.internal.Invoker.invokeTestMethod(Invoker.java:869)\r\n\tat org.testng.internal.Invoker.invokeTestMethods(Invoker.java:1193)\r\n\tat org.testng.internal.TestMethodWorker.invokeTestMethods(TestMethodWorker.java:126)\r\n\tat org.testng.internal.TestMethodWorker.run(TestMethodWorker.java:109)\r\n\tat org.testng.TestRunner.privateRun(TestRunner.java:744)\r\n\tat org.testng.TestRunner.run(TestRunner.java:602)\r\n\tat org.testng.SuiteRunner.runTest(SuiteRunner.java:380)\r\n\tat org.testng.SuiteRunner.runSequentially(SuiteRunner.java:375)\r\n\tat org.testng.SuiteRunner.privateRun(SuiteRunner.java:340)\r\n\tat org.testng.SuiteRunner.run(SuiteRunner.java:289)\r\n\tat org.testng.SuiteRunnerWorker.runSuite(SuiteRunnerWorker.java:52)\r\n\tat org.testng.SuiteRunnerWorker.run(SuiteRunnerWorker.java:86)\r\n\tat org.testng.TestNG.runSuitesSequentially(TestNG.java:1301)\r\n\tat org.testng.TestNG.runSuitesLocally(TestNG.java:1226)\r\n\tat org.testng.TestNG.runSuites(TestNG.java:1144)\r\n\tat org.testng.TestNG.run(TestNG.java:1115)\r\n\tat org.testng.remote.AbstractRemoteTestNG.run(AbstractRemoteTestNG.java:114)\r\n\tat org.testng.remote.RemoteTestNG.initAndRun(RemoteTestNG.java:251)\r\n\tat org.testng.remote.RemoteTestNG.main(RemoteTestNG.java:77)\r\n"},"stage":"finished","start":1550767845896,"stop":1550767847730,"steps":[{"name":"metodo para validar las contraseñas","status":"passed","stage":"finished","start":1550767845896,"stop":1550767846498,"parameters":[{"name":"row","value":"<xml-fragment ht=\"23.25\" r=\"12\" spans=\"1:12\" x14ac:dyDescent=\"0.25\" xmlns:mc=\"http://schemas.openxmlformats.org/markup-compatibility/2006\" xmlns:r=\"http://schemas.openxmlformats.org/officeDocument/2006/relationships\" xmlns:x14ac=\"http://schemas.microsoft.com/office/spreadsheetml/2009/9/ac\" xmlns:main=\"http://schemas.openxmlformats.org/spreadsheetml/2006/main\">\r\n  <main:c r=\"A12\" s=\"36\">\r\n    <main:v>11</main:v>\r\n  </main:c>\r\n  <main:c r=\"B12\" s=\"38\" t=\"s\">\r\n    <main:v>196</main:v>\r\n  </main:c>\r\n  <main:c r=\"C12\" s=\"28\" t=\"s\">\r\n    <main:v>135</main:v>\r\n  </main:c>\r\n  <main:c r=\"D12\" s=\"8\" t=\"s\">\r\n    <main:v>134</main:v>\r\n  </main:c>\r\n  <main:c r=\"E12\" s=\"18\" t=\"s\">\r\n    <main:v>136</main:v>\r\n  </main:c>\r\n  <main:c r=\"F12\" s=\"18\"/>\r\n  <main:c r=\"G12\" s=\"18\"/>\r\n  <main:c r=\"H12\" s=\"18\"/>\r\n  <main:c r=\"I12\" s=\"8\" t=\"s\">\r\n    <main:v>137</main:v>\r\n  </main:c>\r\n  <main:c r=\"J12\" s=\"21\" t=\"s\">\r\n    <main:v>18</main:v>\r\n  </main:c>\r\n  <main:c r=\"K12\" s=\"18\"/>\r\n  <main:c r=\"L12\" s=\"18\"/>\r\n</xml-fragment>"}]},{"name":"Verify username: {0} step...","status":"failed","statusDetails":{"known":false,"muted":false,"flaky":false,"message":"expected [La nueva contraseña debe contener solo letras y números, por favor verifique.] but found [El código de validación no existe o ha expirado.]","trace":"java.lang.AssertionError: expected [La nueva contraseña debe contener solo letras y números, por favor verifique.] but found [El código de validación no existe o ha expirado.]\r\n\tat org.testng.Assert.fail(Assert.java:93)\r\n\tat org.testng.Assert.failNotEquals(Assert.java:512)\r\n\tat org.testng.Assert.assertEqualsImpl(Assert.java:134)\r\n\tat org.testng.Assert.assertEquals(Assert.java:115)\r\n\tat org.testng.Assert.assertEquals(Assert.java:189)\r\n\tat org.testng.Assert.assertEquals(Assert.java:199)\r\n\tat died_procesos_generales.pgForgotPassPage.ForgotPassPage.verifyMessage01_aroundBody18(ForgotPassPage.java:247)\r\n\tat died_procesos_generales.pgForgotPassPage.ForgotPassPage$AjcClosure19.run(ForgotPassPage.java:1)\r\n\tat org.aspectj.runtime.reflect.JoinPointImpl.proceed(JoinPointImpl.java:149)\r\n\tat io.qameta.allure.aspects.StepsAspects.step(StepsAspects.java:46)\r\n\tat died_procesos_generales.pgForgotPassPage.ForgotPassPage.verifyMessage01(ForgotPassPage.java:247)\r\n\tat died_procesos_generales.pgForgotPassTest.PassSmsTest.SmsPassCaseTest10(PassSmsTest.java:243)\r\n\tat java.base/jdk.internal.reflect.NativeMethodAccessorImpl.invoke0(Native Method)\r\n\tat java.base/jdk.internal.reflect.NativeMethodAccessorImpl.invoke(Unknown Source)\r\n\tat java.base/jdk.internal.reflect.DelegatingMethodAccessorImpl.invoke(Unknown Source)\r\n\tat java.base/java.lang.reflect.Method.invoke(Unknown Source)\r\n\tat org.testng.internal.MethodInvocationHelper.invokeMethod(MethodInvocationHelper.java:108)\r\n\tat org.testng.internal.Invoker.invokeMethod(Invoker.java:661)\r\n\tat org.testng.internal.Invoker.invokeTestMethod(Invoker.java:869)\r\n\tat org.testng.internal.Invoker.invokeTestMethods(Invoker.java:1193)\r\n\tat org.testng.internal.TestMethodWorker.invokeTestMethods(TestMethodWorker.java:126)\r\n\tat org.testng.internal.TestMethodWorker.run(TestMethodWorker.java:109)\r\n\tat org.testng.TestRunner.privateRun(TestRunner.java:744)\r\n\tat org.testng.TestRunner.run(TestRunner.java:602)\r\n\tat org.testng.SuiteRunner.runTest(SuiteRunner.java:380)\r\n\tat org.testng.SuiteRunner.runSequentially(SuiteRunner.java:375)\r\n\tat org.testng.SuiteRunner.privateRun(SuiteRunner.java:340)\r\n\tat org.testng.SuiteRunner.run(SuiteRunner.java:289)\r\n\tat org.testng.SuiteRunnerWorker.runSuite(SuiteRunnerWorker.java:52)\r\n\tat org.testng.SuiteRunnerWorker.run(SuiteRunnerWorker.java:86)\r\n\tat org.testng.TestNG.runSuitesSequentially(TestNG.java:1301)\r\n\tat org.testng.TestNG.runSuitesLocally(TestNG.java:1226)\r\n\tat org.testng.TestNG.runSuites(TestNG.java:1144)\r\n\tat org.testng.TestNG.run(TestNG.java:1115)\r\n\tat org.testng.remote.AbstractRemoteTestNG.run(AbstractRemoteTestNG.java:114)\r\n\tat org.testng.remote.RemoteTestNG.initAndRun(RemoteTestNG.java:251)\r\n\tat org.testng.remote.RemoteTestNG.main(RemoteTestNG.java:77)\r\n"},"stage":"finished","start":1550767846998,"stop":1550767847018,"parameters":[{"name":"expectedUserNameMessage","value":"La nueva contraseña debe contener solo letras y números, por favor verifique."}]}],"parameters":[]}