{"uuid":"9b3d4863-36a3-4b91-b855-20e7b8b62619","historyId":"98dce160043c7553ca8ce125b175f8a","fullName":"died_procesos_generales.pgPerfilTest.PerfilTest.PerfilCaseTest03","labels":[{"name":"package","value":"died_procesos_generales.pgPerfilTest.PerfilTest"},{"name":"testClass","value":"died_procesos_generales.pgPerfilTest.PerfilTest"},{"name":"testMethod","value":"PerfilCaseTest03"},{"name":"parentSuite","value":"Login"},{"name":"suite","value":"Test_05"},{"name":"subSuite","value":"died_procesos_generales.pgPerfilTest.PerfilTest"},{"name":"host","value":"med000008316"},{"name":"thread","value":"6488@med000008316.main(1)"},{"name":"epic","value":"Regression Tests"},{"name":"feature","value":"Perfil Tests"}],"links":[],"name":"PerfilCaseTest03","status":"skipped","statusDetails":{"known":false,"muted":false,"flaky":false,"message":"no such element: Unable to locate element: {\"method\":\"xpath\",\"selector\":\"//*[@id=\"perfil_btn_cambiar_telefono\"]\"}\n  (Session info: chrome=72.0.3626.119)\n  (Driver info: chromedriver=2.36.540470 (e522d04694c7ebea4ba8821272dbef4f9b818c91),platform=Windows NT 6.3.9600 x86_64) (WARNING: The server did not provide any stacktrace information)\nCommand duration or timeout: 0 milliseconds\nFor documentation on this error, please visit: http://seleniumhq.org/exceptions/no_such_element.html\nBuild info: version: '3.6.0', revision: '6fbf3ec767', time: '2017-09-27T15:28:36.4Z'\nSystem info: host: 'MED000008316', ip: '11.35.123.24', os.name: 'Windows 8.1', os.arch: 'amd64', os.version: '6.3', java.version: '10.0.1'\nDriver info: org.openqa.selenium.chrome.ChromeDriver\nCapabilities [{mobileEmulationEnabled=false, hasTouchScreen=false, platform=XP, acceptSslCerts=false, acceptInsecureCerts=false, webStorageEnabled=true, browserName=chrome, takesScreenshot=true, javascriptEnabled=true, platformName=XP, setWindowRect=true, unexpectedAlertBehaviour=, applicationCacheEnabled=false, rotatable=false, networkConnectionEnabled=false, chrome={chromedriverVersion=2.36.540470 (e522d04694c7ebea4ba8821272dbef4f9b818c91), userDataDir=C:\\Users\\ASIHUI~1\\AppData\\Local\\Temp\\scoped_dir10964_3317}, takesHeapSnapshot=true, pageLoadStrategy=normal, unhandledPromptBehavior=, databaseEnabled=false, handlesAlerts=true, version=72.0.3626.119, browserConnectionEnabled=false, nativeEvents=true, locationContextEnabled=true, cssSelectorsEnabled=true}]\nSession ID: a61277bdf77d1afdc5c4a63a2bd0742b\n*** Element info: {Using=xpath, value=//*[@id=\"perfil_btn_cambiar_telefono\"]}","trace":"org.openqa.selenium.NoSuchElementException: no such element: Unable to locate element: {\"method\":\"xpath\",\"selector\":\"//*[@id=\"perfil_btn_cambiar_telefono\"]\"}\n  (Session info: chrome=72.0.3626.119)\n  (Driver info: chromedriver=2.36.540470 (e522d04694c7ebea4ba8821272dbef4f9b818c91),platform=Windows NT 6.3.9600 x86_64) (WARNING: The server did not provide any stacktrace information)\nCommand duration or timeout: 0 milliseconds\nFor documentation on this error, please visit: http://seleniumhq.org/exceptions/no_such_element.html\nBuild info: version: '3.6.0', revision: '6fbf3ec767', time: '2017-09-27T15:28:36.4Z'\nSystem info: host: 'MED000008316', ip: '11.35.123.24', os.name: 'Windows 8.1', os.arch: 'amd64', os.version: '6.3', java.version: '10.0.1'\nDriver info: org.openqa.selenium.chrome.ChromeDriver\nCapabilities [{mobileEmulationEnabled=false, hasTouchScreen=false, platform=XP, acceptSslCerts=false, acceptInsecureCerts=false, webStorageEnabled=true, browserName=chrome, takesScreenshot=true, javascriptEnabled=true, platformName=XP, setWindowRect=true, unexpectedAlertBehaviour=, applicationCacheEnabled=false, rotatable=false, networkConnectionEnabled=false, chrome={chromedriverVersion=2.36.540470 (e522d04694c7ebea4ba8821272dbef4f9b818c91), userDataDir=C:\\Users\\ASIHUI~1\\AppData\\Local\\Temp\\scoped_dir10964_3317}, takesHeapSnapshot=true, pageLoadStrategy=normal, unhandledPromptBehavior=, databaseEnabled=false, handlesAlerts=true, version=72.0.3626.119, browserConnectionEnabled=false, nativeEvents=true, locationContextEnabled=true, cssSelectorsEnabled=true}]\nSession ID: a61277bdf77d1afdc5c4a63a2bd0742b\n*** Element info: {Using=xpath, value=//*[@id=\"perfil_btn_cambiar_telefono\"]}\r\n\tat java.base/jdk.internal.reflect.NativeConstructorAccessorImpl.newInstance0(Native Method)\r\n\tat java.base/jdk.internal.reflect.NativeConstructorAccessorImpl.newInstance(Unknown Source)\r\n\tat java.base/jdk.internal.reflect.DelegatingConstructorAccessorImpl.newInstance(Unknown Source)\r\n\tat java.base/java.lang.reflect.Constructor.newInstance(Unknown Source)\r\n\tat org.openqa.selenium.remote.ErrorHandler.createThrowable(ErrorHandler.java:214)\r\n\tat org.openqa.selenium.remote.ErrorHandler.throwIfResponseFailed(ErrorHandler.java:166)\r\n\tat org.openqa.selenium.remote.http.JsonHttpResponseCodec.reconstructValue(JsonHttpResponseCodec.java:40)\r\n\tat org.openqa.selenium.remote.http.AbstractHttpResponseCodec.decode(AbstractHttpResponseCodec.java:82)\r\n\tat org.openqa.selenium.remote.http.AbstractHttpResponseCodec.decode(AbstractHttpResponseCodec.java:45)\r\n\tat org.openqa.selenium.remote.HttpCommandExecutor.execute(HttpCommandExecutor.java:164)\r\n\tat org.openqa.selenium.remote.service.DriverCommandExecutor.execute(DriverCommandExecutor.java:83)\r\n\tat org.openqa.selenium.remote.RemoteWebDriver.execute(RemoteWebDriver.java:586)\r\n\tat org.openqa.selenium.remote.RemoteWebDriver.findElement(RemoteWebDriver.java:356)\r\n\tat org.openqa.selenium.remote.RemoteWebDriver.findElementByXPath(RemoteWebDriver.java:458)\r\n\tat org.openqa.selenium.By$ByXPath.findElement(By.java:361)\r\n\tat org.openqa.selenium.remote.RemoteWebDriver.findElement(RemoteWebDriver.java:348)\r\n\tat objectDriver.BasePages.click(BasePages.java:24)\r\n\tat died_procesos_generales.pgPerfilPage.PerfilPage.ModTelf_aroundBody20(PerfilPage.java:296)\r\n\tat died_procesos_generales.pgPerfilPage.PerfilPage$AjcClosure21.run(PerfilPage.java:1)\r\n\tat org.aspectj.runtime.reflect.JoinPointImpl.proceed(JoinPointImpl.java:149)\r\n\tat io.qameta.allure.aspects.StepsAspects.step(StepsAspects.java:46)\r\n\tat died_procesos_generales.pgPerfilPage.PerfilPage.ModTelf(PerfilPage.java:296)\r\n\tat died_procesos_generales.pgPerfilTest.PerfilTest.PerfilCaseTest03(PerfilTest.java:155)\r\n\tat java.base/jdk.internal.reflect.NativeMethodAccessorImpl.invoke0(Native Method)\r\n\tat java.base/jdk.internal.reflect.NativeMethodAccessorImpl.invoke(Unknown Source)\r\n\tat java.base/jdk.internal.reflect.DelegatingMethodAccessorImpl.invoke(Unknown Source)\r\n\tat java.base/java.lang.reflect.Method.invoke(Unknown Source)\r\n\tat org.testng.internal.MethodInvocationHelper.invokeMethod(MethodInvocationHelper.java:108)\r\n\tat org.testng.internal.Invoker.invokeMethod(Invoker.java:661)\r\n\tat org.testng.internal.Invoker.invokeTestMethod(Invoker.java:869)\r\n\tat org.testng.internal.Invoker.invokeTestMethods(Invoker.java:1193)\r\n\tat org.testng.internal.TestMethodWorker.invokeTestMethods(TestMethodWorker.java:126)\r\n\tat org.testng.internal.TestMethodWorker.run(TestMethodWorker.java:109)\r\n\tat org.testng.TestRunner.privateRun(TestRunner.java:744)\r\n\tat org.testng.TestRunner.run(TestRunner.java:602)\r\n\tat org.testng.SuiteRunner.runTest(SuiteRunner.java:380)\r\n\tat org.testng.SuiteRunner.runSequentially(SuiteRunner.java:375)\r\n\tat org.testng.SuiteRunner.privateRun(SuiteRunner.java:340)\r\n\tat org.testng.SuiteRunner.run(SuiteRunner.java:289)\r\n\tat org.testng.SuiteRunnerWorker.runSuite(SuiteRunnerWorker.java:52)\r\n\tat org.testng.SuiteRunnerWorker.run(SuiteRunnerWorker.java:86)\r\n\tat org.testng.TestNG.runSuitesSequentially(TestNG.java:1301)\r\n\tat org.testng.TestNG.runSuitesLocally(TestNG.java:1226)\r\n\tat org.testng.TestNG.runSuites(TestNG.java:1144)\r\n\tat org.testng.TestNG.run(TestNG.java:1115)\r\n\tat org.testng.remote.AbstractRemoteTestNG.run(AbstractRemoteTestNG.java:114)\r\n\tat org.testng.remote.RemoteTestNG.initAndRun(RemoteTestNG.java:251)\r\n\tat org.testng.remote.RemoteTestNG.main(RemoteTestNG.java:77)\r\n"},"stage":"finished","start":1551202490659,"stop":1551202495220,"steps":[{"name":"Open N12 Step...","status":"passed","stage":"finished","start":1551202490660,"stop":1551202493464},{"name":"metodo para Modificar Telefono Fijo","status":"broken","statusDetails":{"known":false,"muted":false,"flaky":false,"message":"no such element: Unable to locate element: {\"method\":\"xpath\",\"selector\":\"//*[@id=\"perfil_btn_cambiar_telefono\"]\"}\n  (Session info: chrome=72.0.3626.119)\n  (Driver info: chromedriver=2.36.540470 (e522d04694c7ebea4ba8821272dbef4f9b818c91),platform=Windows NT 6.3.9600 x86_64) (WARNING: The server did not provide any stacktrace information)\nCommand duration or timeout: 0 milliseconds\nFor documentation on this error, please visit: http://seleniumhq.org/exceptions/no_such_element.html\nBuild info: version: '3.6.0', revision: '6fbf3ec767', time: '2017-09-27T15:28:36.4Z'\nSystem info: host: 'MED000008316', ip: '11.35.123.24', os.name: 'Windows 8.1', os.arch: 'amd64', os.version: '6.3', java.version: '10.0.1'\nDriver info: org.openqa.selenium.chrome.ChromeDriver\nCapabilities [{mobileEmulationEnabled=false, hasTouchScreen=false, platform=XP, acceptSslCerts=false, acceptInsecureCerts=false, webStorageEnabled=true, browserName=chrome, takesScreenshot=true, javascriptEnabled=true, platformName=XP, setWindowRect=true, unexpectedAlertBehaviour=, applicationCacheEnabled=false, rotatable=false, networkConnectionEnabled=false, chrome={chromedriverVersion=2.36.540470 (e522d04694c7ebea4ba8821272dbef4f9b818c91), userDataDir=C:\\Users\\ASIHUI~1\\AppData\\Local\\Temp\\scoped_dir10964_3317}, takesHeapSnapshot=true, pageLoadStrategy=normal, unhandledPromptBehavior=, databaseEnabled=false, handlesAlerts=true, version=72.0.3626.119, browserConnectionEnabled=false, nativeEvents=true, locationContextEnabled=true, cssSelectorsEnabled=true}]\nSession ID: a61277bdf77d1afdc5c4a63a2bd0742b\n*** Element info: {Using=xpath, value=//*[@id=\"perfil_btn_cambiar_telefono\"]}","trace":"org.openqa.selenium.NoSuchElementException: no such element: Unable to locate element: {\"method\":\"xpath\",\"selector\":\"//*[@id=\"perfil_btn_cambiar_telefono\"]\"}\n  (Session info: chrome=72.0.3626.119)\n  (Driver info: chromedriver=2.36.540470 (e522d04694c7ebea4ba8821272dbef4f9b818c91),platform=Windows NT 6.3.9600 x86_64) (WARNING: The server did not provide any stacktrace information)\nCommand duration or timeout: 0 milliseconds\nFor documentation on this error, please visit: http://seleniumhq.org/exceptions/no_such_element.html\nBuild info: version: '3.6.0', revision: '6fbf3ec767', time: '2017-09-27T15:28:36.4Z'\nSystem info: host: 'MED000008316', ip: '11.35.123.24', os.name: 'Windows 8.1', os.arch: 'amd64', os.version: '6.3', java.version: '10.0.1'\nDriver info: org.openqa.selenium.chrome.ChromeDriver\nCapabilities [{mobileEmulationEnabled=false, hasTouchScreen=false, platform=XP, acceptSslCerts=false, acceptInsecureCerts=false, webStorageEnabled=true, browserName=chrome, takesScreenshot=true, javascriptEnabled=true, platformName=XP, setWindowRect=true, unexpectedAlertBehaviour=, applicationCacheEnabled=false, rotatable=false, networkConnectionEnabled=false, chrome={chromedriverVersion=2.36.540470 (e522d04694c7ebea4ba8821272dbef4f9b818c91), userDataDir=C:\\Users\\ASIHUI~1\\AppData\\Local\\Temp\\scoped_dir10964_3317}, takesHeapSnapshot=true, pageLoadStrategy=normal, unhandledPromptBehavior=, databaseEnabled=false, handlesAlerts=true, version=72.0.3626.119, browserConnectionEnabled=false, nativeEvents=true, locationContextEnabled=true, cssSelectorsEnabled=true}]\nSession ID: a61277bdf77d1afdc5c4a63a2bd0742b\n*** Element info: {Using=xpath, value=//*[@id=\"perfil_btn_cambiar_telefono\"]}\r\n\tat java.base/jdk.internal.reflect.NativeConstructorAccessorImpl.newInstance0(Native Method)\r\n\tat java.base/jdk.internal.reflect.NativeConstructorAccessorImpl.newInstance(Unknown Source)\r\n\tat java.base/jdk.internal.reflect.DelegatingConstructorAccessorImpl.newInstance(Unknown Source)\r\n\tat java.base/java.lang.reflect.Constructor.newInstance(Unknown Source)\r\n\tat org.openqa.selenium.remote.ErrorHandler.createThrowable(ErrorHandler.java:214)\r\n\tat org.openqa.selenium.remote.ErrorHandler.throwIfResponseFailed(ErrorHandler.java:166)\r\n\tat org.openqa.selenium.remote.http.JsonHttpResponseCodec.reconstructValue(JsonHttpResponseCodec.java:40)\r\n\tat org.openqa.selenium.remote.http.AbstractHttpResponseCodec.decode(AbstractHttpResponseCodec.java:82)\r\n\tat org.openqa.selenium.remote.http.AbstractHttpResponseCodec.decode(AbstractHttpResponseCodec.java:45)\r\n\tat org.openqa.selenium.remote.HttpCommandExecutor.execute(HttpCommandExecutor.java:164)\r\n\tat org.openqa.selenium.remote.service.DriverCommandExecutor.execute(DriverCommandExecutor.java:83)\r\n\tat org.openqa.selenium.remote.RemoteWebDriver.execute(RemoteWebDriver.java:586)\r\n\tat org.openqa.selenium.remote.RemoteWebDriver.findElement(RemoteWebDriver.java:356)\r\n\tat org.openqa.selenium.remote.RemoteWebDriver.findElementByXPath(RemoteWebDriver.java:458)\r\n\tat org.openqa.selenium.By$ByXPath.findElement(By.java:361)\r\n\tat org.openqa.selenium.remote.RemoteWebDriver.findElement(RemoteWebDriver.java:348)\r\n\tat objectDriver.BasePages.click(BasePages.java:24)\r\n\tat died_procesos_generales.pgPerfilPage.PerfilPage.ModTelf_aroundBody20(PerfilPage.java:296)\r\n\tat died_procesos_generales.pgPerfilPage.PerfilPage$AjcClosure21.run(PerfilPage.java:1)\r\n\tat org.aspectj.runtime.reflect.JoinPointImpl.proceed(JoinPointImpl.java:149)\r\n\tat io.qameta.allure.aspects.StepsAspects.step(StepsAspects.java:46)\r\n\tat died_procesos_generales.pgPerfilPage.PerfilPage.ModTelf(PerfilPage.java:296)\r\n\tat died_procesos_generales.pgPerfilTest.PerfilTest.PerfilCaseTest03(PerfilTest.java:155)\r\n\tat java.base/jdk.internal.reflect.NativeMethodAccessorImpl.invoke0(Native Method)\r\n\tat java.base/jdk.internal.reflect.NativeMethodAccessorImpl.invoke(Unknown Source)\r\n\tat java.base/jdk.internal.reflect.DelegatingMethodAccessorImpl.invoke(Unknown Source)\r\n\tat java.base/java.lang.reflect.Method.invoke(Unknown Source)\r\n\tat org.testng.internal.MethodInvocationHelper.invokeMethod(MethodInvocationHelper.java:108)\r\n\tat org.testng.internal.Invoker.invokeMethod(Invoker.java:661)\r\n\tat org.testng.internal.Invoker.invokeTestMethod(Invoker.java:869)\r\n\tat org.testng.internal.Invoker.invokeTestMethods(Invoker.java:1193)\r\n\tat org.testng.internal.TestMethodWorker.invokeTestMethods(TestMethodWorker.java:126)\r\n\tat org.testng.internal.TestMethodWorker.run(TestMethodWorker.java:109)\r\n\tat org.testng.TestRunner.privateRun(TestRunner.java:744)\r\n\tat org.testng.TestRunner.run(TestRunner.java:602)\r\n\tat org.testng.SuiteRunner.runTest(SuiteRunner.java:380)\r\n\tat org.testng.SuiteRunner.runSequentially(SuiteRunner.java:375)\r\n\tat org.testng.SuiteRunner.privateRun(SuiteRunner.java:340)\r\n\tat org.testng.SuiteRunner.run(SuiteRunner.java:289)\r\n\tat org.testng.SuiteRunnerWorker.runSuite(SuiteRunnerWorker.java:52)\r\n\tat org.testng.SuiteRunnerWorker.run(SuiteRunnerWorker.java:86)\r\n\tat org.testng.TestNG.runSuitesSequentially(TestNG.java:1301)\r\n\tat org.testng.TestNG.runSuitesLocally(TestNG.java:1226)\r\n\tat org.testng.TestNG.runSuites(TestNG.java:1144)\r\n\tat org.testng.TestNG.run(TestNG.java:1115)\r\n\tat org.testng.remote.AbstractRemoteTestNG.run(AbstractRemoteTestNG.java:114)\r\n\tat org.testng.remote.RemoteTestNG.initAndRun(RemoteTestNG.java:251)\r\n\tat org.testng.remote.RemoteTestNG.main(RemoteTestNG.java:77)\r\n"},"stage":"finished","start":1551202494468,"stop":1551202494522,"parameters":[{"name":"row","value":"<xml-fragment customHeight=\"1\" ht=\"14.25\" r=\"4\" spans=\"1:54\" x14ac:dyDescent=\"0.25\" xmlns:mc=\"http://schemas.openxmlformats.org/markup-compatibility/2006\" xmlns:r=\"http://schemas.openxmlformats.org/officeDocument/2006/relationships\" xmlns:x14ac=\"http://schemas.microsoft.com/office/spreadsheetml/2009/9/ac\" xmlns:main=\"http://schemas.openxmlformats.org/spreadsheetml/2006/main\">\r\n  <main:c r=\"A4\" s=\"33\">\r\n    <main:v>3</main:v>\r\n  </main:c>\r\n  <main:c r=\"B4\" s=\"37\" t=\"s\">\r\n    <main:v>187</main:v>\r\n  </main:c>\r\n  <main:c r=\"C4\" s=\"9\" t=\"s\">\r\n    <main:v>190</main:v>\r\n  </main:c>\r\n  <main:c r=\"D4\" s=\"2\"/>\r\n  <main:c r=\"E4\" s=\"2\"/>\r\n  <main:c r=\"F4\" s=\"39\" t=\"s\">\r\n    <main:v>253</main:v>\r\n  </main:c>\r\n  <main:c r=\"G4\" s=\"2\"/>\r\n  <main:c r=\"H4\" s=\"2\"/>\r\n  <main:c r=\"I4\" s=\"40\" t=\"s\">\r\n    <main:v>254</main:v>\r\n  </main:c>\r\n  <main:c r=\"J4\" s=\"2\" t=\"s\">\r\n    <main:v>235</main:v>\r\n  </main:c>\r\n  <main:c r=\"K4\" s=\"2\" t=\"s\">\r\n    <main:v>236</main:v>\r\n  </main:c>\r\n  <main:c r=\"L4\" s=\"2\"/>\r\n  <main:c r=\"M4\" s=\"40\" t=\"s\">\r\n    <main:v>255</main:v>\r\n  </main:c>\r\n  <main:c r=\"O4\" s=\"2\"/>\r\n  <main:c r=\"P4\" s=\"2\"/>\r\n  <main:c r=\"Q4\" s=\"40\" t=\"s\">\r\n    <main:v>256</main:v>\r\n  </main:c>\r\n  <main:c r=\"R4\" s=\"2\"/>\r\n  <main:c r=\"S4\" s=\"2\"/>\r\n  <main:c r=\"T4\" s=\"40\" t=\"s\">\r\n    <main:v>257</main:v>\r\n  </main:c>\r\n  <main:c r=\"U4\" s=\"2\"/>\r\n  <main:c r=\"V4\" s=\"2\"/>\r\n  <main:c r=\"W4\" s=\"40\" t=\"s\">\r\n    <main:v>258</main:v>\r\n  </main:c>\r\n  <main:c r=\"X4\" s=\"11\" t=\"s\">\r\n    <main:v>248</main:v>\r\n  </main:c>\r\n  <main:c r=\"Y4\" s=\"11\" t=\"s\">\r\n    <main:v>236</main:v>\r\n  </main:c>\r\n  <main:c r=\"Z4\" s=\"40\" t=\"s\">\r\n    <main:v>259</main:v>\r\n  </main:c>\r\n  <main:c r=\"AA4\" s=\"2\"/>\r\n  <main:c r=\"AB4\" s=\"2\"/>\r\n  <main:c r=\"AC4\" s=\"40\" t=\"s\">\r\n    <main:v>260</main:v>\r\n  </main:c>\r\n  <main:c r=\"AD4\" s=\"11\" t=\"s\">\r\n    <main:v>249</main:v>\r\n  </main:c>\r\n  <main:c r=\"AE4\" s=\"11\" t=\"s\">\r\n    <main:v>236</main:v>\r\n  </main:c>\r\n  <main:c r=\"AF4\" s=\"42\" t=\"s\">\r\n    <main:v>261</main:v>\r\n  </main:c>\r\n  <main:c r=\"AG4\" s=\"11\" t=\"s\">\r\n    <main:v>250</main:v>\r\n  </main:c>\r\n  <main:c r=\"AH4\" s=\"11\" t=\"s\">\r\n    <main:v>236</main:v>\r\n  </main:c>\r\n  <main:c r=\"AI4\" s=\"40\" t=\"s\">\r\n    <main:v>262</main:v>\r\n  </main:c>\r\n  <main:c r=\"AJ4\" s=\"11\" t=\"s\">\r\n    <main:v>251</main:v>\r\n  </main:c>\r\n  <main:c r=\"AK4\" s=\"11\" t=\"s\">\r\n    <main:v>236</main:v>\r\n  </main:c>\r\n  <main:c r=\"AL4\" s=\"40\" t=\"s\">\r\n    <main:v>263</main:v>\r\n  </main:c>\r\n  <main:c r=\"AM4\" s=\"2\"/>\r\n  <main:c r=\"AN4\" s=\"2\"/>\r\n  <main:c r=\"AO4\" s=\"40\" t=\"s\">\r\n    <main:v>264</main:v>\r\n  </main:c>\r\n  <main:c r=\"AP4\" s=\"2\"/>\r\n  <main:c r=\"AQ4\" s=\"2\"/>\r\n  <main:c r=\"AR4\" s=\"47\"/>\r\n  <main:c r=\"AS4\" s=\"2\"/>\r\n  <main:c r=\"AT4\" s=\"1\"/>\r\n  <main:c r=\"AU4\" s=\"1\"/>\r\n  <main:c r=\"AV4\" s=\"2\"/>\r\n  <main:c r=\"AW4\" s=\"1\"/>\r\n  <main:c r=\"AX4\" s=\"1\"/>\r\n  <main:c r=\"AY4\" s=\"1\"/>\r\n  <main:c r=\"AZ4\" s=\"1\"/>\r\n  <main:c r=\"BA4\" s=\"1\"/>\r\n  <main:c r=\"BB4\" s=\"1\"/>\r\n</xml-fragment>"}]}],"parameters":[]}