{"uuid":"9dee6bed-33c1-4f84-bb36-3eff9c56f128","historyId":"7ac8b573ae8161db6e0c7e2ef32016fe","fullName":"died_procesos_generales.pgPerfilTest.PerfilTest.PerfilCaseTest01","labels":[{"name":"package","value":"died_procesos_generales.pgPerfilTest.PerfilTest"},{"name":"testClass","value":"died_procesos_generales.pgPerfilTest.PerfilTest"},{"name":"testMethod","value":"PerfilCaseTest01"},{"name":"parentSuite","value":"Login"},{"name":"suite","value":"Test_03"},{"name":"subSuite","value":"died_procesos_generales.pgPerfilTest.PerfilTest"},{"name":"host","value":"med000008316"},{"name":"thread","value":"688@med000008316.main(1)"},{"name":"epic","value":"Regression Tests"},{"name":"feature","value":"Perfil Tests"}],"links":[],"name":"PerfilCaseTest01","status":"skipped","statusDetails":{"known":false,"muted":false,"flaky":false,"message":"no such element: Unable to locate element: {\"method\":\"xpath\",\"selector\":\"//*[@id=\"mailmillieu\"]/div[2]/p/a\"}\n  (Session info: chrome=72.0.3626.109)\n  (Driver info: chromedriver=2.36.540470 (e522d04694c7ebea4ba8821272dbef4f9b818c91),platform=Windows NT 6.3.9600 x86_64) (WARNING: The server did not provide any stacktrace information)\nCommand duration or timeout: 0 milliseconds\nFor documentation on this error, please visit: http://seleniumhq.org/exceptions/no_such_element.html\nBuild info: version: '3.6.0', revision: '6fbf3ec767', time: '2017-09-27T15:28:36.4Z'\nSystem info: host: 'MED000008316', ip: '11.35.123.24', os.name: 'Windows 8.1', os.arch: 'amd64', os.version: '6.3', java.version: '10.0.1'\nDriver info: org.openqa.selenium.chrome.ChromeDriver\nCapabilities [{mobileEmulationEnabled=false, hasTouchScreen=false, platform=XP, acceptSslCerts=false, acceptInsecureCerts=false, webStorageEnabled=true, browserName=chrome, takesScreenshot=true, javascriptEnabled=true, platformName=XP, setWindowRect=true, unexpectedAlertBehaviour=, applicationCacheEnabled=false, rotatable=false, networkConnectionEnabled=false, chrome={chromedriverVersion=2.36.540470 (e522d04694c7ebea4ba8821272dbef4f9b818c91), userDataDir=C:\\Users\\ASIHUI~1\\AppData\\Local\\Temp\\scoped_dir6364_7602}, takesHeapSnapshot=true, pageLoadStrategy=normal, unhandledPromptBehavior=, databaseEnabled=false, handlesAlerts=true, version=72.0.3626.109, browserConnectionEnabled=false, nativeEvents=true, locationContextEnabled=true, cssSelectorsEnabled=true}]\nSession ID: 9bb5277b69d8a244ebff13268d8846cf\n*** Element info: {Using=xpath, value=//*[@id=\"mailmillieu\"]/div[2]/p/a}","trace":"org.openqa.selenium.NoSuchElementException: no such element: Unable to locate element: {\"method\":\"xpath\",\"selector\":\"//*[@id=\"mailmillieu\"]/div[2]/p/a\"}\n  (Session info: chrome=72.0.3626.109)\n  (Driver info: chromedriver=2.36.540470 (e522d04694c7ebea4ba8821272dbef4f9b818c91),platform=Windows NT 6.3.9600 x86_64) (WARNING: The server did not provide any stacktrace information)\nCommand duration or timeout: 0 milliseconds\nFor documentation on this error, please visit: http://seleniumhq.org/exceptions/no_such_element.html\nBuild info: version: '3.6.0', revision: '6fbf3ec767', time: '2017-09-27T15:28:36.4Z'\nSystem info: host: 'MED000008316', ip: '11.35.123.24', os.name: 'Windows 8.1', os.arch: 'amd64', os.version: '6.3', java.version: '10.0.1'\nDriver info: org.openqa.selenium.chrome.ChromeDriver\nCapabilities [{mobileEmulationEnabled=false, hasTouchScreen=false, platform=XP, acceptSslCerts=false, acceptInsecureCerts=false, webStorageEnabled=true, browserName=chrome, takesScreenshot=true, javascriptEnabled=true, platformName=XP, setWindowRect=true, unexpectedAlertBehaviour=, applicationCacheEnabled=false, rotatable=false, networkConnectionEnabled=false, chrome={chromedriverVersion=2.36.540470 (e522d04694c7ebea4ba8821272dbef4f9b818c91), userDataDir=C:\\Users\\ASIHUI~1\\AppData\\Local\\Temp\\scoped_dir6364_7602}, takesHeapSnapshot=true, pageLoadStrategy=normal, unhandledPromptBehavior=, databaseEnabled=false, handlesAlerts=true, version=72.0.3626.109, browserConnectionEnabled=false, nativeEvents=true, locationContextEnabled=true, cssSelectorsEnabled=true}]\nSession ID: 9bb5277b69d8a244ebff13268d8846cf\n*** Element info: {Using=xpath, value=//*[@id=\"mailmillieu\"]/div[2]/p/a}\r\n\tat java.base/jdk.internal.reflect.NativeConstructorAccessorImpl.newInstance0(Native Method)\r\n\tat java.base/jdk.internal.reflect.NativeConstructorAccessorImpl.newInstance(Unknown Source)\r\n\tat java.base/jdk.internal.reflect.DelegatingConstructorAccessorImpl.newInstance(Unknown Source)\r\n\tat java.base/java.lang.reflect.Constructor.newInstance(Unknown Source)\r\n\tat org.openqa.selenium.remote.ErrorHandler.createThrowable(ErrorHandler.java:214)\r\n\tat org.openqa.selenium.remote.ErrorHandler.throwIfResponseFailed(ErrorHandler.java:166)\r\n\tat org.openqa.selenium.remote.http.JsonHttpResponseCodec.reconstructValue(JsonHttpResponseCodec.java:40)\r\n\tat org.openqa.selenium.remote.http.AbstractHttpResponseCodec.decode(AbstractHttpResponseCodec.java:82)\r\n\tat org.openqa.selenium.remote.http.AbstractHttpResponseCodec.decode(AbstractHttpResponseCodec.java:45)\r\n\tat org.openqa.selenium.remote.HttpCommandExecutor.execute(HttpCommandExecutor.java:164)\r\n\tat org.openqa.selenium.remote.service.DriverCommandExecutor.execute(DriverCommandExecutor.java:83)\r\n\tat org.openqa.selenium.remote.RemoteWebDriver.execute(RemoteWebDriver.java:586)\r\n\tat org.openqa.selenium.remote.RemoteWebDriver.findElement(RemoteWebDriver.java:356)\r\n\tat org.openqa.selenium.remote.RemoteWebDriver.findElementByXPath(RemoteWebDriver.java:458)\r\n\tat org.openqa.selenium.By$ByXPath.findElement(By.java:361)\r\n\tat org.openqa.selenium.remote.RemoteWebDriver.findElement(RemoteWebDriver.java:348)\r\n\tat objectDriver.BasePages.click(BasePages.java:24)\r\n\tat died_procesos_generales.pgPerfilPage.PerfilPage.ConfirmaModEmail_aroundBody6(PerfilPage.java:134)\r\n\tat died_procesos_generales.pgPerfilPage.PerfilPage$AjcClosure7.run(PerfilPage.java:1)\r\n\tat org.aspectj.runtime.reflect.JoinPointImpl.proceed(JoinPointImpl.java:149)\r\n\tat io.qameta.allure.aspects.StepsAspects.step(StepsAspects.java:46)\r\n\tat died_procesos_generales.pgPerfilPage.PerfilPage.ConfirmaModEmail(PerfilPage.java:116)\r\n\tat died_procesos_generales.pgPerfilTest.PerfilTest.PerfilCaseTest01(PerfilTest.java:66)\r\n\tat java.base/jdk.internal.reflect.NativeMethodAccessorImpl.invoke0(Native Method)\r\n\tat java.base/jdk.internal.reflect.NativeMethodAccessorImpl.invoke(Unknown Source)\r\n\tat java.base/jdk.internal.reflect.DelegatingMethodAccessorImpl.invoke(Unknown Source)\r\n\tat java.base/java.lang.reflect.Method.invoke(Unknown Source)\r\n\tat org.testng.internal.MethodInvocationHelper.invokeMethod(MethodInvocationHelper.java:108)\r\n\tat org.testng.internal.Invoker.invokeMethod(Invoker.java:661)\r\n\tat org.testng.internal.Invoker.invokeTestMethod(Invoker.java:869)\r\n\tat org.testng.internal.Invoker.invokeTestMethods(Invoker.java:1193)\r\n\tat org.testng.internal.TestMethodWorker.invokeTestMethods(TestMethodWorker.java:126)\r\n\tat org.testng.internal.TestMethodWorker.run(TestMethodWorker.java:109)\r\n\tat org.testng.TestRunner.privateRun(TestRunner.java:744)\r\n\tat org.testng.TestRunner.run(TestRunner.java:602)\r\n\tat org.testng.SuiteRunner.runTest(SuiteRunner.java:380)\r\n\tat org.testng.SuiteRunner.runSequentially(SuiteRunner.java:375)\r\n\tat org.testng.SuiteRunner.privateRun(SuiteRunner.java:340)\r\n\tat org.testng.SuiteRunner.run(SuiteRunner.java:289)\r\n\tat org.testng.SuiteRunnerWorker.runSuite(SuiteRunnerWorker.java:52)\r\n\tat org.testng.SuiteRunnerWorker.run(SuiteRunnerWorker.java:86)\r\n\tat org.testng.TestNG.runSuitesSequentially(TestNG.java:1301)\r\n\tat org.testng.TestNG.runSuitesLocally(TestNG.java:1226)\r\n\tat org.testng.TestNG.runSuites(TestNG.java:1144)\r\n\tat org.testng.TestNG.run(TestNG.java:1115)\r\n\tat org.testng.remote.AbstractRemoteTestNG.run(AbstractRemoteTestNG.java:114)\r\n\tat org.testng.remote.RemoteTestNG.initAndRun(RemoteTestNG.java:251)\r\n\tat org.testng.remote.RemoteTestNG.main(RemoteTestNG.java:77)\r\n"},"stage":"finished","start":1550252500410,"stop":1550252548456,"steps":[{"name":"Open N12 Step...","status":"passed","stage":"finished","start":1550252500514,"stop":1550252503265},{"name":"Login Step with username: {0}, password: {1}, for method: {method} step...","status":"passed","stage":"finished","start":1550252503769,"stop":1550252508779,"parameters":[{"name":"row","value":"<xml-fragment customHeight=\"1\" ht=\"17.25\" r=\"2\" spans=\"1:16\" x14ac:dyDescent=\"0.25\" xmlns:mc=\"http://schemas.openxmlformats.org/markup-compatibility/2006\" xmlns:r=\"http://schemas.openxmlformats.org/officeDocument/2006/relationships\" xmlns:x14ac=\"http://schemas.microsoft.com/office/spreadsheetml/2009/9/ac\" xmlns:main=\"http://schemas.openxmlformats.org/spreadsheetml/2006/main\">\r\n  <main:c r=\"A2\" s=\"5\">\r\n    <main:v>1</main:v>\r\n  </main:c>\r\n  <main:c r=\"B2\" s=\"16\" t=\"s\">\r\n    <main:v>65</main:v>\r\n  </main:c>\r\n  <main:c r=\"C2\" s=\"10\" t=\"s\">\r\n    <main:v>83</main:v>\r\n  </main:c>\r\n  <main:c r=\"D2\" s=\"10\" t=\"s\">\r\n    <main:v>84</main:v>\r\n  </main:c>\r\n  <main:c r=\"E2\" s=\"10\" t=\"s\">\r\n    <main:v>85</main:v>\r\n  </main:c>\r\n  <main:c r=\"F2\" s=\"18\" t=\"s\">\r\n    <main:v>86</main:v>\r\n  </main:c>\r\n  <main:c r=\"G2\" s=\"2\" t=\"s\">\r\n    <main:v>81</main:v>\r\n  </main:c>\r\n  <main:c r=\"H2\" s=\"20\" t=\"s\">\r\n    <main:v>75</main:v>\r\n  </main:c>\r\n  <main:c r=\"I2\" s=\"20\" t=\"s\">\r\n    <main:v>76</main:v>\r\n  </main:c>\r\n  <main:c r=\"J2\" s=\"20\" t=\"s\">\r\n    <main:v>77</main:v>\r\n  </main:c>\r\n  <main:c r=\"K2\" s=\"2\" t=\"s\">\r\n    <main:v>82</main:v>\r\n  </main:c>\r\n  <main:c r=\"L2\" s=\"20\" t=\"s\">\r\n    <main:v>30</main:v>\r\n  </main:c>\r\n  <main:c r=\"M2\" s=\"20\" t=\"s\">\r\n    <main:v>79</main:v>\r\n  </main:c>\r\n  <main:c r=\"N2\" s=\"20\" t=\"s\">\r\n    <main:v>35</main:v>\r\n  </main:c>\r\n  <main:c r=\"O2\" s=\"20\" t=\"s\">\r\n    <main:v>30</main:v>\r\n  </main:c>\r\n  <main:c r=\"P2\" s=\"10\"/>\r\n</xml-fragment>"}]},{"name":"metodo que modifica Contraseña","status":"passed","stage":"finished","start":1550252509282,"stop":1550252512247,"parameters":[{"name":"row","value":"<xml-fragment customHeight=\"1\" ht=\"17.25\" r=\"2\" spans=\"1:16\" x14ac:dyDescent=\"0.25\" xmlns:mc=\"http://schemas.openxmlformats.org/markup-compatibility/2006\" xmlns:r=\"http://schemas.openxmlformats.org/officeDocument/2006/relationships\" xmlns:x14ac=\"http://schemas.microsoft.com/office/spreadsheetml/2009/9/ac\" xmlns:main=\"http://schemas.openxmlformats.org/spreadsheetml/2006/main\">\r\n  <main:c r=\"A2\" s=\"5\">\r\n    <main:v>1</main:v>\r\n  </main:c>\r\n  <main:c r=\"B2\" s=\"16\" t=\"s\">\r\n    <main:v>65</main:v>\r\n  </main:c>\r\n  <main:c r=\"C2\" s=\"10\" t=\"s\">\r\n    <main:v>83</main:v>\r\n  </main:c>\r\n  <main:c r=\"D2\" s=\"10\" t=\"s\">\r\n    <main:v>84</main:v>\r\n  </main:c>\r\n  <main:c r=\"E2\" s=\"10\" t=\"s\">\r\n    <main:v>85</main:v>\r\n  </main:c>\r\n  <main:c r=\"F2\" s=\"18\" t=\"s\">\r\n    <main:v>86</main:v>\r\n  </main:c>\r\n  <main:c r=\"G2\" s=\"2\" t=\"s\">\r\n    <main:v>81</main:v>\r\n  </main:c>\r\n  <main:c r=\"H2\" s=\"20\" t=\"s\">\r\n    <main:v>75</main:v>\r\n  </main:c>\r\n  <main:c r=\"I2\" s=\"20\" t=\"s\">\r\n    <main:v>76</main:v>\r\n  </main:c>\r\n  <main:c r=\"J2\" s=\"20\" t=\"s\">\r\n    <main:v>77</main:v>\r\n  </main:c>\r\n  <main:c r=\"K2\" s=\"2\" t=\"s\">\r\n    <main:v>82</main:v>\r\n  </main:c>\r\n  <main:c r=\"L2\" s=\"20\" t=\"s\">\r\n    <main:v>30</main:v>\r\n  </main:c>\r\n  <main:c r=\"M2\" s=\"20\" t=\"s\">\r\n    <main:v>79</main:v>\r\n  </main:c>\r\n  <main:c r=\"N2\" s=\"20\" t=\"s\">\r\n    <main:v>35</main:v>\r\n  </main:c>\r\n  <main:c r=\"O2\" s=\"20\" t=\"s\">\r\n    <main:v>30</main:v>\r\n  </main:c>\r\n  <main:c r=\"P2\" s=\"10\"/>\r\n</xml-fragment>"}]},{"name":"Verify username: {0} step...","status":"passed","stage":"finished","start":1550252512758,"stop":1550252515390,"parameters":[{"name":"expectedUserNameMessage","value":"¿Desea actualizar su contraseña?"}]},{"name":"Verify username: {0} step...","status":"passed","stage":"finished","start":1550252515890,"stop":1550252518105,"parameters":[{"name":"expectedUserNameMessage","value":"Se actualizó correctamente su contraseña."}]},{"name":"metodo que modifica Email","status":"passed","stage":"finished","start":1550252525728,"stop":1550252528671,"parameters":[{"name":"row","value":"<xml-fragment customHeight=\"1\" ht=\"17.25\" r=\"2\" spans=\"1:16\" x14ac:dyDescent=\"0.25\" xmlns:mc=\"http://schemas.openxmlformats.org/markup-compatibility/2006\" xmlns:r=\"http://schemas.openxmlformats.org/officeDocument/2006/relationships\" xmlns:x14ac=\"http://schemas.microsoft.com/office/spreadsheetml/2009/9/ac\" xmlns:main=\"http://schemas.openxmlformats.org/spreadsheetml/2006/main\">\r\n  <main:c r=\"A2\" s=\"5\">\r\n    <main:v>1</main:v>\r\n  </main:c>\r\n  <main:c r=\"B2\" s=\"16\" t=\"s\">\r\n    <main:v>65</main:v>\r\n  </main:c>\r\n  <main:c r=\"C2\" s=\"10\" t=\"s\">\r\n    <main:v>83</main:v>\r\n  </main:c>\r\n  <main:c r=\"D2\" s=\"10\" t=\"s\">\r\n    <main:v>84</main:v>\r\n  </main:c>\r\n  <main:c r=\"E2\" s=\"10\" t=\"s\">\r\n    <main:v>85</main:v>\r\n  </main:c>\r\n  <main:c r=\"F2\" s=\"18\" t=\"s\">\r\n    <main:v>86</main:v>\r\n  </main:c>\r\n  <main:c r=\"G2\" s=\"2\" t=\"s\">\r\n    <main:v>81</main:v>\r\n  </main:c>\r\n  <main:c r=\"H2\" s=\"20\" t=\"s\">\r\n    <main:v>75</main:v>\r\n  </main:c>\r\n  <main:c r=\"I2\" s=\"20\" t=\"s\">\r\n    <main:v>76</main:v>\r\n  </main:c>\r\n  <main:c r=\"J2\" s=\"20\" t=\"s\">\r\n    <main:v>77</main:v>\r\n  </main:c>\r\n  <main:c r=\"K2\" s=\"2\" t=\"s\">\r\n    <main:v>82</main:v>\r\n  </main:c>\r\n  <main:c r=\"L2\" s=\"20\" t=\"s\">\r\n    <main:v>30</main:v>\r\n  </main:c>\r\n  <main:c r=\"M2\" s=\"20\" t=\"s\">\r\n    <main:v>79</main:v>\r\n  </main:c>\r\n  <main:c r=\"N2\" s=\"20\" t=\"s\">\r\n    <main:v>35</main:v>\r\n  </main:c>\r\n  <main:c r=\"O2\" s=\"20\" t=\"s\">\r\n    <main:v>30</main:v>\r\n  </main:c>\r\n  <main:c r=\"P2\" s=\"10\"/>\r\n</xml-fragment>"}]},{"name":"Verify username: {0} step...","status":"passed","stage":"finished","start":1550252529176,"stop":1550252531732,"parameters":[{"name":"expectedUserNameMessage","value":"¿Desea actualizar su correo electrónico?"}]},{"name":"Verify username: {0} step...","status":"passed","stage":"finished","start":1550252532232,"stop":1550252533762,"parameters":[{"name":"expectedUserNameMessage","value":"En unos momentos le llegará un link donde podrá confirmar el cambio de su correo electrónico, por favor revise su correo electrónico. También revise su bandeja de correos no deseados y/o SPAM."}]},{"name":"metodo para confirmar el cambio del email","status":"broken","statusDetails":{"known":false,"muted":false,"flaky":false,"message":"no such element: Unable to locate element: {\"method\":\"xpath\",\"selector\":\"//*[@id=\"mailmillieu\"]/div[2]/p/a\"}\n  (Session info: chrome=72.0.3626.109)\n  (Driver info: chromedriver=2.36.540470 (e522d04694c7ebea4ba8821272dbef4f9b818c91),platform=Windows NT 6.3.9600 x86_64) (WARNING: The server did not provide any stacktrace information)\nCommand duration or timeout: 0 milliseconds\nFor documentation on this error, please visit: http://seleniumhq.org/exceptions/no_such_element.html\nBuild info: version: '3.6.0', revision: '6fbf3ec767', time: '2017-09-27T15:28:36.4Z'\nSystem info: host: 'MED000008316', ip: '11.35.123.24', os.name: 'Windows 8.1', os.arch: 'amd64', os.version: '6.3', java.version: '10.0.1'\nDriver info: org.openqa.selenium.chrome.ChromeDriver\nCapabilities [{mobileEmulationEnabled=false, hasTouchScreen=false, platform=XP, acceptSslCerts=false, acceptInsecureCerts=false, webStorageEnabled=true, browserName=chrome, takesScreenshot=true, javascriptEnabled=true, platformName=XP, setWindowRect=true, unexpectedAlertBehaviour=, applicationCacheEnabled=false, rotatable=false, networkConnectionEnabled=false, chrome={chromedriverVersion=2.36.540470 (e522d04694c7ebea4ba8821272dbef4f9b818c91), userDataDir=C:\\Users\\ASIHUI~1\\AppData\\Local\\Temp\\scoped_dir6364_7602}, takesHeapSnapshot=true, pageLoadStrategy=normal, unhandledPromptBehavior=, databaseEnabled=false, handlesAlerts=true, version=72.0.3626.109, browserConnectionEnabled=false, nativeEvents=true, locationContextEnabled=true, cssSelectorsEnabled=true}]\nSession ID: 9bb5277b69d8a244ebff13268d8846cf\n*** Element info: {Using=xpath, value=//*[@id=\"mailmillieu\"]/div[2]/p/a}","trace":"org.openqa.selenium.NoSuchElementException: no such element: Unable to locate element: {\"method\":\"xpath\",\"selector\":\"//*[@id=\"mailmillieu\"]/div[2]/p/a\"}\n  (Session info: chrome=72.0.3626.109)\n  (Driver info: chromedriver=2.36.540470 (e522d04694c7ebea4ba8821272dbef4f9b818c91),platform=Windows NT 6.3.9600 x86_64) (WARNING: The server did not provide any stacktrace information)\nCommand duration or timeout: 0 milliseconds\nFor documentation on this error, please visit: http://seleniumhq.org/exceptions/no_such_element.html\nBuild info: version: '3.6.0', revision: '6fbf3ec767', time: '2017-09-27T15:28:36.4Z'\nSystem info: host: 'MED000008316', ip: '11.35.123.24', os.name: 'Windows 8.1', os.arch: 'amd64', os.version: '6.3', java.version: '10.0.1'\nDriver info: org.openqa.selenium.chrome.ChromeDriver\nCapabilities [{mobileEmulationEnabled=false, hasTouchScreen=false, platform=XP, acceptSslCerts=false, acceptInsecureCerts=false, webStorageEnabled=true, browserName=chrome, takesScreenshot=true, javascriptEnabled=true, platformName=XP, setWindowRect=true, unexpectedAlertBehaviour=, applicationCacheEnabled=false, rotatable=false, networkConnectionEnabled=false, chrome={chromedriverVersion=2.36.540470 (e522d04694c7ebea4ba8821272dbef4f9b818c91), userDataDir=C:\\Users\\ASIHUI~1\\AppData\\Local\\Temp\\scoped_dir6364_7602}, takesHeapSnapshot=true, pageLoadStrategy=normal, unhandledPromptBehavior=, databaseEnabled=false, handlesAlerts=true, version=72.0.3626.109, browserConnectionEnabled=false, nativeEvents=true, locationContextEnabled=true, cssSelectorsEnabled=true}]\nSession ID: 9bb5277b69d8a244ebff13268d8846cf\n*** Element info: {Using=xpath, value=//*[@id=\"mailmillieu\"]/div[2]/p/a}\r\n\tat java.base/jdk.internal.reflect.NativeConstructorAccessorImpl.newInstance0(Native Method)\r\n\tat java.base/jdk.internal.reflect.NativeConstructorAccessorImpl.newInstance(Unknown Source)\r\n\tat java.base/jdk.internal.reflect.DelegatingConstructorAccessorImpl.newInstance(Unknown Source)\r\n\tat java.base/java.lang.reflect.Constructor.newInstance(Unknown Source)\r\n\tat org.openqa.selenium.remote.ErrorHandler.createThrowable(ErrorHandler.java:214)\r\n\tat org.openqa.selenium.remote.ErrorHandler.throwIfResponseFailed(ErrorHandler.java:166)\r\n\tat org.openqa.selenium.remote.http.JsonHttpResponseCodec.reconstructValue(JsonHttpResponseCodec.java:40)\r\n\tat org.openqa.selenium.remote.http.AbstractHttpResponseCodec.decode(AbstractHttpResponseCodec.java:82)\r\n\tat org.openqa.selenium.remote.http.AbstractHttpResponseCodec.decode(AbstractHttpResponseCodec.java:45)\r\n\tat org.openqa.selenium.remote.HttpCommandExecutor.execute(HttpCommandExecutor.java:164)\r\n\tat org.openqa.selenium.remote.service.DriverCommandExecutor.execute(DriverCommandExecutor.java:83)\r\n\tat org.openqa.selenium.remote.RemoteWebDriver.execute(RemoteWebDriver.java:586)\r\n\tat org.openqa.selenium.remote.RemoteWebDriver.findElement(RemoteWebDriver.java:356)\r\n\tat org.openqa.selenium.remote.RemoteWebDriver.findElementByXPath(RemoteWebDriver.java:458)\r\n\tat org.openqa.selenium.By$ByXPath.findElement(By.java:361)\r\n\tat org.openqa.selenium.remote.RemoteWebDriver.findElement(RemoteWebDriver.java:348)\r\n\tat objectDriver.BasePages.click(BasePages.java:24)\r\n\tat died_procesos_generales.pgPerfilPage.PerfilPage.ConfirmaModEmail_aroundBody6(PerfilPage.java:134)\r\n\tat died_procesos_generales.pgPerfilPage.PerfilPage$AjcClosure7.run(PerfilPage.java:1)\r\n\tat org.aspectj.runtime.reflect.JoinPointImpl.proceed(JoinPointImpl.java:149)\r\n\tat io.qameta.allure.aspects.StepsAspects.step(StepsAspects.java:46)\r\n\tat died_procesos_generales.pgPerfilPage.PerfilPage.ConfirmaModEmail(PerfilPage.java:116)\r\n\tat died_procesos_generales.pgPerfilTest.PerfilTest.PerfilCaseTest01(PerfilTest.java:66)\r\n\tat java.base/jdk.internal.reflect.NativeMethodAccessorImpl.invoke0(Native Method)\r\n\tat java.base/jdk.internal.reflect.NativeMethodAccessorImpl.invoke(Unknown Source)\r\n\tat java.base/jdk.internal.reflect.DelegatingMethodAccessorImpl.invoke(Unknown Source)\r\n\tat java.base/java.lang.reflect.Method.invoke(Unknown Source)\r\n\tat org.testng.internal.MethodInvocationHelper.invokeMethod(MethodInvocationHelper.java:108)\r\n\tat org.testng.internal.Invoker.invokeMethod(Invoker.java:661)\r\n\tat org.testng.internal.Invoker.invokeTestMethod(Invoker.java:869)\r\n\tat org.testng.internal.Invoker.invokeTestMethods(Invoker.java:1193)\r\n\tat org.testng.internal.TestMethodWorker.invokeTestMethods(TestMethodWorker.java:126)\r\n\tat org.testng.internal.TestMethodWorker.run(TestMethodWorker.java:109)\r\n\tat org.testng.TestRunner.privateRun(TestRunner.java:744)\r\n\tat org.testng.TestRunner.run(TestRunner.java:602)\r\n\tat org.testng.SuiteRunner.runTest(SuiteRunner.java:380)\r\n\tat org.testng.SuiteRunner.runSequentially(SuiteRunner.java:375)\r\n\tat org.testng.SuiteRunner.privateRun(SuiteRunner.java:340)\r\n\tat org.testng.SuiteRunner.run(SuiteRunner.java:289)\r\n\tat org.testng.SuiteRunnerWorker.runSuite(SuiteRunnerWorker.java:52)\r\n\tat org.testng.SuiteRunnerWorker.run(SuiteRunnerWorker.java:86)\r\n\tat org.testng.TestNG.runSuitesSequentially(TestNG.java:1301)\r\n\tat org.testng.TestNG.runSuitesLocally(TestNG.java:1226)\r\n\tat org.testng.TestNG.runSuites(TestNG.java:1144)\r\n\tat org.testng.TestNG.run(TestNG.java:1115)\r\n\tat org.testng.remote.AbstractRemoteTestNG.run(AbstractRemoteTestNG.java:114)\r\n\tat org.testng.remote.RemoteTestNG.initAndRun(RemoteTestNG.java:251)\r\n\tat org.testng.remote.RemoteTestNG.main(RemoteTestNG.java:77)\r\n"},"stage":"finished","start":1550252538303,"stop":1550252547664,"parameters":[{"name":"row","value":"<xml-fragment customHeight=\"1\" ht=\"17.25\" r=\"2\" spans=\"1:16\" x14ac:dyDescent=\"0.25\" xmlns:mc=\"http://schemas.openxmlformats.org/markup-compatibility/2006\" xmlns:r=\"http://schemas.openxmlformats.org/officeDocument/2006/relationships\" xmlns:x14ac=\"http://schemas.microsoft.com/office/spreadsheetml/2009/9/ac\" xmlns:main=\"http://schemas.openxmlformats.org/spreadsheetml/2006/main\">\r\n  <main:c r=\"A2\" s=\"5\">\r\n    <main:v>1</main:v>\r\n  </main:c>\r\n  <main:c r=\"B2\" s=\"16\" t=\"s\">\r\n    <main:v>65</main:v>\r\n  </main:c>\r\n  <main:c r=\"C2\" s=\"10\" t=\"s\">\r\n    <main:v>83</main:v>\r\n  </main:c>\r\n  <main:c r=\"D2\" s=\"10\" t=\"s\">\r\n    <main:v>84</main:v>\r\n  </main:c>\r\n  <main:c r=\"E2\" s=\"10\" t=\"s\">\r\n    <main:v>85</main:v>\r\n  </main:c>\r\n  <main:c r=\"F2\" s=\"18\" t=\"s\">\r\n    <main:v>86</main:v>\r\n  </main:c>\r\n  <main:c r=\"G2\" s=\"2\" t=\"s\">\r\n    <main:v>81</main:v>\r\n  </main:c>\r\n  <main:c r=\"H2\" s=\"20\" t=\"s\">\r\n    <main:v>75</main:v>\r\n  </main:c>\r\n  <main:c r=\"I2\" s=\"20\" t=\"s\">\r\n    <main:v>76</main:v>\r\n  </main:c>\r\n  <main:c r=\"J2\" s=\"20\" t=\"s\">\r\n    <main:v>77</main:v>\r\n  </main:c>\r\n  <main:c r=\"K2\" s=\"2\" t=\"s\">\r\n    <main:v>82</main:v>\r\n  </main:c>\r\n  <main:c r=\"L2\" s=\"20\" t=\"s\">\r\n    <main:v>30</main:v>\r\n  </main:c>\r\n  <main:c r=\"M2\" s=\"20\" t=\"s\">\r\n    <main:v>79</main:v>\r\n  </main:c>\r\n  <main:c r=\"N2\" s=\"20\" t=\"s\">\r\n    <main:v>35</main:v>\r\n  </main:c>\r\n  <main:c r=\"O2\" s=\"20\" t=\"s\">\r\n    <main:v>30</main:v>\r\n  </main:c>\r\n  <main:c r=\"P2\" s=\"10\"/>\r\n</xml-fragment>"}]}],"parameters":[]}