{"uuid":"ab389c05-85c0-451c-853c-c91a10fecfaf","historyId":"d66d70af0c3373f81b28a43abb9e58f9","fullName":"died_procesos_generales.pgForgotPassTest.PassEmailTest.EmailPassCaseTest08","labels":[{"name":"package","value":"died_procesos_generales.pgForgotPassTest.PassEmailTest"},{"name":"testClass","value":"died_procesos_generales.pgForgotPassTest.PassEmailTest"},{"name":"testMethod","value":"EmailPassCaseTest08"},{"name":"parentSuite","value":"Login"},{"name":"suite","value":"Test_03"},{"name":"subSuite","value":"died_procesos_generales.pgForgotPassTest.PassEmailTest"},{"name":"host","value":"med000008316"},{"name":"thread","value":"8764@med000008316.main(1)"},{"name":"epic","value":"Regression Tests"},{"name":"feature","value":"Forgot Tests"}],"links":[],"name":"EmailPassCaseTest08","status":"skipped","statusDetails":{"known":false,"muted":false,"flaky":false,"message":"expected [Las contraseñas ingresadas deben ser idénticas.] but found [Por favor ingrese su contraseña.]","trace":"java.lang.AssertionError: expected [Las contraseñas ingresadas deben ser idénticas.] but found [Por favor ingrese su contraseña.]\r\n\tat org.testng.Assert.fail(Assert.java:93)\r\n\tat org.testng.Assert.failNotEquals(Assert.java:512)\r\n\tat org.testng.Assert.assertEqualsImpl(Assert.java:134)\r\n\tat org.testng.Assert.assertEquals(Assert.java:115)\r\n\tat org.testng.Assert.assertEquals(Assert.java:189)\r\n\tat org.testng.Assert.assertEquals(Assert.java:199)\r\n\tat died_procesos_generales.pgForgotPassPage.ForgotPassPage.verifyMessage01_aroundBody30(ForgotPassPage.java:342)\r\n\tat died_procesos_generales.pgForgotPassPage.ForgotPassPage$AjcClosure31.run(ForgotPassPage.java:1)\r\n\tat org.aspectj.runtime.reflect.JoinPointImpl.proceed(JoinPointImpl.java:149)\r\n\tat io.qameta.allure.aspects.StepsAspects.step(StepsAspects.java:46)\r\n\tat died_procesos_generales.pgForgotPassPage.ForgotPassPage.verifyMessage01(ForgotPassPage.java:342)\r\n\tat died_procesos_generales.pgForgotPassTest.PassEmailTest.EmailPassCaseTest08(PassEmailTest.java:206)\r\n\tat java.base/jdk.internal.reflect.NativeMethodAccessorImpl.invoke0(Native Method)\r\n\tat java.base/jdk.internal.reflect.NativeMethodAccessorImpl.invoke(Unknown Source)\r\n\tat java.base/jdk.internal.reflect.DelegatingMethodAccessorImpl.invoke(Unknown Source)\r\n\tat java.base/java.lang.reflect.Method.invoke(Unknown Source)\r\n\tat org.testng.internal.MethodInvocationHelper.invokeMethod(MethodInvocationHelper.java:108)\r\n\tat org.testng.internal.Invoker.invokeMethod(Invoker.java:661)\r\n\tat org.testng.internal.Invoker.invokeTestMethod(Invoker.java:869)\r\n\tat org.testng.internal.Invoker.invokeTestMethods(Invoker.java:1193)\r\n\tat org.testng.internal.TestMethodWorker.invokeTestMethods(TestMethodWorker.java:126)\r\n\tat org.testng.internal.TestMethodWorker.run(TestMethodWorker.java:109)\r\n\tat org.testng.TestRunner.privateRun(TestRunner.java:744)\r\n\tat org.testng.TestRunner.run(TestRunner.java:602)\r\n\tat org.testng.SuiteRunner.runTest(SuiteRunner.java:380)\r\n\tat org.testng.SuiteRunner.runSequentially(SuiteRunner.java:375)\r\n\tat org.testng.SuiteRunner.privateRun(SuiteRunner.java:340)\r\n\tat org.testng.SuiteRunner.run(SuiteRunner.java:289)\r\n\tat org.testng.SuiteRunnerWorker.runSuite(SuiteRunnerWorker.java:52)\r\n\tat org.testng.SuiteRunnerWorker.run(SuiteRunnerWorker.java:86)\r\n\tat org.testng.TestNG.runSuitesSequentially(TestNG.java:1301)\r\n\tat org.testng.TestNG.runSuitesLocally(TestNG.java:1226)\r\n\tat org.testng.TestNG.runSuites(TestNG.java:1144)\r\n\tat org.testng.TestNG.run(TestNG.java:1115)\r\n\tat org.testng.remote.AbstractRemoteTestNG.run(AbstractRemoteTestNG.java:114)\r\n\tat org.testng.remote.RemoteTestNG.initAndRun(RemoteTestNG.java:251)\r\n\tat org.testng.remote.RemoteTestNG.main(RemoteTestNG.java:77)\r\n"},"stage":"finished","start":1550527052247,"stop":1550527054160,"steps":[{"name":"metodo de Pagina Restablecer contraseña por Email - No envia confirmacion","status":"passed","stage":"finished","start":1550527052747,"stop":1550527053038,"parameters":[{"name":"row","value":"<xml-fragment ht=\"23.25\" r=\"30\" spans=\"1:16384\" x14ac:dyDescent=\"0.25\" xmlns:mc=\"http://schemas.openxmlformats.org/markup-compatibility/2006\" xmlns:r=\"http://schemas.openxmlformats.org/officeDocument/2006/relationships\" xmlns:x14ac=\"http://schemas.microsoft.com/office/spreadsheetml/2009/9/ac\" xmlns:main=\"http://schemas.openxmlformats.org/spreadsheetml/2006/main\">\r\n  <main:c r=\"A30\" s=\"29\">\r\n    <main:v>29</main:v>\r\n  </main:c>\r\n  <main:c r=\"B30\" s=\"37\" t=\"s\">\r\n    <main:v>119</main:v>\r\n  </main:c>\r\n  <main:c r=\"C30\" s=\"36\" t=\"s\">\r\n    <main:v>149</main:v>\r\n  </main:c>\r\n  <main:c r=\"D30\" s=\"17\" t=\"s\">\r\n    <main:v>126</main:v>\r\n  </main:c>\r\n  <main:c r=\"E30\" s=\"17\"/>\r\n  <main:c r=\"F30\" s=\"25\"/>\r\n  <main:c r=\"G30\" s=\"25\"/>\r\n  <main:c r=\"H30\" s=\"25\"/>\r\n  <main:c r=\"I30\" s=\"17\" t=\"s\">\r\n    <main:v>143</main:v>\r\n  </main:c>\r\n  <main:c r=\"J30\" s=\"25\" t=\"s\">\r\n    <main:v>18</main:v>\r\n  </main:c>\r\n  <main:c r=\"K30\" s=\"17\"/>\r\n  <main:c r=\"L30\" s=\"17\"/>\r\n</xml-fragment>"}]},{"name":"Verify username: {0} step...","status":"failed","statusDetails":{"known":false,"muted":false,"flaky":false,"message":"expected [Las contraseñas ingresadas deben ser idénticas.] but found [Por favor ingrese su contraseña.]","trace":"java.lang.AssertionError: expected [Las contraseñas ingresadas deben ser idénticas.] but found [Por favor ingrese su contraseña.]\r\n\tat org.testng.Assert.fail(Assert.java:93)\r\n\tat org.testng.Assert.failNotEquals(Assert.java:512)\r\n\tat org.testng.Assert.assertEqualsImpl(Assert.java:134)\r\n\tat org.testng.Assert.assertEquals(Assert.java:115)\r\n\tat org.testng.Assert.assertEquals(Assert.java:189)\r\n\tat org.testng.Assert.assertEquals(Assert.java:199)\r\n\tat died_procesos_generales.pgForgotPassPage.ForgotPassPage.verifyMessage01_aroundBody30(ForgotPassPage.java:342)\r\n\tat died_procesos_generales.pgForgotPassPage.ForgotPassPage$AjcClosure31.run(ForgotPassPage.java:1)\r\n\tat org.aspectj.runtime.reflect.JoinPointImpl.proceed(JoinPointImpl.java:149)\r\n\tat io.qameta.allure.aspects.StepsAspects.step(StepsAspects.java:46)\r\n\tat died_procesos_generales.pgForgotPassPage.ForgotPassPage.verifyMessage01(ForgotPassPage.java:342)\r\n\tat died_procesos_generales.pgForgotPassTest.PassEmailTest.EmailPassCaseTest08(PassEmailTest.java:206)\r\n\tat java.base/jdk.internal.reflect.NativeMethodAccessorImpl.invoke0(Native Method)\r\n\tat java.base/jdk.internal.reflect.NativeMethodAccessorImpl.invoke(Unknown Source)\r\n\tat java.base/jdk.internal.reflect.DelegatingMethodAccessorImpl.invoke(Unknown Source)\r\n\tat java.base/java.lang.reflect.Method.invoke(Unknown Source)\r\n\tat org.testng.internal.MethodInvocationHelper.invokeMethod(MethodInvocationHelper.java:108)\r\n\tat org.testng.internal.Invoker.invokeMethod(Invoker.java:661)\r\n\tat org.testng.internal.Invoker.invokeTestMethod(Invoker.java:869)\r\n\tat org.testng.internal.Invoker.invokeTestMethods(Invoker.java:1193)\r\n\tat org.testng.internal.TestMethodWorker.invokeTestMethods(TestMethodWorker.java:126)\r\n\tat org.testng.internal.TestMethodWorker.run(TestMethodWorker.java:109)\r\n\tat org.testng.TestRunner.privateRun(TestRunner.java:744)\r\n\tat org.testng.TestRunner.run(TestRunner.java:602)\r\n\tat org.testng.SuiteRunner.runTest(SuiteRunner.java:380)\r\n\tat org.testng.SuiteRunner.runSequentially(SuiteRunner.java:375)\r\n\tat org.testng.SuiteRunner.privateRun(SuiteRunner.java:340)\r\n\tat org.testng.SuiteRunner.run(SuiteRunner.java:289)\r\n\tat org.testng.SuiteRunnerWorker.runSuite(SuiteRunnerWorker.java:52)\r\n\tat org.testng.SuiteRunnerWorker.run(SuiteRunnerWorker.java:86)\r\n\tat org.testng.TestNG.runSuitesSequentially(TestNG.java:1301)\r\n\tat org.testng.TestNG.runSuitesLocally(TestNG.java:1226)\r\n\tat org.testng.TestNG.runSuites(TestNG.java:1144)\r\n\tat org.testng.TestNG.run(TestNG.java:1115)\r\n\tat org.testng.remote.AbstractRemoteTestNG.run(AbstractRemoteTestNG.java:114)\r\n\tat org.testng.remote.RemoteTestNG.initAndRun(RemoteTestNG.java:251)\r\n\tat org.testng.remote.RemoteTestNG.main(RemoteTestNG.java:77)\r\n"},"stage":"finished","start":1550527053538,"stop":1550527053558,"parameters":[{"name":"expectedUserNameMessage","value":"Las contraseñas ingresadas deben ser idénticas."}]}],"parameters":[]}