{"uuid":"d2d71bff-550a-4795-857f-12788f5b9a85","historyId":"2a3641f6899f40fde367a0b0d30a5f26","fullName":"died_procesos_generales.pgForgotPassTest.ForgotPassTest.ForgotPassCaseTest02","labels":[{"name":"package","value":"died_procesos_generales.pgForgotPassTest.ForgotPassTest"},{"name":"testClass","value":"died_procesos_generales.pgForgotPassTest.ForgotPassTest"},{"name":"testMethod","value":"ForgotPassCaseTest02"},{"name":"parentSuite","value":"Login"},{"name":"suite","value":"Test_02"},{"name":"subSuite","value":"died_procesos_generales.pgForgotPassTest.ForgotPassTest"},{"name":"host","value":"med000008316"},{"name":"thread","value":"12632@med000008316.main(1)"},{"name":"epic","value":"Regression Tests"},{"name":"feature","value":"Forgot Tests"}],"links":[],"name":"ForgotPassCaseTest02","status":"skipped","statusDetails":{"known":false,"muted":false,"flaky":false,"message":"expected [Por favor revisar el código de validación enviado a su celular, puede que tarde unos minutos en llegarle.] but found [Usted tiene una petición generada, espere 2 minutos e intente de nuevo.]","trace":"java.lang.AssertionError: expected [Por favor revisar el código de validación enviado a su celular, puede que tarde unos minutos en llegarle.] but found [Usted tiene una petición generada, espere 2 minutos e intente de nuevo.]\r\n\tat org.testng.Assert.fail(Assert.java:93)\r\n\tat org.testng.Assert.failNotEquals(Assert.java:512)\r\n\tat org.testng.Assert.assertEqualsImpl(Assert.java:134)\r\n\tat org.testng.Assert.assertEquals(Assert.java:115)\r\n\tat org.testng.Assert.assertEquals(Assert.java:189)\r\n\tat org.testng.Assert.assertEquals(Assert.java:199)\r\n\tat died_procesos_generales.pgForgotPassPage.ForgotPassPage.verifyMessage01_aroundBody18(ForgotPassPage.java:247)\r\n\tat died_procesos_generales.pgForgotPassPage.ForgotPassPage$AjcClosure19.run(ForgotPassPage.java:1)\r\n\tat org.aspectj.runtime.reflect.JoinPointImpl.proceed(JoinPointImpl.java:149)\r\n\tat io.qameta.allure.aspects.StepsAspects.step(StepsAspects.java:46)\r\n\tat died_procesos_generales.pgForgotPassPage.ForgotPassPage.verifyMessage01(ForgotPassPage.java:247)\r\n\tat died_procesos_generales.pgForgotPassTest.ForgotPassTest.ForgotPassCaseTest02(ForgotPassTest.java:88)\r\n\tat java.base/jdk.internal.reflect.NativeMethodAccessorImpl.invoke0(Native Method)\r\n\tat java.base/jdk.internal.reflect.NativeMethodAccessorImpl.invoke(Unknown Source)\r\n\tat java.base/jdk.internal.reflect.DelegatingMethodAccessorImpl.invoke(Unknown Source)\r\n\tat java.base/java.lang.reflect.Method.invoke(Unknown Source)\r\n\tat org.testng.internal.MethodInvocationHelper.invokeMethod(MethodInvocationHelper.java:108)\r\n\tat org.testng.internal.Invoker.invokeMethod(Invoker.java:661)\r\n\tat org.testng.internal.Invoker.invokeTestMethod(Invoker.java:869)\r\n\tat org.testng.internal.Invoker.invokeTestMethods(Invoker.java:1193)\r\n\tat org.testng.internal.TestMethodWorker.invokeTestMethods(TestMethodWorker.java:126)\r\n\tat org.testng.internal.TestMethodWorker.run(TestMethodWorker.java:109)\r\n\tat org.testng.TestRunner.privateRun(TestRunner.java:744)\r\n\tat org.testng.TestRunner.run(TestRunner.java:602)\r\n\tat org.testng.SuiteRunner.runTest(SuiteRunner.java:380)\r\n\tat org.testng.SuiteRunner.runSequentially(SuiteRunner.java:375)\r\n\tat org.testng.SuiteRunner.privateRun(SuiteRunner.java:340)\r\n\tat org.testng.SuiteRunner.run(SuiteRunner.java:289)\r\n\tat org.testng.SuiteRunnerWorker.runSuite(SuiteRunnerWorker.java:52)\r\n\tat org.testng.SuiteRunnerWorker.run(SuiteRunnerWorker.java:86)\r\n\tat org.testng.TestNG.runSuitesSequentially(TestNG.java:1301)\r\n\tat org.testng.TestNG.runSuitesLocally(TestNG.java:1226)\r\n\tat org.testng.TestNG.runSuites(TestNG.java:1144)\r\n\tat org.testng.TestNG.run(TestNG.java:1115)\r\n\tat org.testng.remote.AbstractRemoteTestNG.run(AbstractRemoteTestNG.java:114)\r\n\tat org.testng.remote.RemoteTestNG.initAndRun(RemoteTestNG.java:251)\r\n\tat org.testng.remote.RemoteTestNG.main(RemoteTestNG.java:77)\r\n"},"stage":"finished","start":1550691142221,"stop":1550691152067,"steps":[{"name":"Open N12 Step...","status":"passed","stage":"finished","start":1550691142222,"stop":1550691144590},{"name":"metodo de recuperar contraseña con celular","status":"passed","stage":"finished","start":1550691145091,"stop":1550691150965,"parameters":[{"name":"row","value":"<xml-fragment ht=\"23.25\" r=\"4\" spans=\"1:16384\" x14ac:dyDescent=\"0.25\" xmlns:mc=\"http://schemas.openxmlformats.org/markup-compatibility/2006\" xmlns:r=\"http://schemas.openxmlformats.org/officeDocument/2006/relationships\" xmlns:x14ac=\"http://schemas.microsoft.com/office/spreadsheetml/2009/9/ac\" xmlns:main=\"http://schemas.openxmlformats.org/spreadsheetml/2006/main\">\r\n  <main:c r=\"A4\" s=\"29\">\r\n    <main:v>3</main:v>\r\n  </main:c>\r\n  <main:c r=\"B4\" s=\"5\" t=\"s\">\r\n    <main:v>97</main:v>\r\n  </main:c>\r\n  <main:c r=\"C4\" s=\"20\" t=\"s\">\r\n    <main:v>50</main:v>\r\n  </main:c>\r\n  <main:c r=\"D4\" s=\"10\" t=\"s\">\r\n    <main:v>62</main:v>\r\n  </main:c>\r\n  <main:c r=\"E4\" s=\"10\" t=\"s\">\r\n    <main:v>180</main:v>\r\n  </main:c>\r\n  <main:c r=\"F4\" s=\"10\"/>\r\n  <main:c r=\"G4\" s=\"22\"/>\r\n  <main:c r=\"H4\" s=\"10\" t=\"s\">\r\n    <main:v>35</main:v>\r\n  </main:c>\r\n  <main:c r=\"I4\" s=\"10\" t=\"s\">\r\n    <main:v>30</main:v>\r\n  </main:c>\r\n  <main:c r=\"J4\" s=\"22\" t=\"s\">\r\n    <main:v>18</main:v>\r\n  </main:c>\r\n  <main:c r=\"K4\" s=\"10\" t=\"s\">\r\n    <main:v>37</main:v>\r\n  </main:c>\r\n  <main:c r=\"L4\" s=\"10\" t=\"s\">\r\n    <main:v>34</main:v>\r\n  </main:c>\r\n</xml-fragment>"}]},{"name":"Verify username: {0} step...","status":"failed","statusDetails":{"known":false,"muted":false,"flaky":false,"message":"expected [Por favor revisar el código de validación enviado a su celular, puede que tarde unos minutos en llegarle.] but found [Usted tiene una petición generada, espere 2 minutos e intente de nuevo.]","trace":"java.lang.AssertionError: expected [Por favor revisar el código de validación enviado a su celular, puede que tarde unos minutos en llegarle.] but found [Usted tiene una petición generada, espere 2 minutos e intente de nuevo.]\r\n\tat org.testng.Assert.fail(Assert.java:93)\r\n\tat org.testng.Assert.failNotEquals(Assert.java:512)\r\n\tat org.testng.Assert.assertEqualsImpl(Assert.java:134)\r\n\tat org.testng.Assert.assertEquals(Assert.java:115)\r\n\tat org.testng.Assert.assertEquals(Assert.java:189)\r\n\tat org.testng.Assert.assertEquals(Assert.java:199)\r\n\tat died_procesos_generales.pgForgotPassPage.ForgotPassPage.verifyMessage01_aroundBody18(ForgotPassPage.java:247)\r\n\tat died_procesos_generales.pgForgotPassPage.ForgotPassPage$AjcClosure19.run(ForgotPassPage.java:1)\r\n\tat org.aspectj.runtime.reflect.JoinPointImpl.proceed(JoinPointImpl.java:149)\r\n\tat io.qameta.allure.aspects.StepsAspects.step(StepsAspects.java:46)\r\n\tat died_procesos_generales.pgForgotPassPage.ForgotPassPage.verifyMessage01(ForgotPassPage.java:247)\r\n\tat died_procesos_generales.pgForgotPassTest.ForgotPassTest.ForgotPassCaseTest02(ForgotPassTest.java:88)\r\n\tat java.base/jdk.internal.reflect.NativeMethodAccessorImpl.invoke0(Native Method)\r\n\tat java.base/jdk.internal.reflect.NativeMethodAccessorImpl.invoke(Unknown Source)\r\n\tat java.base/jdk.internal.reflect.DelegatingMethodAccessorImpl.invoke(Unknown Source)\r\n\tat java.base/java.lang.reflect.Method.invoke(Unknown Source)\r\n\tat org.testng.internal.MethodInvocationHelper.invokeMethod(MethodInvocationHelper.java:108)\r\n\tat org.testng.internal.Invoker.invokeMethod(Invoker.java:661)\r\n\tat org.testng.internal.Invoker.invokeTestMethod(Invoker.java:869)\r\n\tat org.testng.internal.Invoker.invokeTestMethods(Invoker.java:1193)\r\n\tat org.testng.internal.TestMethodWorker.invokeTestMethods(TestMethodWorker.java:126)\r\n\tat org.testng.internal.TestMethodWorker.run(TestMethodWorker.java:109)\r\n\tat org.testng.TestRunner.privateRun(TestRunner.java:744)\r\n\tat org.testng.TestRunner.run(TestRunner.java:602)\r\n\tat org.testng.SuiteRunner.runTest(SuiteRunner.java:380)\r\n\tat org.testng.SuiteRunner.runSequentially(SuiteRunner.java:375)\r\n\tat org.testng.SuiteRunner.privateRun(SuiteRunner.java:340)\r\n\tat org.testng.SuiteRunner.run(SuiteRunner.java:289)\r\n\tat org.testng.SuiteRunnerWorker.runSuite(SuiteRunnerWorker.java:52)\r\n\tat org.testng.SuiteRunnerWorker.run(SuiteRunnerWorker.java:86)\r\n\tat org.testng.TestNG.runSuitesSequentially(TestNG.java:1301)\r\n\tat org.testng.TestNG.runSuitesLocally(TestNG.java:1226)\r\n\tat org.testng.TestNG.runSuites(TestNG.java:1144)\r\n\tat org.testng.TestNG.run(TestNG.java:1115)\r\n\tat org.testng.remote.AbstractRemoteTestNG.run(AbstractRemoteTestNG.java:114)\r\n\tat org.testng.remote.RemoteTestNG.initAndRun(RemoteTestNG.java:251)\r\n\tat org.testng.remote.RemoteTestNG.main(RemoteTestNG.java:77)\r\n"},"stage":"finished","start":1550691151465,"stop":1550691151490,"parameters":[{"name":"expectedUserNameMessage","value":"Por favor revisar el código de validación enviado a su celular, puede que tarde unos minutos en llegarle."}]}],"parameters":[]}