{"uuid":"dc685ac1-06a8-4514-ab7d-a11bebeea84d","historyId":"e157a8befe3901cf0c4748e39acec074","fullName":"died_procesos_generales.pgPerfilTest.PerfilTest.PerfilCaseTest02","labels":[{"name":"package","value":"died_procesos_generales.pgPerfilTest.PerfilTest"},{"name":"testClass","value":"died_procesos_generales.pgPerfilTest.PerfilTest"},{"name":"testMethod","value":"PerfilCaseTest02"},{"name":"parentSuite","value":"Login"},{"name":"suite","value":"Test_05"},{"name":"subSuite","value":"died_procesos_generales.pgPerfilTest.PerfilTest"},{"name":"host","value":"med000008316"},{"name":"thread","value":"10056@med000008316.main(1)"},{"name":"epic","value":"Regression Tests"},{"name":"feature","value":"Perfil Tests"}],"links":[],"name":"PerfilCaseTest02","status":"skipped","statusDetails":{"known":false,"muted":false,"flaky":false,"message":"no such element: Unable to locate element: {\"method\":\"id\",\"selector\":\"usuario_sec_documento\"}\n  (Session info: chrome=72.0.3626.119)\n  (Driver info: chromedriver=2.36.540470 (e522d04694c7ebea4ba8821272dbef4f9b818c91),platform=Windows NT 6.3.9600 x86_64) (WARNING: The server did not provide any stacktrace information)\nCommand duration or timeout: 0 milliseconds\nFor documentation on this error, please visit: http://seleniumhq.org/exceptions/no_such_element.html\nBuild info: version: '3.6.0', revision: '6fbf3ec767', time: '2017-09-27T15:28:36.4Z'\nSystem info: host: 'MED000008316', ip: '11.35.123.24', os.name: 'Windows 8.1', os.arch: 'amd64', os.version: '6.3', java.version: '10.0.1'\nDriver info: org.openqa.selenium.chrome.ChromeDriver\nCapabilities [{mobileEmulationEnabled=false, hasTouchScreen=false, platform=XP, acceptSslCerts=false, acceptInsecureCerts=false, webStorageEnabled=true, browserName=chrome, takesScreenshot=true, javascriptEnabled=true, platformName=XP, setWindowRect=true, unexpectedAlertBehaviour=, applicationCacheEnabled=false, rotatable=false, networkConnectionEnabled=false, chrome={chromedriverVersion=2.36.540470 (e522d04694c7ebea4ba8821272dbef4f9b818c91), userDataDir=C:\\Users\\ASIHUI~1\\AppData\\Local\\Temp\\scoped_dir10236_16535}, takesHeapSnapshot=true, pageLoadStrategy=normal, unhandledPromptBehavior=, databaseEnabled=false, handlesAlerts=true, version=72.0.3626.119, browserConnectionEnabled=false, nativeEvents=true, locationContextEnabled=true, cssSelectorsEnabled=true}]\nSession ID: 2f9fe4a8e6d91bc7dac381083305e363\n*** Element info: {Using=id, value=usuario_sec_documento}","trace":"org.openqa.selenium.NoSuchElementException: no such element: Unable to locate element: {\"method\":\"id\",\"selector\":\"usuario_sec_documento\"}\n  (Session info: chrome=72.0.3626.119)\n  (Driver info: chromedriver=2.36.540470 (e522d04694c7ebea4ba8821272dbef4f9b818c91),platform=Windows NT 6.3.9600 x86_64) (WARNING: The server did not provide any stacktrace information)\nCommand duration or timeout: 0 milliseconds\nFor documentation on this error, please visit: http://seleniumhq.org/exceptions/no_such_element.html\nBuild info: version: '3.6.0', revision: '6fbf3ec767', time: '2017-09-27T15:28:36.4Z'\nSystem info: host: 'MED000008316', ip: '11.35.123.24', os.name: 'Windows 8.1', os.arch: 'amd64', os.version: '6.3', java.version: '10.0.1'\nDriver info: org.openqa.selenium.chrome.ChromeDriver\nCapabilities [{mobileEmulationEnabled=false, hasTouchScreen=false, platform=XP, acceptSslCerts=false, acceptInsecureCerts=false, webStorageEnabled=true, browserName=chrome, takesScreenshot=true, javascriptEnabled=true, platformName=XP, setWindowRect=true, unexpectedAlertBehaviour=, applicationCacheEnabled=false, rotatable=false, networkConnectionEnabled=false, chrome={chromedriverVersion=2.36.540470 (e522d04694c7ebea4ba8821272dbef4f9b818c91), userDataDir=C:\\Users\\ASIHUI~1\\AppData\\Local\\Temp\\scoped_dir10236_16535}, takesHeapSnapshot=true, pageLoadStrategy=normal, unhandledPromptBehavior=, databaseEnabled=false, handlesAlerts=true, version=72.0.3626.119, browserConnectionEnabled=false, nativeEvents=true, locationContextEnabled=true, cssSelectorsEnabled=true}]\nSession ID: 2f9fe4a8e6d91bc7dac381083305e363\n*** Element info: {Using=id, value=usuario_sec_documento}\r\n\tat java.base/jdk.internal.reflect.NativeConstructorAccessorImpl.newInstance0(Native Method)\r\n\tat java.base/jdk.internal.reflect.NativeConstructorAccessorImpl.newInstance(Unknown Source)\r\n\tat java.base/jdk.internal.reflect.DelegatingConstructorAccessorImpl.newInstance(Unknown Source)\r\n\tat java.base/java.lang.reflect.Constructor.newInstance(Unknown Source)\r\n\tat org.openqa.selenium.remote.ErrorHandler.createThrowable(ErrorHandler.java:214)\r\n\tat org.openqa.selenium.remote.ErrorHandler.throwIfResponseFailed(ErrorHandler.java:166)\r\n\tat org.openqa.selenium.remote.http.JsonHttpResponseCodec.reconstructValue(JsonHttpResponseCodec.java:40)\r\n\tat org.openqa.selenium.remote.http.AbstractHttpResponseCodec.decode(AbstractHttpResponseCodec.java:82)\r\n\tat org.openqa.selenium.remote.http.AbstractHttpResponseCodec.decode(AbstractHttpResponseCodec.java:45)\r\n\tat org.openqa.selenium.remote.HttpCommandExecutor.execute(HttpCommandExecutor.java:164)\r\n\tat org.openqa.selenium.remote.service.DriverCommandExecutor.execute(DriverCommandExecutor.java:83)\r\n\tat org.openqa.selenium.remote.RemoteWebDriver.execute(RemoteWebDriver.java:586)\r\n\tat org.openqa.selenium.remote.RemoteWebDriver.findElement(RemoteWebDriver.java:356)\r\n\tat org.openqa.selenium.remote.RemoteWebDriver.findElementById(RemoteWebDriver.java:402)\r\n\tat org.openqa.selenium.By$ById.findElement(By.java:218)\r\n\tat org.openqa.selenium.remote.RemoteWebDriver.findElement(RemoteWebDriver.java:348)\r\n\tat objectDriver.BasePages.writeText(BasePages.java:34)\r\n\tat died_procesos_generales.pgLoginPage.LoginPage.loginToUsually_aroundBody0(LoginPage.java:46)\r\n\tat died_procesos_generales.pgLoginPage.LoginPage$AjcClosure1.run(LoginPage.java:1)\r\n\tat org.aspectj.runtime.reflect.JoinPointImpl.proceed(JoinPointImpl.java:149)\r\n\tat io.qameta.allure.aspects.StepsAspects.step(StepsAspects.java:46)\r\n\tat died_procesos_generales.pgLoginPage.LoginPage.loginToUsually(LoginPage.java:44)\r\n\tat died_procesos_generales.pgPerfilTest.PerfilTest.PerfilCaseTest02(PerfilTest.java:98)\r\n\tat java.base/jdk.internal.reflect.NativeMethodAccessorImpl.invoke0(Native Method)\r\n\tat java.base/jdk.internal.reflect.NativeMethodAccessorImpl.invoke(Unknown Source)\r\n\tat java.base/jdk.internal.reflect.DelegatingMethodAccessorImpl.invoke(Unknown Source)\r\n\tat java.base/java.lang.reflect.Method.invoke(Unknown Source)\r\n\tat org.testng.internal.MethodInvocationHelper.invokeMethod(MethodInvocationHelper.java:108)\r\n\tat org.testng.internal.Invoker.invokeMethod(Invoker.java:661)\r\n\tat org.testng.internal.Invoker.invokeTestMethod(Invoker.java:869)\r\n\tat org.testng.internal.Invoker.invokeTestMethods(Invoker.java:1193)\r\n\tat org.testng.internal.TestMethodWorker.invokeTestMethods(TestMethodWorker.java:126)\r\n\tat org.testng.internal.TestMethodWorker.run(TestMethodWorker.java:109)\r\n\tat org.testng.TestRunner.privateRun(TestRunner.java:744)\r\n\tat org.testng.TestRunner.run(TestRunner.java:602)\r\n\tat org.testng.SuiteRunner.runTest(SuiteRunner.java:380)\r\n\tat org.testng.SuiteRunner.runSequentially(SuiteRunner.java:375)\r\n\tat org.testng.SuiteRunner.privateRun(SuiteRunner.java:340)\r\n\tat org.testng.SuiteRunner.run(SuiteRunner.java:289)\r\n\tat org.testng.SuiteRunnerWorker.runSuite(SuiteRunnerWorker.java:52)\r\n\tat org.testng.SuiteRunnerWorker.run(SuiteRunnerWorker.java:86)\r\n\tat org.testng.TestNG.runSuitesSequentially(TestNG.java:1301)\r\n\tat org.testng.TestNG.runSuitesLocally(TestNG.java:1226)\r\n\tat org.testng.TestNG.runSuites(TestNG.java:1144)\r\n\tat org.testng.TestNG.run(TestNG.java:1115)\r\n\tat org.testng.remote.AbstractRemoteTestNG.run(AbstractRemoteTestNG.java:114)\r\n\tat org.testng.remote.RemoteTestNG.initAndRun(RemoteTestNG.java:251)\r\n\tat org.testng.remote.RemoteTestNG.main(RemoteTestNG.java:77)\r\n"},"stage":"finished","start":1551130550583,"stop":1551130554315,"steps":[{"name":"Open N12 Step...","status":"passed","stage":"finished","start":1551130550583,"stop":1551130553013},{"name":"Login Step with username: {0}, password: {1}, for method: {method} step...","status":"broken","statusDetails":{"known":false,"muted":false,"flaky":false,"message":"no such element: Unable to locate element: {\"method\":\"id\",\"selector\":\"usuario_sec_documento\"}\n  (Session info: chrome=72.0.3626.119)\n  (Driver info: chromedriver=2.36.540470 (e522d04694c7ebea4ba8821272dbef4f9b818c91),platform=Windows NT 6.3.9600 x86_64) (WARNING: The server did not provide any stacktrace information)\nCommand duration or timeout: 0 milliseconds\nFor documentation on this error, please visit: http://seleniumhq.org/exceptions/no_such_element.html\nBuild info: version: '3.6.0', revision: '6fbf3ec767', time: '2017-09-27T15:28:36.4Z'\nSystem info: host: 'MED000008316', ip: '11.35.123.24', os.name: 'Windows 8.1', os.arch: 'amd64', os.version: '6.3', java.version: '10.0.1'\nDriver info: org.openqa.selenium.chrome.ChromeDriver\nCapabilities [{mobileEmulationEnabled=false, hasTouchScreen=false, platform=XP, acceptSslCerts=false, acceptInsecureCerts=false, webStorageEnabled=true, browserName=chrome, takesScreenshot=true, javascriptEnabled=true, platformName=XP, setWindowRect=true, unexpectedAlertBehaviour=, applicationCacheEnabled=false, rotatable=false, networkConnectionEnabled=false, chrome={chromedriverVersion=2.36.540470 (e522d04694c7ebea4ba8821272dbef4f9b818c91), userDataDir=C:\\Users\\ASIHUI~1\\AppData\\Local\\Temp\\scoped_dir10236_16535}, takesHeapSnapshot=true, pageLoadStrategy=normal, unhandledPromptBehavior=, databaseEnabled=false, handlesAlerts=true, version=72.0.3626.119, browserConnectionEnabled=false, nativeEvents=true, locationContextEnabled=true, cssSelectorsEnabled=true}]\nSession ID: 2f9fe4a8e6d91bc7dac381083305e363\n*** Element info: {Using=id, value=usuario_sec_documento}","trace":"org.openqa.selenium.NoSuchElementException: no such element: Unable to locate element: {\"method\":\"id\",\"selector\":\"usuario_sec_documento\"}\n  (Session info: chrome=72.0.3626.119)\n  (Driver info: chromedriver=2.36.540470 (e522d04694c7ebea4ba8821272dbef4f9b818c91),platform=Windows NT 6.3.9600 x86_64) (WARNING: The server did not provide any stacktrace information)\nCommand duration or timeout: 0 milliseconds\nFor documentation on this error, please visit: http://seleniumhq.org/exceptions/no_such_element.html\nBuild info: version: '3.6.0', revision: '6fbf3ec767', time: '2017-09-27T15:28:36.4Z'\nSystem info: host: 'MED000008316', ip: '11.35.123.24', os.name: 'Windows 8.1', os.arch: 'amd64', os.version: '6.3', java.version: '10.0.1'\nDriver info: org.openqa.selenium.chrome.ChromeDriver\nCapabilities [{mobileEmulationEnabled=false, hasTouchScreen=false, platform=XP, acceptSslCerts=false, acceptInsecureCerts=false, webStorageEnabled=true, browserName=chrome, takesScreenshot=true, javascriptEnabled=true, platformName=XP, setWindowRect=true, unexpectedAlertBehaviour=, applicationCacheEnabled=false, rotatable=false, networkConnectionEnabled=false, chrome={chromedriverVersion=2.36.540470 (e522d04694c7ebea4ba8821272dbef4f9b818c91), userDataDir=C:\\Users\\ASIHUI~1\\AppData\\Local\\Temp\\scoped_dir10236_16535}, takesHeapSnapshot=true, pageLoadStrategy=normal, unhandledPromptBehavior=, databaseEnabled=false, handlesAlerts=true, version=72.0.3626.119, browserConnectionEnabled=false, nativeEvents=true, locationContextEnabled=true, cssSelectorsEnabled=true}]\nSession ID: 2f9fe4a8e6d91bc7dac381083305e363\n*** Element info: {Using=id, value=usuario_sec_documento}\r\n\tat java.base/jdk.internal.reflect.NativeConstructorAccessorImpl.newInstance0(Native Method)\r\n\tat java.base/jdk.internal.reflect.NativeConstructorAccessorImpl.newInstance(Unknown Source)\r\n\tat java.base/jdk.internal.reflect.DelegatingConstructorAccessorImpl.newInstance(Unknown Source)\r\n\tat java.base/java.lang.reflect.Constructor.newInstance(Unknown Source)\r\n\tat org.openqa.selenium.remote.ErrorHandler.createThrowable(ErrorHandler.java:214)\r\n\tat org.openqa.selenium.remote.ErrorHandler.throwIfResponseFailed(ErrorHandler.java:166)\r\n\tat org.openqa.selenium.remote.http.JsonHttpResponseCodec.reconstructValue(JsonHttpResponseCodec.java:40)\r\n\tat org.openqa.selenium.remote.http.AbstractHttpResponseCodec.decode(AbstractHttpResponseCodec.java:82)\r\n\tat org.openqa.selenium.remote.http.AbstractHttpResponseCodec.decode(AbstractHttpResponseCodec.java:45)\r\n\tat org.openqa.selenium.remote.HttpCommandExecutor.execute(HttpCommandExecutor.java:164)\r\n\tat org.openqa.selenium.remote.service.DriverCommandExecutor.execute(DriverCommandExecutor.java:83)\r\n\tat org.openqa.selenium.remote.RemoteWebDriver.execute(RemoteWebDriver.java:586)\r\n\tat org.openqa.selenium.remote.RemoteWebDriver.findElement(RemoteWebDriver.java:356)\r\n\tat org.openqa.selenium.remote.RemoteWebDriver.findElementById(RemoteWebDriver.java:402)\r\n\tat org.openqa.selenium.By$ById.findElement(By.java:218)\r\n\tat org.openqa.selenium.remote.RemoteWebDriver.findElement(RemoteWebDriver.java:348)\r\n\tat objectDriver.BasePages.writeText(BasePages.java:34)\r\n\tat died_procesos_generales.pgLoginPage.LoginPage.loginToUsually_aroundBody0(LoginPage.java:46)\r\n\tat died_procesos_generales.pgLoginPage.LoginPage$AjcClosure1.run(LoginPage.java:1)\r\n\tat org.aspectj.runtime.reflect.JoinPointImpl.proceed(JoinPointImpl.java:149)\r\n\tat io.qameta.allure.aspects.StepsAspects.step(StepsAspects.java:46)\r\n\tat died_procesos_generales.pgLoginPage.LoginPage.loginToUsually(LoginPage.java:44)\r\n\tat died_procesos_generales.pgPerfilTest.PerfilTest.PerfilCaseTest02(PerfilTest.java:98)\r\n\tat java.base/jdk.internal.reflect.NativeMethodAccessorImpl.invoke0(Native Method)\r\n\tat java.base/jdk.internal.reflect.NativeMethodAccessorImpl.invoke(Unknown Source)\r\n\tat java.base/jdk.internal.reflect.DelegatingMethodAccessorImpl.invoke(Unknown Source)\r\n\tat java.base/java.lang.reflect.Method.invoke(Unknown Source)\r\n\tat org.testng.internal.MethodInvocationHelper.invokeMethod(MethodInvocationHelper.java:108)\r\n\tat org.testng.internal.Invoker.invokeMethod(Invoker.java:661)\r\n\tat org.testng.internal.Invoker.invokeTestMethod(Invoker.java:869)\r\n\tat org.testng.internal.Invoker.invokeTestMethods(Invoker.java:1193)\r\n\tat org.testng.internal.TestMethodWorker.invokeTestMethods(TestMethodWorker.java:126)\r\n\tat org.testng.internal.TestMethodWorker.run(TestMethodWorker.java:109)\r\n\tat org.testng.TestRunner.privateRun(TestRunner.java:744)\r\n\tat org.testng.TestRunner.run(TestRunner.java:602)\r\n\tat org.testng.SuiteRunner.runTest(SuiteRunner.java:380)\r\n\tat org.testng.SuiteRunner.runSequentially(SuiteRunner.java:375)\r\n\tat org.testng.SuiteRunner.privateRun(SuiteRunner.java:340)\r\n\tat org.testng.SuiteRunner.run(SuiteRunner.java:289)\r\n\tat org.testng.SuiteRunnerWorker.runSuite(SuiteRunnerWorker.java:52)\r\n\tat org.testng.SuiteRunnerWorker.run(SuiteRunnerWorker.java:86)\r\n\tat org.testng.TestNG.runSuitesSequentially(TestNG.java:1301)\r\n\tat org.testng.TestNG.runSuitesLocally(TestNG.java:1226)\r\n\tat org.testng.TestNG.runSuites(TestNG.java:1144)\r\n\tat org.testng.TestNG.run(TestNG.java:1115)\r\n\tat org.testng.remote.AbstractRemoteTestNG.run(AbstractRemoteTestNG.java:114)\r\n\tat org.testng.remote.RemoteTestNG.initAndRun(RemoteTestNG.java:251)\r\n\tat org.testng.remote.RemoteTestNG.main(RemoteTestNG.java:77)\r\n"},"stage":"finished","start":1551130553518,"stop":1551130553549,"parameters":[{"name":"row","value":"<xml-fragment customHeight=\"1\" ht=\"17.25\" r=\"3\" spans=\"1:54\" x14ac:dyDescent=\"0.25\" xmlns:mc=\"http://schemas.openxmlformats.org/markup-compatibility/2006\" xmlns:r=\"http://schemas.openxmlformats.org/officeDocument/2006/relationships\" xmlns:x14ac=\"http://schemas.microsoft.com/office/spreadsheetml/2009/9/ac\" xmlns:main=\"http://schemas.openxmlformats.org/spreadsheetml/2006/main\">\r\n  <main:c r=\"A3\" s=\"33\">\r\n    <main:v>2</main:v>\r\n  </main:c>\r\n  <main:c r=\"B3\" s=\"37\" t=\"s\">\r\n    <main:v>186</main:v>\r\n  </main:c>\r\n  <main:c r=\"C3\" s=\"9\" t=\"s\">\r\n    <main:v>189</main:v>\r\n  </main:c>\r\n  <main:c r=\"D3\" s=\"8\" t=\"s\">\r\n    <main:v>69</main:v>\r\n  </main:c>\r\n  <main:c r=\"E3\" s=\"51\" t=\"s\">\r\n    <main:v>7</main:v>\r\n  </main:c>\r\n  <main:c r=\"F3\" s=\"40\" t=\"s\">\r\n    <main:v>234</main:v>\r\n  </main:c>\r\n  <main:c r=\"G3\" s=\"11\"/>\r\n  <main:c r=\"H3\" s=\"11\"/>\r\n  <main:c r=\"I3\" s=\"40\" t=\"s\">\r\n    <main:v>235</main:v>\r\n  </main:c>\r\n  <main:c r=\"J3\" s=\"2\" t=\"s\">\r\n    <main:v>236</main:v>\r\n  </main:c>\r\n  <main:c r=\"K3\" s=\"2\" t=\"s\">\r\n    <main:v>237</main:v>\r\n  </main:c>\r\n  <main:c r=\"L3\" s=\"2\"/>\r\n  <main:c r=\"M3\" s=\"40\" t=\"s\">\r\n    <main:v>238</main:v>\r\n  </main:c>\r\n  <main:c r=\"O3\" s=\"2\"/>\r\n  <main:c r=\"P3\" s=\"2\"/>\r\n  <main:c r=\"Q3\" s=\"40\" t=\"s\">\r\n    <main:v>239</main:v>\r\n  </main:c>\r\n  <main:c r=\"R3\" s=\"2\"/>\r\n  <main:c r=\"S3\" s=\"2\"/>\r\n  <main:c r=\"T3\" s=\"40\" t=\"s\">\r\n    <main:v>240</main:v>\r\n  </main:c>\r\n  <main:c r=\"U3\" s=\"2\"/>\r\n  <main:c r=\"V3\" s=\"2\"/>\r\n  <main:c r=\"W3\" s=\"40\" t=\"s\">\r\n    <main:v>241</main:v>\r\n  </main:c>\r\n  <main:c r=\"X3\" s=\"11\" t=\"s\">\r\n    <main:v>249</main:v>\r\n  </main:c>\r\n  <main:c r=\"Y3\" s=\"11\" t=\"s\">\r\n    <main:v>237</main:v>\r\n  </main:c>\r\n  <main:c r=\"Z3\" s=\"40\" t=\"s\">\r\n    <main:v>242</main:v>\r\n  </main:c>\r\n  <main:c r=\"AA3\" s=\"2\"/>\r\n  <main:c r=\"AB3\" s=\"2\"/>\r\n  <main:c r=\"AC3\" s=\"40\" t=\"s\">\r\n    <main:v>243</main:v>\r\n  </main:c>\r\n  <main:c r=\"AD3\" s=\"11\" t=\"s\">\r\n    <main:v>250</main:v>\r\n  </main:c>\r\n  <main:c r=\"AE3\" s=\"11\" t=\"s\">\r\n    <main:v>237</main:v>\r\n  </main:c>\r\n  <main:c r=\"AF3\" s=\"42\" t=\"s\">\r\n    <main:v>244</main:v>\r\n  </main:c>\r\n  <main:c r=\"AG3\" s=\"11\" t=\"s\">\r\n    <main:v>251</main:v>\r\n  </main:c>\r\n  <main:c r=\"AH3\" s=\"11\" t=\"s\">\r\n    <main:v>237</main:v>\r\n  </main:c>\r\n  <main:c r=\"AI3\" s=\"40\" t=\"s\">\r\n    <main:v>246</main:v>\r\n  </main:c>\r\n  <main:c r=\"AJ3\" s=\"11\" t=\"s\">\r\n    <main:v>252</main:v>\r\n  </main:c>\r\n  <main:c r=\"AK3\" s=\"11\" t=\"s\">\r\n    <main:v>237</main:v>\r\n  </main:c>\r\n  <main:c r=\"AL3\" s=\"40\" t=\"s\">\r\n    <main:v>247</main:v>\r\n  </main:c>\r\n  <main:c r=\"AM3\" s=\"2\"/>\r\n  <main:c r=\"AN3\" s=\"2\"/>\r\n  <main:c r=\"AO3\" s=\"40\" t=\"s\">\r\n    <main:v>248</main:v>\r\n  </main:c>\r\n  <main:c r=\"AP3\" s=\"2\"/>\r\n  <main:c r=\"AQ3\" s=\"2\"/>\r\n  <main:c r=\"AR3\" s=\"47\"/>\r\n  <main:c r=\"AS3\" s=\"45\"/>\r\n  <main:c r=\"AT3\" s=\"1\"/>\r\n  <main:c r=\"AU3\" s=\"1\"/>\r\n  <main:c r=\"AV3\" s=\"2\"/>\r\n  <main:c r=\"AW3\" s=\"1\"/>\r\n  <main:c r=\"AX3\" s=\"1\"/>\r\n  <main:c r=\"AY3\" s=\"1\"/>\r\n  <main:c r=\"AZ3\" s=\"1\"/>\r\n  <main:c r=\"BA3\" s=\"1\"/>\r\n  <main:c r=\"BB3\" s=\"1\"/>\r\n</xml-fragment>"}]}],"parameters":[]}